[0.153s] Invoking command in '/home/zhangwencheng/Documents/autonomous_driving/projects/carla-ros-bridge/build/pcl_recorder': AMENT_PREFIX_PATH=/home/zhangwencheng/Documents/autonomous_driving/projects/carla-ros-bridge/install/carla_ros_bridge:/home/zhangwencheng/Documents/autonomous_driving/projects/carla-ros-bridge/install/carla_spawn_objects:/home/zhangwencheng/Documents/autonomous_driving/projects/carla-ros-bridge/install/carla_manual_control:/home/zhangwencheng/Documents/autonomous_driving/projects/carla-ros-bridge/install/ros_compatibility:/home/zhangwencheng/Documents/autonomous_driving/projects/carla-ros-bridge/install/carla_msgs:/home/zhangwencheng/Documents/autonomous_driving/projects/carla-ros-bridge/install/carla_common:${AMENT_PREFIX_PATH} CMAKE_PREFIX_PATH=/home/zhangwencheng/Documents/autonomous_driving/projects/carla-ros-bridge/install/carla_msgs:/opt/ros/foxy CONDA_PROMPT_MODIFIER=(base) LD_LIBRARY_PATH=/home/zhangwencheng/Documents/autonomous_driving/projects/carla-ros-bridge/install/carla_msgs/lib:${LD_LIBRARY_PATH} PYTHONPATH=/home/zhangwencheng/Documents/autonomous_driving/projects/carla-ros-bridge/install/carla_ros_bridge/lib/python3.8/site-packages:/home/zhangwencheng/Documents/autonomous_driving/projects/carla-ros-bridge/install/carla_spawn_objects/lib/python3.8/site-packages:/home/zhangwencheng/Documents/autonomous_driving/projects/carla-ros-bridge/install/carla_manual_control/lib/python3.8/site-packages:/home/zhangwencheng/Documents/autonomous_driving/projects/carla-ros-bridge/install/ros_compatibility/lib/python3.8/site-packages:/home/zhangwencheng/Documents/autonomous_driving/projects/carla-ros-bridge/install/carla_msgs/lib/python3.8/site-packages:/home/zhangwencheng/Documents/autonomous_driving/projects/carla-ros-bridge/install/carla_common/lib/python3.8/site-packages:${PYTHONPATH} /usr/bin/cmake /home/zhangwencheng/Documents/autonomous_driving/projects/carla-ros-bridge/src/ros-bridge/pcl_recorder -DCMAKE_INSTALL_PREFIX=/home/zhangwencheng/Documents/autonomous_driving/projects/carla-ros-bridge/install/pcl_recorder
[1.006s] -- The C compiler identification is GNU 9.4.0
[1.006s] -- The CXX compiler identification is GNU 9.4.0
[1.006s] -- Check for working C compiler: /usr/bin/cc
[1.006s] -- Check for working C compiler: /usr/bin/cc -- works
[1.006s] -- Detecting C compiler ABI info
[1.006s] -- Detecting C compiler ABI info - done
[1.006s] -- Detecting C compile features
[1.006s] -- Detecting C compile features - done
[1.007s] -- Check for working CXX compiler: /usr/bin/c++
[1.092s] -- Check for working CXX compiler: /usr/bin/c++ -- works
[1.093s] -- Detecting CXX compiler ABI info
[1.324s] -- Detecting CXX compiler ABI info - done
[1.357s] -- Detecting CXX compile features
[1.358s] -- Detecting CXX compile features - done
[1.360s] -- Found ros_environment: 2.5.1 (/opt/ros/foxy/share/ros_environment/cmake)
[1.363s] -- Found ament_cmake: 0.9.12 (/opt/ros/foxy/share/ament_cmake/cmake)
[1.402s] -- Found PythonInterp: /home/zhangwencheng/miniconda3/bin/python3 (found suitable version "3.8.17", minimum required is "3") 
[1.402s] -- Using PYTHON_EXECUTABLE: /home/zhangwencheng/miniconda3/bin/python3
[1.735s] -- Found rclcpp: 2.4.3 (/opt/ros/foxy/share/rclcpp/cmake)
[1.930s] -- Using all available rosidl_typesupport_c: rosidl_typesupport_fastrtps_c;rosidl_typesupport_introspection_c
[1.973s] -- Found rosidl_adapter: 1.3.1 (/opt/ros/foxy/share/rosidl_adapter/cmake)
[2.564s] -- Found OpenSSL: /usr/lib/x86_64-linux-gnu/libcrypto.so (found version "1.1.1f")  
[2.715s] -- Found FastRTPS: /opt/ros/foxy/include  
[3.085s] -- Using all available rosidl_typesupport_cpp: rosidl_typesupport_fastrtps_cpp;rosidl_typesupport_introspection_cpp
[3.566s] -- Found rmw_implementation_cmake: 1.0.4 (/opt/ros/foxy/share/rmw_implementation_cmake/cmake)
[3.576s] -- Using RMW implementation 'rmw_fastrtps_cpp' as default
[3.577s] -- Looking for pthread.h
[4.026s] -- Looking for pthread.h - found
[4.026s] -- Performing Test CMAKE_HAVE_LIBC_PTHREAD
[4.468s] -- Performing Test CMAKE_HAVE_LIBC_PTHREAD - Failed
[4.469s] -- Looking for pthread_create in pthreads
[4.812s] -- Looking for pthread_create in pthreads - not found
[4.812s] -- Looking for pthread_create in pthread
[5.234s] -- Looking for pthread_create in pthread - found
[5.236s] -- Found Threads: TRUE  
[5.845s] -- Found rclcpp_components: 2.4.3 (/opt/ros/foxy/share/rclcpp_components/cmake)
[5.973s] -- Found sensor_msgs: 2.0.5 (/opt/ros/foxy/share/sensor_msgs/cmake)
[6.206s] -- Found tf2: 0.13.14 (/opt/ros/foxy/share/tf2/cmake)
[6.242s] -- Found tf2_eigen: 0.13.14 (/opt/ros/foxy/share/tf2_eigen/cmake)
[7.394s] -- Found tf2_geometry_msgs: 0.13.14 (/opt/ros/foxy/share/tf2_geometry_msgs/cmake)
[7.434s] -- Found Eigen3: TRUE (found version "3.3.7") 
[7.524s] -- Found pcl_conversions: 2.2.1 (/opt/ros/foxy/share/pcl_conversions/cmake)
[8.051s] -- Found Boost: /usr/lib/x86_64-linux-gnu/cmake/Boost-1.71.0/BoostConfig.cmake (found version "1.71.0") found components: system 
[8.098s] -- Checking for module 'eigen3'
[8.216s] --   Found eigen3, version 3.3.7
[8.444s] -- Found Eigen: /usr/include/eigen3 (Required is at least version "3.1") 
[8.445s] -- Eigen found (include: /usr/include/eigen3, version: 3.3.7)
[8.498s] -- Found Boost: /usr/include (found suitable version "1.71.0", minimum required is "1.55.0") found components: system filesystem date_time iostreams regex 
[8.517s] -- Checking for module 'libusb-1.0'
[8.623s] --   Found libusb-1.0, version 1.0.23
[8.903s] -- Found USB_10: /usr/lib/x86_64-linux-gnu/libusb-1.0.so  
[9.043s] -- Found OpenNI: /usr/lib/libOpenNI.so  
[9.043s] -- OpenNI found (include: /usr/include/ni, lib: /usr/lib/libOpenNI.so)
[9.403s] -- Found OpenNI2: /usr/lib/libOpenNI2.so  
[9.403s] -- OpenNI2 found (include: /usr/include/openni2, lib: /usr/lib/libOpenNI2.so)
[9.404s] ** WARNING ** io features related to pcap will be disabled
[9.404s] ** WARNING ** io features related to png will be disabled
[9.498s] -- The imported target "vtkParseOGLExt" references the file
[9.499s]    "/usr/bin/vtkParseOGLExt-7.1"
[9.499s] but this file does not exist.  Possible reasons include:
[9.499s] * The file was deleted, renamed, or moved to another location.
[9.499s] * An install or uninstall procedure did not complete successfully.
[9.499s] * The installation package was faulty and contained
[9.499s]    "/usr/lib/cmake/vtk-7.1/VTKTargets.cmake"
[9.499s] but not all the files it references.
[9.499s] 
[9.500s] -- The imported target "vtkRenderingPythonTkWidgets" references the file
[9.500s]    "/usr/lib/x86_64-linux-gnu/libvtkRenderingPythonTkWidgets.so"
[9.500s] but this file does not exist.  Possible reasons include:
[9.500s] * The file was deleted, renamed, or moved to another location.
[9.500s] * An install or uninstall procedure did not complete successfully.
[9.500s] * The installation package was faulty and contained
[9.500s]    "/usr/lib/cmake/vtk-7.1/VTKTargets.cmake"
[9.501s] but not all the files it references.
[9.501s] 
[9.501s] -- The imported target "vtk" references the file
[9.501s]    "/usr/bin/vtk"
[9.501s] but this file does not exist.  Possible reasons include:
[9.501s] * The file was deleted, renamed, or moved to another location.
[9.501s] * An install or uninstall procedure did not complete successfully.
[9.502s] * The installation package was faulty and contained
[9.502s]    "/usr/lib/cmake/vtk-7.1/VTKTargets.cmake"
[9.502s] but not all the files it references.
[9.502s] 
[9.502s] -- The imported target "pvtk" references the file
[9.502s]    "/usr/bin/pvtk"
[9.502s] but this file does not exist.  Possible reasons include:
[9.502s] * The file was deleted, renamed, or moved to another location.
[9.502s] * An install or uninstall procedure did not complete successfully.
[9.502s] * The installation package was faulty and contained
[9.502s]    "/usr/lib/cmake/vtk-7.1/VTKTargets.cmake"
[9.502s] but not all the files it references.
[9.503s] 
[9.552s] -- Found libusb-1.0: /usr/include  
[9.552s] ** WARNING ** io features related to libusb-1.0 will be disabled
[9.552s] -- looking for PCL_COMMON
[9.554s] -- Found PCL_COMMON: /usr/lib/x86_64-linux-gnu/libpcl_common.so  
[9.554s] -- looking for PCL_OCTREE
[9.560s] -- Found PCL_OCTREE: /usr/lib/x86_64-linux-gnu/libpcl_octree.so  
[9.561s] -- looking for PCL_IO
[9.570s] -- Found PCL_IO: /usr/lib/x86_64-linux-gnu/libpcl_io.so  
[9.571s] -- Found PCL: pcl_common;pcl_octree;pcl_io;/usr/lib/x86_64-linux-gnu/libboost_system.so.1.71.0;/usr/lib/x86_64-linux-gnu/libboost_filesystem.so;/usr/lib/x86_64-linux-gnu/libboost_date_time.so;/usr/lib/x86_64-linux-gnu/libboost_iostreams.so;/usr/lib/x86_64-linux-gnu/libboost_regex.so;/usr/lib/libOpenNI.so;/usr/lib/libOpenNI2.so;vtkChartsCore;vtkCommonColor;vtkCommonCore;vtksys;vtkCommonDataModel;vtkCommonMath;vtkCommonMisc;vtkCommonSystem;vtkCommonTransforms;vtkCommonExecutionModel;vtkFiltersGeneral;vtkCommonComputationalGeometry;vtkFiltersCore;vtkInfovisCore;vtkFiltersExtraction;vtkFiltersStatistics;vtkImagingFourier;vtkImagingCore;vtkalglib;vtkRenderingContext2D;vtkRenderingCore;vtkFiltersGeometry;vtkFiltersSources;vtkRenderingFreeType;/usr/lib/x86_64-linux-gnu/libfreetype.so;/usr/lib/x86_64-linux-gnu/libz.so;vtkFiltersModeling;vtkImagingSources;vtkInteractionStyle;vtkInteractionWidgets;vtkFiltersHybrid;vtkImagingColor;vtkImagingGeneral;vtkImagingHybrid;vtkIOImage;vtkDICOMParser;vtkmetaio;/usr/lib/x86_64-linux-gnu/libjpeg.so;/usr/lib/x86_64-linux-gnu/libpng.so;/usr/lib/x86_64-linux-gnu/libtiff.so;vtkRenderingAnnotation;vtkRenderingVolume;vtkIOXML;vtkIOCore;vtkIOXMLParser;/usr/lib/x86_64-linux-gnu/libexpat.so;vtkIOGeometry;vtkIOLegacy;vtkIOPLY;vtkRenderingLOD;vtkViewsContext2D;vtkViewsCore;vtkRenderingContextOpenGL2;vtkRenderingOpenGL2  
[9.991s] -- Configuring done
[10.127s] -- Generating done
[10.143s] -- Build files have been written to: /home/zhangwencheng/Documents/autonomous_driving/projects/carla-ros-bridge/build/pcl_recorder
[10.195s] Invoked command in '/home/zhangwencheng/Documents/autonomous_driving/projects/carla-ros-bridge/build/pcl_recorder' returned '0': AMENT_PREFIX_PATH=/home/zhangwencheng/Documents/autonomous_driving/projects/carla-ros-bridge/install/carla_ros_bridge:/home/zhangwencheng/Documents/autonomous_driving/projects/carla-ros-bridge/install/carla_spawn_objects:/home/zhangwencheng/Documents/autonomous_driving/projects/carla-ros-bridge/install/carla_manual_control:/home/zhangwencheng/Documents/autonomous_driving/projects/carla-ros-bridge/install/ros_compatibility:/home/zhangwencheng/Documents/autonomous_driving/projects/carla-ros-bridge/install/carla_msgs:/home/zhangwencheng/Documents/autonomous_driving/projects/carla-ros-bridge/install/carla_common:${AMENT_PREFIX_PATH} CMAKE_PREFIX_PATH=/home/zhangwencheng/Documents/autonomous_driving/projects/carla-ros-bridge/install/carla_msgs:/opt/ros/foxy CONDA_PROMPT_MODIFIER=(base) LD_LIBRARY_PATH=/home/zhangwencheng/Documents/autonomous_driving/projects/carla-ros-bridge/install/carla_msgs/lib:${LD_LIBRARY_PATH} PYTHONPATH=/home/zhangwencheng/Documents/autonomous_driving/projects/carla-ros-bridge/install/carla_ros_bridge/lib/python3.8/site-packages:/home/zhangwencheng/Documents/autonomous_driving/projects/carla-ros-bridge/install/carla_spawn_objects/lib/python3.8/site-packages:/home/zhangwencheng/Documents/autonomous_driving/projects/carla-ros-bridge/install/carla_manual_control/lib/python3.8/site-packages:/home/zhangwencheng/Documents/autonomous_driving/projects/carla-ros-bridge/install/ros_compatibility/lib/python3.8/site-packages:/home/zhangwencheng/Documents/autonomous_driving/projects/carla-ros-bridge/install/carla_msgs/lib/python3.8/site-packages:/home/zhangwencheng/Documents/autonomous_driving/projects/carla-ros-bridge/install/carla_common/lib/python3.8/site-packages:${PYTHONPATH} /usr/bin/cmake /home/zhangwencheng/Documents/autonomous_driving/projects/carla-ros-bridge/src/ros-bridge/pcl_recorder -DCMAKE_INSTALL_PREFIX=/home/zhangwencheng/Documents/autonomous_driving/projects/carla-ros-bridge/install/pcl_recorder
[10.196s] Invoking command in '/home/zhangwencheng/Documents/autonomous_driving/projects/carla-ros-bridge/build/pcl_recorder': AMENT_PREFIX_PATH=/home/zhangwencheng/Documents/autonomous_driving/projects/carla-ros-bridge/install/carla_ros_bridge:/home/zhangwencheng/Documents/autonomous_driving/projects/carla-ros-bridge/install/carla_spawn_objects:/home/zhangwencheng/Documents/autonomous_driving/projects/carla-ros-bridge/install/carla_manual_control:/home/zhangwencheng/Documents/autonomous_driving/projects/carla-ros-bridge/install/ros_compatibility:/home/zhangwencheng/Documents/autonomous_driving/projects/carla-ros-bridge/install/carla_msgs:/home/zhangwencheng/Documents/autonomous_driving/projects/carla-ros-bridge/install/carla_common:${AMENT_PREFIX_PATH} CMAKE_PREFIX_PATH=/home/zhangwencheng/Documents/autonomous_driving/projects/carla-ros-bridge/install/carla_msgs:/opt/ros/foxy CONDA_PROMPT_MODIFIER=(base) LD_LIBRARY_PATH=/home/zhangwencheng/Documents/autonomous_driving/projects/carla-ros-bridge/install/carla_msgs/lib:${LD_LIBRARY_PATH} PYTHONPATH=/home/zhangwencheng/Documents/autonomous_driving/projects/carla-ros-bridge/install/carla_ros_bridge/lib/python3.8/site-packages:/home/zhangwencheng/Documents/autonomous_driving/projects/carla-ros-bridge/install/carla_spawn_objects/lib/python3.8/site-packages:/home/zhangwencheng/Documents/autonomous_driving/projects/carla-ros-bridge/install/carla_manual_control/lib/python3.8/site-packages:/home/zhangwencheng/Documents/autonomous_driving/projects/carla-ros-bridge/install/ros_compatibility/lib/python3.8/site-packages:/home/zhangwencheng/Documents/autonomous_driving/projects/carla-ros-bridge/install/carla_msgs/lib/python3.8/site-packages:/home/zhangwencheng/Documents/autonomous_driving/projects/carla-ros-bridge/install/carla_common/lib/python3.8/site-packages:${PYTHONPATH} /usr/bin/cmake --build /home/zhangwencheng/Documents/autonomous_driving/projects/carla-ros-bridge/build/pcl_recorder -- -j12 -l12
[16.359s] [35m[1mScanning dependencies of target pcl_recorder_node[0m
[16.360s] [ 33%] [32mBuilding CXX object CMakeFiles/pcl_recorder_node.dir/src/mainROS2.cpp.o[0m
[16.360s] [ 66%] [32mBuilding CXX object CMakeFiles/pcl_recorder_node.dir/src/PclRecorderROS2.cpp.o[0m
[33.010s] [100%] [32m[1mLinking CXX executable pcl_recorder_node[0m
[33.632s] [100%] Built target pcl_recorder_node
[33.644s] Invoked command in '/home/zhangwencheng/Documents/autonomous_driving/projects/carla-ros-bridge/build/pcl_recorder' returned '0': AMENT_PREFIX_PATH=/home/zhangwencheng/Documents/autonomous_driving/projects/carla-ros-bridge/install/carla_ros_bridge:/home/zhangwencheng/Documents/autonomous_driving/projects/carla-ros-bridge/install/carla_spawn_objects:/home/zhangwencheng/Documents/autonomous_driving/projects/carla-ros-bridge/install/carla_manual_control:/home/zhangwencheng/Documents/autonomous_driving/projects/carla-ros-bridge/install/ros_compatibility:/home/zhangwencheng/Documents/autonomous_driving/projects/carla-ros-bridge/install/carla_msgs:/home/zhangwencheng/Documents/autonomous_driving/projects/carla-ros-bridge/install/carla_common:${AMENT_PREFIX_PATH} CMAKE_PREFIX_PATH=/home/zhangwencheng/Documents/autonomous_driving/projects/carla-ros-bridge/install/carla_msgs:/opt/ros/foxy CONDA_PROMPT_MODIFIER=(base) LD_LIBRARY_PATH=/home/zhangwencheng/Documents/autonomous_driving/projects/carla-ros-bridge/install/carla_msgs/lib:${LD_LIBRARY_PATH} PYTHONPATH=/home/zhangwencheng/Documents/autonomous_driving/projects/carla-ros-bridge/install/carla_ros_bridge/lib/python3.8/site-packages:/home/zhangwencheng/Documents/autonomous_driving/projects/carla-ros-bridge/install/carla_spawn_objects/lib/python3.8/site-packages:/home/zhangwencheng/Documents/autonomous_driving/projects/carla-ros-bridge/install/carla_manual_control/lib/python3.8/site-packages:/home/zhangwencheng/Documents/autonomous_driving/projects/carla-ros-bridge/install/ros_compatibility/lib/python3.8/site-packages:/home/zhangwencheng/Documents/autonomous_driving/projects/carla-ros-bridge/install/carla_msgs/lib/python3.8/site-packages:/home/zhangwencheng/Documents/autonomous_driving/projects/carla-ros-bridge/install/carla_common/lib/python3.8/site-packages:${PYTHONPATH} /usr/bin/cmake --build /home/zhangwencheng/Documents/autonomous_driving/projects/carla-ros-bridge/build/pcl_recorder -- -j12 -l12
[33.667s] Invoking command in '/home/zhangwencheng/Documents/autonomous_driving/projects/carla-ros-bridge/build/pcl_recorder': AMENT_PREFIX_PATH=/home/zhangwencheng/Documents/autonomous_driving/projects/carla-ros-bridge/install/carla_ros_bridge:/home/zhangwencheng/Documents/autonomous_driving/projects/carla-ros-bridge/install/carla_spawn_objects:/home/zhangwencheng/Documents/autonomous_driving/projects/carla-ros-bridge/install/carla_manual_control:/home/zhangwencheng/Documents/autonomous_driving/projects/carla-ros-bridge/install/ros_compatibility:/home/zhangwencheng/Documents/autonomous_driving/projects/carla-ros-bridge/install/carla_msgs:/home/zhangwencheng/Documents/autonomous_driving/projects/carla-ros-bridge/install/carla_common:${AMENT_PREFIX_PATH} CMAKE_PREFIX_PATH=/home/zhangwencheng/Documents/autonomous_driving/projects/carla-ros-bridge/install/carla_msgs:/opt/ros/foxy CONDA_PROMPT_MODIFIER=(base) LD_LIBRARY_PATH=/home/zhangwencheng/Documents/autonomous_driving/projects/carla-ros-bridge/install/carla_msgs/lib:${LD_LIBRARY_PATH} PYTHONPATH=/home/zhangwencheng/Documents/autonomous_driving/projects/carla-ros-bridge/install/carla_ros_bridge/lib/python3.8/site-packages:/home/zhangwencheng/Documents/autonomous_driving/projects/carla-ros-bridge/install/carla_spawn_objects/lib/python3.8/site-packages:/home/zhangwencheng/Documents/autonomous_driving/projects/carla-ros-bridge/install/carla_manual_control/lib/python3.8/site-packages:/home/zhangwencheng/Documents/autonomous_driving/projects/carla-ros-bridge/install/ros_compatibility/lib/python3.8/site-packages:/home/zhangwencheng/Documents/autonomous_driving/projects/carla-ros-bridge/install/carla_msgs/lib/python3.8/site-packages:/home/zhangwencheng/Documents/autonomous_driving/projects/carla-ros-bridge/install/carla_common/lib/python3.8/site-packages:${PYTHONPATH} /usr/bin/cmake --install /home/zhangwencheng/Documents/autonomous_driving/projects/carla-ros-bridge/build/pcl_recorder
[33.674s] -- Install configuration: ""
[33.674s] -- Installing: /home/zhangwencheng/Documents/autonomous_driving/projects/carla-ros-bridge/install/pcl_recorder/lib/pcl_recorder/pcl_recorder_node
[33.676s] -- Set runtime path of "/home/zhangwencheng/Documents/autonomous_driving/projects/carla-ros-bridge/install/pcl_recorder/lib/pcl_recorder/pcl_recorder_node" to ""
[33.676s] -- Installing: /home/zhangwencheng/Documents/autonomous_driving/projects/carla-ros-bridge/install/pcl_recorder/share/pcl_recorder/
[33.676s] -- Installing: /home/zhangwencheng/Documents/autonomous_driving/projects/carla-ros-bridge/install/pcl_recorder/share/pcl_recorder//pcl_recorder.launch.py
[33.677s] -- Installing: /home/zhangwencheng/Documents/autonomous_driving/projects/carla-ros-bridge/install/pcl_recorder/share/pcl_recorder//pcl_recorder.launch
[33.677s] -- Installing: /home/zhangwencheng/Documents/autonomous_driving/projects/carla-ros-bridge/install/pcl_recorder/share/ament_index/resource_index/package_run_dependencies/pcl_recorder
[33.677s] -- Installing: /home/zhangwencheng/Documents/autonomous_driving/projects/carla-ros-bridge/install/pcl_recorder/share/ament_index/resource_index/parent_prefix_path/pcl_recorder
[33.677s] -- Installing: /home/zhangwencheng/Documents/autonomous_driving/projects/carla-ros-bridge/install/pcl_recorder/share/pcl_recorder/environment/ament_prefix_path.sh
[33.677s] -- Installing: /home/zhangwencheng/Documents/autonomous_driving/projects/carla-ros-bridge/install/pcl_recorder/share/pcl_recorder/environment/ament_prefix_path.dsv
[33.678s] -- Installing: /home/zhangwencheng/Documents/autonomous_driving/projects/carla-ros-bridge/install/pcl_recorder/share/pcl_recorder/environment/path.sh
[33.678s] -- Installing: /home/zhangwencheng/Documents/autonomous_driving/projects/carla-ros-bridge/install/pcl_recorder/share/pcl_recorder/environment/path.dsv
[33.678s] -- Installing: /home/zhangwencheng/Documents/autonomous_driving/projects/carla-ros-bridge/install/pcl_recorder/share/pcl_recorder/local_setup.bash
[33.678s] -- Installing: /home/zhangwencheng/Documents/autonomous_driving/projects/carla-ros-bridge/install/pcl_recorder/share/pcl_recorder/local_setup.sh
[33.679s] -- Installing: /home/zhangwencheng/Documents/autonomous_driving/projects/carla-ros-bridge/install/pcl_recorder/share/pcl_recorder/local_setup.zsh
[33.679s] -- Installing: /home/zhangwencheng/Documents/autonomous_driving/projects/carla-ros-bridge/install/pcl_recorder/share/pcl_recorder/local_setup.dsv
[33.679s] -- Installing: /home/zhangwencheng/Documents/autonomous_driving/projects/carla-ros-bridge/install/pcl_recorder/share/pcl_recorder/package.dsv
[33.679s] -- Installing: /home/zhangwencheng/Documents/autonomous_driving/projects/carla-ros-bridge/install/pcl_recorder/share/ament_index/resource_index/packages/pcl_recorder
[33.679s] -- Installing: /home/zhangwencheng/Documents/autonomous_driving/projects/carla-ros-bridge/install/pcl_recorder/share/pcl_recorder/cmake/pcl_recorderConfig.cmake
[33.679s] -- Installing: /home/zhangwencheng/Documents/autonomous_driving/projects/carla-ros-bridge/install/pcl_recorder/share/pcl_recorder/cmake/pcl_recorderConfig-version.cmake
[33.680s] -- Installing: /home/zhangwencheng/Documents/autonomous_driving/projects/carla-ros-bridge/install/pcl_recorder/share/pcl_recorder/package.xml
[33.685s] Invoked command in '/home/zhangwencheng/Documents/autonomous_driving/projects/carla-ros-bridge/build/pcl_recorder' returned '0': AMENT_PREFIX_PATH=/home/zhangwencheng/Documents/autonomous_driving/projects/carla-ros-bridge/install/carla_ros_bridge:/home/zhangwencheng/Documents/autonomous_driving/projects/carla-ros-bridge/install/carla_spawn_objects:/home/zhangwencheng/Documents/autonomous_driving/projects/carla-ros-bridge/install/carla_manual_control:/home/zhangwencheng/Documents/autonomous_driving/projects/carla-ros-bridge/install/ros_compatibility:/home/zhangwencheng/Documents/autonomous_driving/projects/carla-ros-bridge/install/carla_msgs:/home/zhangwencheng/Documents/autonomous_driving/projects/carla-ros-bridge/install/carla_common:${AMENT_PREFIX_PATH} CMAKE_PREFIX_PATH=/home/zhangwencheng/Documents/autonomous_driving/projects/carla-ros-bridge/install/carla_msgs:/opt/ros/foxy CONDA_PROMPT_MODIFIER=(base) LD_LIBRARY_PATH=/home/zhangwencheng/Documents/autonomous_driving/projects/carla-ros-bridge/install/carla_msgs/lib:${LD_LIBRARY_PATH} PYTHONPATH=/home/zhangwencheng/Documents/autonomous_driving/projects/carla-ros-bridge/install/carla_ros_bridge/lib/python3.8/site-packages:/home/zhangwencheng/Documents/autonomous_driving/projects/carla-ros-bridge/install/carla_spawn_objects/lib/python3.8/site-packages:/home/zhangwencheng/Documents/autonomous_driving/projects/carla-ros-bridge/install/carla_manual_control/lib/python3.8/site-packages:/home/zhangwencheng/Documents/autonomous_driving/projects/carla-ros-bridge/install/ros_compatibility/lib/python3.8/site-packages:/home/zhangwencheng/Documents/autonomous_driving/projects/carla-ros-bridge/install/carla_msgs/lib/python3.8/site-packages:/home/zhangwencheng/Documents/autonomous_driving/projects/carla-ros-bridge/install/carla_common/lib/python3.8/site-packages:${PYTHONPATH} /usr/bin/cmake --install /home/zhangwencheng/Documents/autonomous_driving/projects/carla-ros-bridge/build/pcl_recorder
