[1.378s] Invoking command in '/home/zhangwencheng/Documents/autonomous_driving/projects/carla-ros-bridge/src/ros-bridge/carla_waypoint_publisher': AMENT_PREFIX_PATH=/home/zhangwencheng/Documents/autonomous_driving/projects/carla-ros-bridge/install/ros_compatibility:/home/zhangwencheng/Documents/autonomous_driving/projects/carla-ros-bridge/install/carla_waypoint_types:${AMENT_PREFIX_PATH} CMAKE_PREFIX_PATH=/home/zhangwencheng/Documents/autonomous_driving/projects/carla-ros-bridge/install/carla_waypoint_types CONDA_PROMPT_MODIFIER=(base) LD_LIBRARY_PATH=/home/zhangwencheng/Documents/autonomous_driving/projects/carla-ros-bridge/install/carla_waypoint_types/lib:${LD_LIBRARY_PATH} PYTHONPATH=/home/zhangwencheng/Documents/autonomous_driving/projects/carla-ros-bridge/build/carla_waypoint_publisher/prefix_override:/home/zhangwencheng/Documents/autonomous_driving/projects/carla-ros-bridge/install/carla_waypoint_publisher/lib/python3.8/site-packages:/home/zhangwencheng/Documents/autonomous_driving/projects/carla-ros-bridge/install/ros_compatibility/lib/python3.8/site-packages:/home/zhangwencheng/Documents/autonomous_driving/projects/carla-ros-bridge/install/carla_waypoint_types/lib/python3.8/site-packages:${PYTHONPATH} /usr/bin/python3 setup.py egg_info --egg-base ../../../build/carla_waypoint_publisher build --build-base /home/zhangwencheng/Documents/autonomous_driving/projects/carla-ros-bridge/build/carla_waypoint_publisher/build install --record /home/zhangwencheng/Documents/autonomous_driving/projects/carla-ros-bridge/build/carla_waypoint_publisher/install.log --single-version-externally-managed
[1.896s] running egg_info
[1.896s] creating ../../../build/carla_waypoint_publisher/carla_waypoint_publisher.egg-info
[1.902s] writing ../../../build/carla_waypoint_publisher/carla_waypoint_publisher.egg-info/PKG-INFO
[1.902s] writing dependency_links to ../../../build/carla_waypoint_publisher/carla_waypoint_publisher.egg-info/dependency_links.txt
[1.902s] writing entry points to ../../../build/carla_waypoint_publisher/carla_waypoint_publisher.egg-info/entry_points.txt
[1.902s] writing requirements to ../../../build/carla_waypoint_publisher/carla_waypoint_publisher.egg-info/requires.txt
[1.902s] writing top-level names to ../../../build/carla_waypoint_publisher/carla_waypoint_publisher.egg-info/top_level.txt
[1.902s] writing manifest file '../../../build/carla_waypoint_publisher/carla_waypoint_publisher.egg-info/SOURCES.txt'
[1.951s] reading manifest file '../../../build/carla_waypoint_publisher/carla_waypoint_publisher.egg-info/SOURCES.txt'
[1.952s] writing manifest file '../../../build/carla_waypoint_publisher/carla_waypoint_publisher.egg-info/SOURCES.txt'
[1.952s] running build
[1.952s] running build_py
[1.952s] creating /home/zhangwencheng/Documents/autonomous_driving/projects/carla-ros-bridge/build/carla_waypoint_publisher/build
[1.959s] creating /home/zhangwencheng/Documents/autonomous_driving/projects/carla-ros-bridge/build/carla_waypoint_publisher/build/lib
[1.959s] creating /home/zhangwencheng/Documents/autonomous_driving/projects/carla-ros-bridge/build/carla_waypoint_publisher/build/lib/carla_waypoint_publisher
[1.960s] copying src/carla_waypoint_publisher/carla_waypoint_publisher.py -> /home/zhangwencheng/Documents/autonomous_driving/projects/carla-ros-bridge/build/carla_waypoint_publisher/build/lib/carla_waypoint_publisher
[1.960s] copying src/carla_waypoint_publisher/__init__.py -> /home/zhangwencheng/Documents/autonomous_driving/projects/carla-ros-bridge/build/carla_waypoint_publisher/build/lib/carla_waypoint_publisher
[1.961s] running install
[1.962s] running install_lib
[1.964s] creating /home/zhangwencheng/Documents/autonomous_driving/projects/carla-ros-bridge/install/carla_waypoint_publisher/lib/python3.8/site-packages/carla_waypoint_publisher
[1.964s] copying /home/zhangwencheng/Documents/autonomous_driving/projects/carla-ros-bridge/build/carla_waypoint_publisher/build/lib/carla_waypoint_publisher/carla_waypoint_publisher.py -> /home/zhangwencheng/Documents/autonomous_driving/projects/carla-ros-bridge/install/carla_waypoint_publisher/lib/python3.8/site-packages/carla_waypoint_publisher
[1.964s] copying /home/zhangwencheng/Documents/autonomous_driving/projects/carla-ros-bridge/build/carla_waypoint_publisher/build/lib/carla_waypoint_publisher/__init__.py -> /home/zhangwencheng/Documents/autonomous_driving/projects/carla-ros-bridge/install/carla_waypoint_publisher/lib/python3.8/site-packages/carla_waypoint_publisher
[1.965s] byte-compiling /home/zhangwencheng/Documents/autonomous_driving/projects/carla-ros-bridge/install/carla_waypoint_publisher/lib/python3.8/site-packages/carla_waypoint_publisher/carla_waypoint_publisher.py to carla_waypoint_publisher.cpython-38.pyc
[1.968s] byte-compiling /home/zhangwencheng/Documents/autonomous_driving/projects/carla-ros-bridge/install/carla_waypoint_publisher/lib/python3.8/site-packages/carla_waypoint_publisher/__init__.py to __init__.cpython-38.pyc
[1.968s] running install_data
[1.969s] creating /home/zhangwencheng/Documents/autonomous_driving/projects/carla-ros-bridge/install/carla_waypoint_publisher/share/ament_index
[1.970s] creating /home/zhangwencheng/Documents/autonomous_driving/projects/carla-ros-bridge/install/carla_waypoint_publisher/share/ament_index/resource_index
[1.970s] creating /home/zhangwencheng/Documents/autonomous_driving/projects/carla-ros-bridge/install/carla_waypoint_publisher/share/ament_index/resource_index/packages
[1.970s] copying resource/carla_waypoint_publisher -> /home/zhangwencheng/Documents/autonomous_driving/projects/carla-ros-bridge/install/carla_waypoint_publisher/share/ament_index/resource_index/packages
[1.971s] copying package.xml -> /home/zhangwencheng/Documents/autonomous_driving/projects/carla-ros-bridge/install/carla_waypoint_publisher/share/carla_waypoint_publisher
[1.971s] copying launch/carla_waypoint_publisher.launch.py -> /home/zhangwencheng/Documents/autonomous_driving/projects/carla-ros-bridge/install/carla_waypoint_publisher/share/carla_waypoint_publisher
[1.971s] running install_egg_info
[1.974s] Copying ../../../build/carla_waypoint_publisher/carla_waypoint_publisher.egg-info to /home/zhangwencheng/Documents/autonomous_driving/projects/carla-ros-bridge/install/carla_waypoint_publisher/lib/python3.8/site-packages/carla_waypoint_publisher-0.0.0-py3.8.egg-info
[1.975s] running install_scripts
[2.015s] Installing carla_waypoint_publisher script to /home/zhangwencheng/Documents/autonomous_driving/projects/carla-ros-bridge/install/carla_waypoint_publisher/lib/carla_waypoint_publisher
[2.016s] writing list of installed files to '/home/zhangwencheng/Documents/autonomous_driving/projects/carla-ros-bridge/build/carla_waypoint_publisher/install.log'
[2.071s] Invoked command in '/home/zhangwencheng/Documents/autonomous_driving/projects/carla-ros-bridge/src/ros-bridge/carla_waypoint_publisher' returned '0': AMENT_PREFIX_PATH=/home/zhangwencheng/Documents/autonomous_driving/projects/carla-ros-bridge/install/ros_compatibility:/home/zhangwencheng/Documents/autonomous_driving/projects/carla-ros-bridge/install/carla_waypoint_types:${AMENT_PREFIX_PATH} CMAKE_PREFIX_PATH=/home/zhangwencheng/Documents/autonomous_driving/projects/carla-ros-bridge/install/carla_waypoint_types CONDA_PROMPT_MODIFIER=(base) LD_LIBRARY_PATH=/home/zhangwencheng/Documents/autonomous_driving/projects/carla-ros-bridge/install/carla_waypoint_types/lib:${LD_LIBRARY_PATH} PYTHONPATH=/home/zhangwencheng/Documents/autonomous_driving/projects/carla-ros-bridge/build/carla_waypoint_publisher/prefix_override:/home/zhangwencheng/Documents/autonomous_driving/projects/carla-ros-bridge/install/carla_waypoint_publisher/lib/python3.8/site-packages:/home/zhangwencheng/Documents/autonomous_driving/projects/carla-ros-bridge/install/ros_compatibility/lib/python3.8/site-packages:/home/zhangwencheng/Documents/autonomous_driving/projects/carla-ros-bridge/install/carla_waypoint_types/lib/python3.8/site-packages:${PYTHONPATH} /usr/bin/python3 setup.py egg_info --egg-base ../../../build/carla_waypoint_publisher build --build-base /home/zhangwencheng/Documents/autonomous_driving/projects/carla-ros-bridge/build/carla_waypoint_publisher/build install --record /home/zhangwencheng/Documents/autonomous_driving/projects/carla-ros-bridge/build/carla_waypoint_publisher/install.log --single-version-externally-managed
