[0.516s] Invoking command in '/home/zhangwencheng/Documents/autonomous_driving/projects/carla-ros-bridge/build/carla_waypoint_types': CMAKE_PREFIX_PATH=/opt/ros/foxy CONDA_PROMPT_MODIFIER=(base) /usr/bin/cmake /home/zhangwencheng/Documents/autonomous_driving/projects/carla-ros-bridge/src/ros-bridge/carla_waypoint_types -DCMAKE_INSTALL_PREFIX=/home/zhangwencheng/Documents/autonomous_driving/projects/carla-ros-bridge/install/carla_waypoint_types
[1.157s] -- The C compiler identification is GNU 9.4.0
[1.157s] -- The CXX compiler identification is GNU 9.4.0
[1.157s] -- Check for working C compiler: /usr/bin/cc
[1.157s] -- Check for working C compiler: /usr/bin/cc -- works
[1.157s] -- Detecting C compiler ABI info
[1.157s] -- Detecting C compiler ABI info - done
[1.157s] -- Detecting C compile features
[1.157s] -- Detecting C compile features - done
[1.157s] -- Check for working CXX compiler: /usr/bin/c++
[1.157s] -- Check for working CXX compiler: /usr/bin/c++ -- works
[1.157s] -- Detecting CXX compiler ABI info
[1.158s] -- Detecting CXX compiler ABI info - done
[1.158s] -- Detecting CXX compile features
[1.158s] -- Detecting CXX compile features - done
[1.158s] -- Found ros_environment: 2.5.1 (/opt/ros/foxy/share/ros_environment/cmake)
[1.158s] -- Found ament_cmake: 0.9.12 (/opt/ros/foxy/share/ament_cmake/cmake)
[1.158s] -- Found PythonInterp: /home/zhangwencheng/miniconda3/bin/python3 (found suitable version "3.8.17", minimum required is "3") 
[1.158s] -- Using PYTHON_EXECUTABLE: /home/zhangwencheng/miniconda3/bin/python3
[1.273s] -- Found nav_msgs: 2.0.5 (/opt/ros/foxy/share/nav_msgs/cmake)
[1.304s] -- Using all available rosidl_typesupport_c: rosidl_typesupport_fastrtps_c;rosidl_typesupport_introspection_c
[1.311s] -- Found rosidl_adapter: 1.3.1 (/opt/ros/foxy/share/rosidl_adapter/cmake)
[1.453s] -- Found OpenSSL: /usr/lib/x86_64-linux-gnu/libcrypto.so (found version "1.1.1f")  
[1.506s] -- Found FastRTPS: /opt/ros/foxy/include  
[1.638s] -- Using all available rosidl_typesupport_cpp: rosidl_typesupport_fastrtps_cpp;rosidl_typesupport_introspection_cpp
[1.862s] -- Found rosidl_default_generators: 1.0.1 (/opt/ros/foxy/share/rosidl_default_generators/cmake)
[1.903s] -- Found PythonInterp: /home/zhangwencheng/miniconda3/bin/python3 (found version "3.8.17") 
[2.136s] -- Found ament_cmake_cppcheck: 0.9.8 (/opt/ros/foxy/share/ament_cmake_cppcheck/cmake)
[2.138s] -- Found ament_cmake_cpplint: 0.9.8 (/opt/ros/foxy/share/ament_cmake_cpplint/cmake)
[2.141s] -- Found ament_cmake_uncrustify: 0.9.8 (/opt/ros/foxy/share/ament_cmake_uncrustify/cmake)
[2.144s] -- Found ament_cmake_ros: 0.9.2 (/opt/ros/foxy/share/ament_cmake_ros/cmake)
[2.439s] -- Using all available rosidl_typesupport_c: rosidl_typesupport_fastrtps_c;rosidl_typesupport_introspection_c
[2.555s] -- Using all available rosidl_typesupport_cpp: rosidl_typesupport_fastrtps_cpp;rosidl_typesupport_introspection_cpp
[2.584s] -- Found PythonInterp: /home/zhangwencheng/miniconda3/bin/python3 (found suitable version "3.8.17", minimum required is "3.5") 
[2.585s] -- Found python_cmake_module: 0.8.1 (/opt/ros/foxy/share/python_cmake_module/cmake)
[2.612s] -- Found PythonLibs: /home/zhangwencheng/miniconda3/lib/libpython3.8.so (found suitable version "3.8.17", minimum required is "3.5") 
[2.612s] -- Using PYTHON_EXECUTABLE: /home/zhangwencheng/miniconda3/bin/python3
[2.612s] -- Using PYTHON_INCLUDE_DIRS: /home/zhangwencheng/miniconda3/include/python3.8
[2.612s] -- Using PYTHON_LIBRARIES: /home/zhangwencheng/miniconda3/lib/libpython3.8.so
[2.629s] -- Found PythonExtra: .so  
[2.980s] -- Using numpy include directory: /home/zhangwencheng/miniconda3/lib/python3.8/site-packages/numpy/core/include
[3.005s] -- Found ament_cmake_flake8: 0.9.8 (/opt/ros/foxy/share/ament_cmake_flake8/cmake)
[3.007s] -- Found ament_cmake_pep257: 0.9.8 (/opt/ros/foxy/share/ament_cmake_pep257/cmake)
[3.011s] -- Found ament_lint_auto: 0.9.8 (/opt/ros/foxy/share/ament_lint_auto/cmake)
[3.029s] -- Added test 'copyright' to check source files copyright and LICENSE
[3.030s] -- Added test 'lint_cmake' to check CMake code style
[3.030s] -- Added test 'xmllint' to check XML markup files
[3.036s] -- Configuring done
[3.132s] -- Generating done
[3.136s] -- Build files have been written to: /home/zhangwencheng/Documents/autonomous_driving/projects/carla-ros-bridge/build/carla_waypoint_types
[3.152s] Invoked command in '/home/zhangwencheng/Documents/autonomous_driving/projects/carla-ros-bridge/build/carla_waypoint_types' returned '0': CMAKE_PREFIX_PATH=/opt/ros/foxy CONDA_PROMPT_MODIFIER=(base) /usr/bin/cmake /home/zhangwencheng/Documents/autonomous_driving/projects/carla-ros-bridge/src/ros-bridge/carla_waypoint_types -DCMAKE_INSTALL_PREFIX=/home/zhangwencheng/Documents/autonomous_driving/projects/carla-ros-bridge/install/carla_waypoint_types
[3.154s] Invoking command in '/home/zhangwencheng/Documents/autonomous_driving/projects/carla-ros-bridge/build/carla_waypoint_types': CMAKE_PREFIX_PATH=/opt/ros/foxy CONDA_PROMPT_MODIFIER=(base) /usr/bin/cmake --build /home/zhangwencheng/Documents/autonomous_driving/projects/carla-ros-bridge/build/carla_waypoint_types -- -j12 -l12
[3.192s] [35m[1mScanning dependencies of target carla_waypoint_types__cpp[0m
[3.192s] [  2%] [34m[1mGenerating C code for ROS interfaces[0m
[3.201s] [  4%] [34m[1mGenerating C++ code for ROS interfaces[0m
[3.679s] [  4%] Built target carla_waypoint_types__cpp
[3.707s] [  6%] [34m[1mGenerating C++ type support for eProsima Fast-RTPS[0m
[3.711s] [  8%] [34m[1mGenerating C++ introspection for ROS interfaces[0m
[3.724s] [ 10%] [34m[1mGenerating C++ type support dispatch for ROS interfaces[0m
[3.932s] [35m[1mScanning dependencies of target carla_waypoint_types__rosidl_generator_c[0m
[4.008s] [ 12%] [32mBuilding C object CMakeFiles/carla_waypoint_types__rosidl_generator_c.dir/rosidl_generator_c/carla_waypoint_types/msg/detail/carla_waypoint__functions.c.o[0m
[4.030s] [ 14%] [32mBuilding C object CMakeFiles/carla_waypoint_types__rosidl_generator_c.dir/rosidl_generator_c/carla_waypoint_types/srv/detail/get_waypoint__functions.c.o[0m
[4.051s] [ 17%] [32mBuilding C object CMakeFiles/carla_waypoint_types__rosidl_generator_c.dir/rosidl_generator_c/carla_waypoint_types/srv/detail/get_actor_waypoint__functions.c.o[0m
[4.177s] [ 19%] [32m[1mLinking C shared library libcarla_waypoint_types__rosidl_generator_c.so[0m
[4.285s] [ 19%] Built target carla_waypoint_types__rosidl_generator_c
[4.302s] [ 21%] [34m[1mGenerating C introspection for ROS interfaces[0m
[4.310s] [ 23%] [34m[1mGenerating C type support dispatch for ROS interfaces[0m
[4.359s] [35m[1mScanning dependencies of target carla_waypoint_types__rosidl_typesupport_cpp[0m
[4.405s] [35m[1mScanning dependencies of target carla_waypoint_types__rosidl_typesupport_introspection_cpp[0m
[4.429s] [ 25%] [32mBuilding CXX object CMakeFiles/carla_waypoint_types__rosidl_typesupport_introspection_cpp.dir/rosidl_typesupport_introspection_cpp/carla_waypoint_types/msg/detail/carla_waypoint__type_support.cpp.o[0m
[4.435s] [ 27%] [32mBuilding CXX object CMakeFiles/carla_waypoint_types__rosidl_typesupport_cpp.dir/rosidl_typesupport_cpp/carla_waypoint_types/msg/carla_waypoint__type_support.cpp.o[0m
[4.446s] [ 29%] [32mBuilding CXX object CMakeFiles/carla_waypoint_types__rosidl_typesupport_introspection_cpp.dir/rosidl_typesupport_introspection_cpp/carla_waypoint_types/srv/detail/get_waypoint__type_support.cpp.o[0m
[4.448s] [ 31%] [32mBuilding CXX object CMakeFiles/carla_waypoint_types__rosidl_typesupport_cpp.dir/rosidl_typesupport_cpp/carla_waypoint_types/srv/get_actor_waypoint__type_support.cpp.o[0m
[4.455s] [ 34%] [32mBuilding CXX object CMakeFiles/carla_waypoint_types__rosidl_typesupport_cpp.dir/rosidl_typesupport_cpp/carla_waypoint_types/srv/get_waypoint__type_support.cpp.o[0m
[4.509s] [ 36%] [32mBuilding CXX object CMakeFiles/carla_waypoint_types__rosidl_typesupport_introspection_cpp.dir/rosidl_typesupport_introspection_cpp/carla_waypoint_types/srv/detail/get_actor_waypoint__type_support.cpp.o[0m
[4.586s] [35m[1mScanning dependencies of target carla_waypoint_types__rosidl_typesupport_fastrtps_cpp[0m
[4.688s] [ 38%] [32mBuilding CXX object CMakeFiles/carla_waypoint_types__rosidl_typesupport_fastrtps_cpp.dir/rosidl_typesupport_fastrtps_cpp/carla_waypoint_types/msg/detail/dds_fastrtps/carla_waypoint__type_support.cpp.o[0m
[4.699s] [ 40%] [32mBuilding CXX object CMakeFiles/carla_waypoint_types__rosidl_typesupport_fastrtps_cpp.dir/rosidl_typesupport_fastrtps_cpp/carla_waypoint_types/srv/detail/dds_fastrtps/get_waypoint__type_support.cpp.o[0m
[4.736s] [ 42%] [32mBuilding CXX object CMakeFiles/carla_waypoint_types__rosidl_typesupport_fastrtps_cpp.dir/rosidl_typesupport_fastrtps_cpp/carla_waypoint_types/srv/detail/dds_fastrtps/get_actor_waypoint__type_support.cpp.o[0m
[5.235s] [ 44%] [32m[1mLinking CXX shared library libcarla_waypoint_types__rosidl_typesupport_cpp.so[0m
[5.355s] [35m[1mScanning dependencies of target carla_waypoint_types__rosidl_typesupport_c[0m
[5.397s] [ 46%] [32m[1mLinking CXX shared library libcarla_waypoint_types__rosidl_typesupport_introspection_cpp.so[0m
[5.397s] [ 46%] Built target carla_waypoint_types__rosidl_typesupport_cpp
[5.409s] [ 48%] [32mBuilding CXX object CMakeFiles/carla_waypoint_types__rosidl_typesupport_c.dir/rosidl_typesupport_c/carla_waypoint_types/srv/get_waypoint__type_support.cpp.o[0m
[5.444s] [ 51%] [32mBuilding CXX object CMakeFiles/carla_waypoint_types__rosidl_typesupport_c.dir/rosidl_typesupport_c/carla_waypoint_types/msg/carla_waypoint__type_support.cpp.o[0m
[5.477s] [ 53%] [32mBuilding CXX object CMakeFiles/carla_waypoint_types__rosidl_typesupport_c.dir/rosidl_typesupport_c/carla_waypoint_types/srv/get_actor_waypoint__type_support.cpp.o[0m
[5.588s] [ 53%] Built target carla_waypoint_types__rosidl_typesupport_introspection_cpp
[5.591s] [ 55%] [32m[1mLinking CXX shared library libcarla_waypoint_types__rosidl_typesupport_c.so[0m
[5.779s] [35m[1mScanning dependencies of target carla_waypoint_types__rosidl_typesupport_introspection_c[0m
[5.805s] [ 55%] Built target carla_waypoint_types__rosidl_typesupport_c
[5.839s] [ 57%] [32mBuilding C object CMakeFiles/carla_waypoint_types__rosidl_typesupport_introspection_c.dir/rosidl_typesupport_introspection_c/carla_waypoint_types/msg/detail/carla_waypoint__type_support.c.o[0m
[5.851s] [ 59%] [32mBuilding C object CMakeFiles/carla_waypoint_types__rosidl_typesupport_introspection_c.dir/rosidl_typesupport_introspection_c/carla_waypoint_types/srv/detail/get_waypoint__type_support.c.o[0m
[5.863s] [ 61%] [32mBuilding C object CMakeFiles/carla_waypoint_types__rosidl_typesupport_introspection_c.dir/rosidl_typesupport_introspection_c/carla_waypoint_types/srv/detail/get_actor_waypoint__type_support.c.o[0m
[6.041s] [ 63%] [32m[1mLinking C shared library libcarla_waypoint_types__rosidl_typesupport_introspection_c.so[0m
[6.098s] [ 65%] [32m[1mLinking CXX shared library libcarla_waypoint_types__rosidl_typesupport_fastrtps_cpp.so[0m
[6.146s] [ 65%] Built target carla_waypoint_types__rosidl_typesupport_introspection_c
[6.268s] [ 65%] Built target carla_waypoint_types__rosidl_typesupport_fastrtps_cpp
[6.276s] [ 68%] [34m[1mGenerating C type support for eProsima Fast-RTPS[0m
[6.658s] [35m[1mScanning dependencies of target carla_waypoint_types__rosidl_typesupport_fastrtps_c[0m
[6.679s] [ 72%] [32mBuilding CXX object CMakeFiles/carla_waypoint_types__rosidl_typesupport_fastrtps_c.dir/rosidl_typesupport_fastrtps_c/carla_waypoint_types/srv/detail/get_actor_waypoint__type_support_c.cpp.o[0m
[6.680s] [ 72%] [32mBuilding CXX object CMakeFiles/carla_waypoint_types__rosidl_typesupport_fastrtps_c.dir/rosidl_typesupport_fastrtps_c/carla_waypoint_types/msg/detail/carla_waypoint__type_support_c.cpp.o[0m
[6.680s] [ 74%] [32mBuilding CXX object CMakeFiles/carla_waypoint_types__rosidl_typesupport_fastrtps_c.dir/rosidl_typesupport_fastrtps_c/carla_waypoint_types/srv/detail/get_waypoint__type_support_c.cpp.o[0m
[7.236s] [ 76%] [32m[1mLinking CXX shared library libcarla_waypoint_types__rosidl_typesupport_fastrtps_c.so[0m
[7.521s] [ 76%] Built target carla_waypoint_types__rosidl_typesupport_fastrtps_c
[7.538s] [35m[1mScanning dependencies of target carla_waypoint_types[0m
[7.550s] [ 76%] Built target carla_waypoint_types
[7.565s] [35m[1mScanning dependencies of target carla_waypoint_types__py[0m
[7.579s] [ 78%] [34m[1mGenerating Python code for ROS interfaces[0m
[8.896s] [ 78%] Built target carla_waypoint_types__py
[8.910s] [35m[1mScanning dependencies of target carla_waypoint_types__python[0m
[8.958s] [ 80%] [32mBuilding C object CMakeFiles/carla_waypoint_types__python.dir/rosidl_generator_py/carla_waypoint_types/msg/_carla_waypoint_s.c.o[0m
[8.962s] [ 82%] [32mBuilding C object CMakeFiles/carla_waypoint_types__python.dir/rosidl_generator_py/carla_waypoint_types/srv/_get_waypoint_s.c.o[0m
[8.969s] [ 85%] [32mBuilding C object CMakeFiles/carla_waypoint_types__python.dir/rosidl_generator_py/carla_waypoint_types/srv/_get_actor_waypoint_s.c.o[0m
[9.138s] [ 87%] [32m[1mLinking C shared library rosidl_generator_py/carla_waypoint_types/libcarla_waypoint_types__python.so[0m
[9.185s] [ 87%] Built target carla_waypoint_types__python
[9.196s] [35m[1mScanning dependencies of target carla_waypoint_types__rosidl_typesupport_c__pyext[0m
[9.198s] [35m[1mScanning dependencies of target carla_waypoint_types__rosidl_typesupport_fastrtps_c__pyext[0m
[9.202s] [35m[1mScanning dependencies of target carla_waypoint_types__rosidl_typesupport_introspection_c__pyext[0m
[9.235s] [ 89%] [32mBuilding C object CMakeFiles/carla_waypoint_types__rosidl_typesupport_introspection_c__pyext.dir/rosidl_generator_py/carla_waypoint_types/_carla_waypoint_types_s.ep.rosidl_typesupport_introspection_c.c.o[0m
[9.236s] [ 91%] [32mBuilding C object CMakeFiles/carla_waypoint_types__rosidl_typesupport_fastrtps_c__pyext.dir/rosidl_generator_py/carla_waypoint_types/_carla_waypoint_types_s.ep.rosidl_typesupport_fastrtps_c.c.o[0m
[9.252s] [ 93%] [32mBuilding C object CMakeFiles/carla_waypoint_types__rosidl_typesupport_c__pyext.dir/rosidl_generator_py/carla_waypoint_types/_carla_waypoint_types_s.ep.rosidl_typesupport_c.c.o[0m
[9.370s] [ 95%] [32m[1mLinking CXX shared library rosidl_generator_py/carla_waypoint_types/carla_waypoint_types_s__rosidl_typesupport_fastrtps_c.cpython-38-x86_64-linux-gnu.so[0m
[9.394s] [ 97%] [32m[1mLinking C shared library rosidl_generator_py/carla_waypoint_types/carla_waypoint_types_s__rosidl_typesupport_introspection_c.cpython-38-x86_64-linux-gnu.so[0m
[9.482s] [ 97%] Built target carla_waypoint_types__rosidl_typesupport_fastrtps_c__pyext
[9.503s] [100%] [32m[1mLinking C shared library rosidl_generator_py/carla_waypoint_types/carla_waypoint_types_s__rosidl_typesupport_c.cpython-38-x86_64-linux-gnu.so[0m
[9.510s] [100%] Built target carla_waypoint_types__rosidl_typesupport_introspection_c__pyext
[9.583s] [100%] Built target carla_waypoint_types__rosidl_typesupport_c__pyext
[9.604s] Invoked command in '/home/zhangwencheng/Documents/autonomous_driving/projects/carla-ros-bridge/build/carla_waypoint_types' returned '0': CMAKE_PREFIX_PATH=/opt/ros/foxy CONDA_PROMPT_MODIFIER=(base) /usr/bin/cmake --build /home/zhangwencheng/Documents/autonomous_driving/projects/carla-ros-bridge/build/carla_waypoint_types -- -j12 -l12
[10.025s] Invoking command in '/home/zhangwencheng/Documents/autonomous_driving/projects/carla-ros-bridge/build/carla_waypoint_types': CMAKE_PREFIX_PATH=/opt/ros/foxy CONDA_PROMPT_MODIFIER=(base) /usr/bin/cmake --install /home/zhangwencheng/Documents/autonomous_driving/projects/carla-ros-bridge/build/carla_waypoint_types
[10.049s] -- Install configuration: ""
[10.050s] -- Installing: /home/zhangwencheng/Documents/autonomous_driving/projects/carla-ros-bridge/install/carla_waypoint_types/share/ament_index/resource_index/rosidl_interfaces/carla_waypoint_types
[10.051s] -- Installing: /home/zhangwencheng/Documents/autonomous_driving/projects/carla-ros-bridge/install/carla_waypoint_types/include/carla_waypoint_types
[10.051s] -- Installing: /home/zhangwencheng/Documents/autonomous_driving/projects/carla-ros-bridge/install/carla_waypoint_types/include/carla_waypoint_types/msg
[10.052s] -- Installing: /home/zhangwencheng/Documents/autonomous_driving/projects/carla-ros-bridge/install/carla_waypoint_types/include/carla_waypoint_types/msg/rosidl_generator_c__visibility_control.h
[10.052s] -- Installing: /home/zhangwencheng/Documents/autonomous_driving/projects/carla-ros-bridge/install/carla_waypoint_types/include/carla_waypoint_types/msg/detail
[10.052s] -- Installing: /home/zhangwencheng/Documents/autonomous_driving/projects/carla-ros-bridge/install/carla_waypoint_types/include/carla_waypoint_types/msg/detail/carla_waypoint__functions.h
[10.052s] -- Installing: /home/zhangwencheng/Documents/autonomous_driving/projects/carla-ros-bridge/install/carla_waypoint_types/include/carla_waypoint_types/msg/detail/carla_waypoint__functions.c
[10.052s] -- Installing: /home/zhangwencheng/Documents/autonomous_driving/projects/carla-ros-bridge/install/carla_waypoint_types/include/carla_waypoint_types/msg/detail/carla_waypoint__type_support.h
[10.052s] -- Installing: /home/zhangwencheng/Documents/autonomous_driving/projects/carla-ros-bridge/install/carla_waypoint_types/include/carla_waypoint_types/msg/detail/carla_waypoint__struct.h
[10.055s] -- Installing: /home/zhangwencheng/Documents/autonomous_driving/projects/carla-ros-bridge/install/carla_waypoint_types/include/carla_waypoint_types/msg/carla_waypoint.h
[10.057s] -- Installing: /home/zhangwencheng/Documents/autonomous_driving/projects/carla-ros-bridge/install/carla_waypoint_types/include/carla_waypoint_types/srv
[10.057s] -- Installing: /home/zhangwencheng/Documents/autonomous_driving/projects/carla-ros-bridge/install/carla_waypoint_types/include/carla_waypoint_types/srv/get_actor_waypoint.h
[10.057s] -- Installing: /home/zhangwencheng/Documents/autonomous_driving/projects/carla-ros-bridge/install/carla_waypoint_types/include/carla_waypoint_types/srv/detail
[10.057s] -- Installing: /home/zhangwencheng/Documents/autonomous_driving/projects/carla-ros-bridge/install/carla_waypoint_types/include/carla_waypoint_types/srv/detail/get_actor_waypoint__type_support.h
[10.057s] -- Installing: /home/zhangwencheng/Documents/autonomous_driving/projects/carla-ros-bridge/install/carla_waypoint_types/include/carla_waypoint_types/srv/detail/get_waypoint__type_support.h
[10.057s] -- Installing: /home/zhangwencheng/Documents/autonomous_driving/projects/carla-ros-bridge/install/carla_waypoint_types/include/carla_waypoint_types/srv/detail/get_waypoint__functions.h
[10.060s] -- Installing: /home/zhangwencheng/Documents/autonomous_driving/projects/carla-ros-bridge/install/carla_waypoint_types/include/carla_waypoint_types/srv/detail/get_actor_waypoint__struct.h
[10.061s] -- Installing: /home/zhangwencheng/Documents/autonomous_driving/projects/carla-ros-bridge/install/carla_waypoint_types/include/carla_waypoint_types/srv/detail/get_waypoint__functions.c
[10.061s] -- Installing: /home/zhangwencheng/Documents/autonomous_driving/projects/carla-ros-bridge/install/carla_waypoint_types/include/carla_waypoint_types/srv/detail/get_waypoint__struct.h
[10.061s] -- Installing: /home/zhangwencheng/Documents/autonomous_driving/projects/carla-ros-bridge/install/carla_waypoint_types/include/carla_waypoint_types/srv/detail/get_actor_waypoint__functions.c
[10.063s] -- Installing: /home/zhangwencheng/Documents/autonomous_driving/projects/carla-ros-bridge/install/carla_waypoint_types/include/carla_waypoint_types/srv/detail/get_actor_waypoint__functions.h
[10.063s] -- Installing: /home/zhangwencheng/Documents/autonomous_driving/projects/carla-ros-bridge/install/carla_waypoint_types/include/carla_waypoint_types/srv/get_waypoint.h
[10.066s] -- Installing: /home/zhangwencheng/Documents/autonomous_driving/projects/carla-ros-bridge/install/carla_waypoint_types/share/carla_waypoint_types/environment/library_path.sh
[10.066s] -- Installing: /home/zhangwencheng/Documents/autonomous_driving/projects/carla-ros-bridge/install/carla_waypoint_types/share/carla_waypoint_types/environment/library_path.dsv
[10.066s] -- Installing: /home/zhangwencheng/Documents/autonomous_driving/projects/carla-ros-bridge/install/carla_waypoint_types/lib/libcarla_waypoint_types__rosidl_generator_c.so
[10.066s] -- Set runtime path of "/home/zhangwencheng/Documents/autonomous_driving/projects/carla-ros-bridge/install/carla_waypoint_types/lib/libcarla_waypoint_types__rosidl_generator_c.so" to ""
[10.066s] -- Up-to-date: /home/zhangwencheng/Documents/autonomous_driving/projects/carla-ros-bridge/install/carla_waypoint_types/include/carla_waypoint_types
[10.067s] -- Up-to-date: /home/zhangwencheng/Documents/autonomous_driving/projects/carla-ros-bridge/install/carla_waypoint_types/include/carla_waypoint_types/msg
[10.067s] -- Up-to-date: /home/zhangwencheng/Documents/autonomous_driving/projects/carla-ros-bridge/install/carla_waypoint_types/include/carla_waypoint_types/msg/detail
[10.067s] -- Installing: /home/zhangwencheng/Documents/autonomous_driving/projects/carla-ros-bridge/install/carla_waypoint_types/include/carla_waypoint_types/msg/detail/carla_waypoint__rosidl_typesupport_fastrtps_c.h
[10.067s] -- Installing: /home/zhangwencheng/Documents/autonomous_driving/projects/carla-ros-bridge/install/carla_waypoint_types/include/carla_waypoint_types/msg/rosidl_typesupport_fastrtps_c__visibility_control.h
[10.067s] -- Up-to-date: /home/zhangwencheng/Documents/autonomous_driving/projects/carla-ros-bridge/install/carla_waypoint_types/include/carla_waypoint_types/srv
[10.067s] -- Up-to-date: /home/zhangwencheng/Documents/autonomous_driving/projects/carla-ros-bridge/install/carla_waypoint_types/include/carla_waypoint_types/srv/detail
[10.068s] -- Installing: /home/zhangwencheng/Documents/autonomous_driving/projects/carla-ros-bridge/install/carla_waypoint_types/include/carla_waypoint_types/srv/detail/get_waypoint__rosidl_typesupport_fastrtps_c.h
[10.068s] -- Installing: /home/zhangwencheng/Documents/autonomous_driving/projects/carla-ros-bridge/install/carla_waypoint_types/include/carla_waypoint_types/srv/detail/get_actor_waypoint__rosidl_typesupport_fastrtps_c.h
[10.068s] -- Installing: /home/zhangwencheng/Documents/autonomous_driving/projects/carla-ros-bridge/install/carla_waypoint_types/lib/libcarla_waypoint_types__rosidl_typesupport_fastrtps_c.so
[10.072s] -- Set runtime path of "/home/zhangwencheng/Documents/autonomous_driving/projects/carla-ros-bridge/install/carla_waypoint_types/lib/libcarla_waypoint_types__rosidl_typesupport_fastrtps_c.so" to ""
[10.073s] -- Up-to-date: /home/zhangwencheng/Documents/autonomous_driving/projects/carla-ros-bridge/install/carla_waypoint_types/include/carla_waypoint_types
[10.073s] -- Up-to-date: /home/zhangwencheng/Documents/autonomous_driving/projects/carla-ros-bridge/install/carla_waypoint_types/include/carla_waypoint_types/msg
[10.073s] -- Installing: /home/zhangwencheng/Documents/autonomous_driving/projects/carla-ros-bridge/install/carla_waypoint_types/include/carla_waypoint_types/msg/rosidl_typesupport_fastrtps_cpp__visibility_control.h
[10.073s] -- Up-to-date: /home/zhangwencheng/Documents/autonomous_driving/projects/carla-ros-bridge/install/carla_waypoint_types/include/carla_waypoint_types/msg/detail
[10.073s] -- Installing: /home/zhangwencheng/Documents/autonomous_driving/projects/carla-ros-bridge/install/carla_waypoint_types/include/carla_waypoint_types/msg/detail/dds_fastrtps
[10.073s] -- Installing: /home/zhangwencheng/Documents/autonomous_driving/projects/carla-ros-bridge/install/carla_waypoint_types/include/carla_waypoint_types/msg/detail/carla_waypoint__rosidl_typesupport_fastrtps_cpp.hpp
[10.074s] -- Up-to-date: /home/zhangwencheng/Documents/autonomous_driving/projects/carla-ros-bridge/install/carla_waypoint_types/include/carla_waypoint_types/srv
[10.074s] -- Up-to-date: /home/zhangwencheng/Documents/autonomous_driving/projects/carla-ros-bridge/install/carla_waypoint_types/include/carla_waypoint_types/srv/detail
[10.074s] -- Installing: /home/zhangwencheng/Documents/autonomous_driving/projects/carla-ros-bridge/install/carla_waypoint_types/include/carla_waypoint_types/srv/detail/dds_fastrtps
[10.074s] -- Installing: /home/zhangwencheng/Documents/autonomous_driving/projects/carla-ros-bridge/install/carla_waypoint_types/include/carla_waypoint_types/srv/detail/get_actor_waypoint__rosidl_typesupport_fastrtps_cpp.hpp
[10.074s] -- Installing: /home/zhangwencheng/Documents/autonomous_driving/projects/carla-ros-bridge/install/carla_waypoint_types/include/carla_waypoint_types/srv/detail/get_waypoint__rosidl_typesupport_fastrtps_cpp.hpp
[10.074s] -- Installing: /home/zhangwencheng/Documents/autonomous_driving/projects/carla-ros-bridge/install/carla_waypoint_types/lib/libcarla_waypoint_types__rosidl_typesupport_fastrtps_cpp.so
[10.074s] -- Set runtime path of "/home/zhangwencheng/Documents/autonomous_driving/projects/carla-ros-bridge/install/carla_waypoint_types/lib/libcarla_waypoint_types__rosidl_typesupport_fastrtps_cpp.so" to ""
[10.082s] -- Up-to-date: /home/zhangwencheng/Documents/autonomous_driving/projects/carla-ros-bridge/install/carla_waypoint_types/include/carla_waypoint_types
[10.082s] -- Up-to-date: /home/zhangwencheng/Documents/autonomous_driving/projects/carla-ros-bridge/install/carla_waypoint_types/include/carla_waypoint_types/msg
[10.082s] -- Installing: /home/zhangwencheng/Documents/autonomous_driving/projects/carla-ros-bridge/install/carla_waypoint_types/include/carla_waypoint_types/msg/rosidl_typesupport_introspection_c__visibility_control.h
[10.083s] -- Up-to-date: /home/zhangwencheng/Documents/autonomous_driving/projects/carla-ros-bridge/install/carla_waypoint_types/include/carla_waypoint_types/msg/detail
[10.083s] -- Installing: /home/zhangwencheng/Documents/autonomous_driving/projects/carla-ros-bridge/install/carla_waypoint_types/include/carla_waypoint_types/msg/detail/carla_waypoint__rosidl_typesupport_introspection_c.h
[10.083s] -- Installing: /home/zhangwencheng/Documents/autonomous_driving/projects/carla-ros-bridge/install/carla_waypoint_types/include/carla_waypoint_types/msg/detail/carla_waypoint__type_support.c
[10.083s] -- Up-to-date: /home/zhangwencheng/Documents/autonomous_driving/projects/carla-ros-bridge/install/carla_waypoint_types/include/carla_waypoint_types/srv
[10.083s] -- Up-to-date: /home/zhangwencheng/Documents/autonomous_driving/projects/carla-ros-bridge/install/carla_waypoint_types/include/carla_waypoint_types/srv/detail
[10.083s] -- Installing: /home/zhangwencheng/Documents/autonomous_driving/projects/carla-ros-bridge/install/carla_waypoint_types/include/carla_waypoint_types/srv/detail/get_actor_waypoint__type_support.c
[10.083s] -- Installing: /home/zhangwencheng/Documents/autonomous_driving/projects/carla-ros-bridge/install/carla_waypoint_types/include/carla_waypoint_types/srv/detail/get_waypoint__rosidl_typesupport_introspection_c.h
[10.083s] -- Installing: /home/zhangwencheng/Documents/autonomous_driving/projects/carla-ros-bridge/install/carla_waypoint_types/include/carla_waypoint_types/srv/detail/get_waypoint__type_support.c
[10.083s] -- Installing: /home/zhangwencheng/Documents/autonomous_driving/projects/carla-ros-bridge/install/carla_waypoint_types/include/carla_waypoint_types/srv/detail/get_actor_waypoint__rosidl_typesupport_introspection_c.h
[10.086s] -- Installing: /home/zhangwencheng/Documents/autonomous_driving/projects/carla-ros-bridge/install/carla_waypoint_types/lib/libcarla_waypoint_types__rosidl_typesupport_introspection_c.so
[10.086s] -- Set runtime path of "/home/zhangwencheng/Documents/autonomous_driving/projects/carla-ros-bridge/install/carla_waypoint_types/lib/libcarla_waypoint_types__rosidl_typesupport_introspection_c.so" to ""
[10.086s] -- Installing: /home/zhangwencheng/Documents/autonomous_driving/projects/carla-ros-bridge/install/carla_waypoint_types/lib/libcarla_waypoint_types__rosidl_typesupport_c.so
[10.087s] -- Set runtime path of "/home/zhangwencheng/Documents/autonomous_driving/projects/carla-ros-bridge/install/carla_waypoint_types/lib/libcarla_waypoint_types__rosidl_typesupport_c.so" to ""
[10.087s] -- Up-to-date: /home/zhangwencheng/Documents/autonomous_driving/projects/carla-ros-bridge/install/carla_waypoint_types/include/carla_waypoint_types
[10.087s] -- Up-to-date: /home/zhangwencheng/Documents/autonomous_driving/projects/carla-ros-bridge/install/carla_waypoint_types/include/carla_waypoint_types/msg
[10.087s] -- Up-to-date: /home/zhangwencheng/Documents/autonomous_driving/projects/carla-ros-bridge/install/carla_waypoint_types/include/carla_waypoint_types/msg/detail
[10.087s] -- Installing: /home/zhangwencheng/Documents/autonomous_driving/projects/carla-ros-bridge/install/carla_waypoint_types/include/carla_waypoint_types/msg/detail/carla_waypoint__builder.hpp
[10.087s] -- Installing: /home/zhangwencheng/Documents/autonomous_driving/projects/carla-ros-bridge/install/carla_waypoint_types/include/carla_waypoint_types/msg/detail/carla_waypoint__struct.hpp
[10.088s] -- Installing: /home/zhangwencheng/Documents/autonomous_driving/projects/carla-ros-bridge/install/carla_waypoint_types/include/carla_waypoint_types/msg/detail/carla_waypoint__type_support.hpp
[10.088s] -- Installing: /home/zhangwencheng/Documents/autonomous_driving/projects/carla-ros-bridge/install/carla_waypoint_types/include/carla_waypoint_types/msg/detail/carla_waypoint__traits.hpp
[10.088s] -- Installing: /home/zhangwencheng/Documents/autonomous_driving/projects/carla-ros-bridge/install/carla_waypoint_types/include/carla_waypoint_types/msg/rosidl_generator_cpp__visibility_control.hpp
[10.088s] -- Installing: /home/zhangwencheng/Documents/autonomous_driving/projects/carla-ros-bridge/install/carla_waypoint_types/include/carla_waypoint_types/msg/carla_waypoint.hpp
[10.088s] -- Up-to-date: /home/zhangwencheng/Documents/autonomous_driving/projects/carla-ros-bridge/install/carla_waypoint_types/include/carla_waypoint_types/srv
[10.088s] -- Installing: /home/zhangwencheng/Documents/autonomous_driving/projects/carla-ros-bridge/install/carla_waypoint_types/include/carla_waypoint_types/srv/get_actor_waypoint.hpp
[10.088s] -- Installing: /home/zhangwencheng/Documents/autonomous_driving/projects/carla-ros-bridge/install/carla_waypoint_types/include/carla_waypoint_types/srv/get_waypoint.hpp
[10.088s] -- Up-to-date: /home/zhangwencheng/Documents/autonomous_driving/projects/carla-ros-bridge/install/carla_waypoint_types/include/carla_waypoint_types/srv/detail
[10.088s] -- Installing: /home/zhangwencheng/Documents/autonomous_driving/projects/carla-ros-bridge/install/carla_waypoint_types/include/carla_waypoint_types/srv/detail/get_waypoint__builder.hpp
[10.089s] -- Installing: /home/zhangwencheng/Documents/autonomous_driving/projects/carla-ros-bridge/install/carla_waypoint_types/include/carla_waypoint_types/srv/detail/get_waypoint__traits.hpp
[10.089s] -- Installing: /home/zhangwencheng/Documents/autonomous_driving/projects/carla-ros-bridge/install/carla_waypoint_types/include/carla_waypoint_types/srv/detail/get_waypoint__type_support.hpp
[10.089s] -- Installing: /home/zhangwencheng/Documents/autonomous_driving/projects/carla-ros-bridge/install/carla_waypoint_types/include/carla_waypoint_types/srv/detail/get_actor_waypoint__struct.hpp
[10.089s] -- Installing: /home/zhangwencheng/Documents/autonomous_driving/projects/carla-ros-bridge/install/carla_waypoint_types/include/carla_waypoint_types/srv/detail/get_actor_waypoint__traits.hpp
[10.089s] -- Installing: /home/zhangwencheng/Documents/autonomous_driving/projects/carla-ros-bridge/install/carla_waypoint_types/include/carla_waypoint_types/srv/detail/get_actor_waypoint__builder.hpp
[10.089s] -- Installing: /home/zhangwencheng/Documents/autonomous_driving/projects/carla-ros-bridge/install/carla_waypoint_types/include/carla_waypoint_types/srv/detail/get_actor_waypoint__type_support.hpp
[10.089s] -- Installing: /home/zhangwencheng/Documents/autonomous_driving/projects/carla-ros-bridge/install/carla_waypoint_types/include/carla_waypoint_types/srv/detail/get_waypoint__struct.hpp
[10.092s] -- Up-to-date: /home/zhangwencheng/Documents/autonomous_driving/projects/carla-ros-bridge/install/carla_waypoint_types/include/carla_waypoint_types
[10.092s] -- Up-to-date: /home/zhangwencheng/Documents/autonomous_driving/projects/carla-ros-bridge/install/carla_waypoint_types/include/carla_waypoint_types/msg
[10.092s] -- Up-to-date: /home/zhangwencheng/Documents/autonomous_driving/projects/carla-ros-bridge/install/carla_waypoint_types/include/carla_waypoint_types/msg/detail
[10.096s] -- Installing: /home/zhangwencheng/Documents/autonomous_driving/projects/carla-ros-bridge/install/carla_waypoint_types/include/carla_waypoint_types/msg/detail/carla_waypoint__type_support.cpp
[10.096s] -- Installing: /home/zhangwencheng/Documents/autonomous_driving/projects/carla-ros-bridge/install/carla_waypoint_types/include/carla_waypoint_types/msg/detail/carla_waypoint__rosidl_typesupport_introspection_cpp.hpp
[10.096s] -- Up-to-date: /home/zhangwencheng/Documents/autonomous_driving/projects/carla-ros-bridge/install/carla_waypoint_types/include/carla_waypoint_types/srv
[10.097s] -- Up-to-date: /home/zhangwencheng/Documents/autonomous_driving/projects/carla-ros-bridge/install/carla_waypoint_types/include/carla_waypoint_types/srv/detail
[10.097s] -- Installing: /home/zhangwencheng/Documents/autonomous_driving/projects/carla-ros-bridge/install/carla_waypoint_types/include/carla_waypoint_types/srv/detail/get_waypoint__type_support.cpp
[10.097s] -- Installing: /home/zhangwencheng/Documents/autonomous_driving/projects/carla-ros-bridge/install/carla_waypoint_types/include/carla_waypoint_types/srv/detail/get_actor_waypoint__rosidl_typesupport_introspection_cpp.hpp
[10.097s] -- Installing: /home/zhangwencheng/Documents/autonomous_driving/projects/carla-ros-bridge/install/carla_waypoint_types/include/carla_waypoint_types/srv/detail/get_waypoint__rosidl_typesupport_introspection_cpp.hpp
[10.097s] -- Installing: /home/zhangwencheng/Documents/autonomous_driving/projects/carla-ros-bridge/install/carla_waypoint_types/include/carla_waypoint_types/srv/detail/get_actor_waypoint__type_support.cpp
[10.097s] -- Installing: /home/zhangwencheng/Documents/autonomous_driving/projects/carla-ros-bridge/install/carla_waypoint_types/lib/libcarla_waypoint_types__rosidl_typesupport_introspection_cpp.so
[10.097s] -- Set runtime path of "/home/zhangwencheng/Documents/autonomous_driving/projects/carla-ros-bridge/install/carla_waypoint_types/lib/libcarla_waypoint_types__rosidl_typesupport_introspection_cpp.so" to ""
[10.097s] -- Installing: /home/zhangwencheng/Documents/autonomous_driving/projects/carla-ros-bridge/install/carla_waypoint_types/lib/libcarla_waypoint_types__rosidl_typesupport_cpp.so
[10.097s] -- Set runtime path of "/home/zhangwencheng/Documents/autonomous_driving/projects/carla-ros-bridge/install/carla_waypoint_types/lib/libcarla_waypoint_types__rosidl_typesupport_cpp.so" to ""
[10.098s] -- Installing: /home/zhangwencheng/Documents/autonomous_driving/projects/carla-ros-bridge/install/carla_waypoint_types/share/carla_waypoint_types/environment/pythonpath.sh
[10.102s] -- Installing: /home/zhangwencheng/Documents/autonomous_driving/projects/carla-ros-bridge/install/carla_waypoint_types/share/carla_waypoint_types/environment/pythonpath.dsv
[10.102s] -- Installing: /home/zhangwencheng/Documents/autonomous_driving/projects/carla-ros-bridge/install/carla_waypoint_types/lib/python3.8/site-packages/carla_waypoint_types/__init__.py
[10.170s] Compiling '/home/zhangwencheng/Documents/autonomous_driving/projects/carla-ros-bridge/install/carla_waypoint_types/lib/python3.8/site-packages/carla_waypoint_types/__init__.py'...
[10.188s] -- Installing: /home/zhangwencheng/Documents/autonomous_driving/projects/carla-ros-bridge/install/carla_waypoint_types/lib/python3.8/site-packages/carla_waypoint_types/msg
[10.188s] -- Installing: /home/zhangwencheng/Documents/autonomous_driving/projects/carla-ros-bridge/install/carla_waypoint_types/lib/python3.8/site-packages/carla_waypoint_types/msg/_carla_waypoint.py
[10.188s] -- Installing: /home/zhangwencheng/Documents/autonomous_driving/projects/carla-ros-bridge/install/carla_waypoint_types/lib/python3.8/site-packages/carla_waypoint_types/msg/_carla_waypoint_s.c
[10.189s] -- Installing: /home/zhangwencheng/Documents/autonomous_driving/projects/carla-ros-bridge/install/carla_waypoint_types/lib/python3.8/site-packages/carla_waypoint_types/msg/__init__.py
[10.189s] -- Installing: /home/zhangwencheng/Documents/autonomous_driving/projects/carla-ros-bridge/install/carla_waypoint_types/lib/python3.8/site-packages/carla_waypoint_types/srv
[10.190s] -- Installing: /home/zhangwencheng/Documents/autonomous_driving/projects/carla-ros-bridge/install/carla_waypoint_types/lib/python3.8/site-packages/carla_waypoint_types/srv/_get_waypoint_s.c
[10.190s] -- Installing: /home/zhangwencheng/Documents/autonomous_driving/projects/carla-ros-bridge/install/carla_waypoint_types/lib/python3.8/site-packages/carla_waypoint_types/srv/_get_waypoint.py
[10.191s] -- Installing: /home/zhangwencheng/Documents/autonomous_driving/projects/carla-ros-bridge/install/carla_waypoint_types/lib/python3.8/site-packages/carla_waypoint_types/srv/_get_actor_waypoint.py
[10.191s] -- Installing: /home/zhangwencheng/Documents/autonomous_driving/projects/carla-ros-bridge/install/carla_waypoint_types/lib/python3.8/site-packages/carla_waypoint_types/srv/_get_actor_waypoint_s.c
[10.191s] -- Installing: /home/zhangwencheng/Documents/autonomous_driving/projects/carla-ros-bridge/install/carla_waypoint_types/lib/python3.8/site-packages/carla_waypoint_types/srv/__init__.py
[10.192s] -- Installing: /home/zhangwencheng/Documents/autonomous_driving/projects/carla-ros-bridge/install/carla_waypoint_types/lib/python3.8/site-packages/carla_waypoint_types/carla_waypoint_types_s__rosidl_typesupport_fastrtps_c.cpython-38-x86_64-linux-gnu.so
[10.192s] -- Set runtime path of "/home/zhangwencheng/Documents/autonomous_driving/projects/carla-ros-bridge/install/carla_waypoint_types/lib/python3.8/site-packages/carla_waypoint_types/carla_waypoint_types_s__rosidl_typesupport_fastrtps_c.cpython-38-x86_64-linux-gnu.so" to ""
[10.193s] -- Installing: /home/zhangwencheng/Documents/autonomous_driving/projects/carla-ros-bridge/install/carla_waypoint_types/lib/python3.8/site-packages/carla_waypoint_types/carla_waypoint_types_s__rosidl_typesupport_introspection_c.cpython-38-x86_64-linux-gnu.so
[10.194s] -- Set runtime path of "/home/zhangwencheng/Documents/autonomous_driving/projects/carla-ros-bridge/install/carla_waypoint_types/lib/python3.8/site-packages/carla_waypoint_types/carla_waypoint_types_s__rosidl_typesupport_introspection_c.cpython-38-x86_64-linux-gnu.so" to ""
[10.194s] -- Installing: /home/zhangwencheng/Documents/autonomous_driving/projects/carla-ros-bridge/install/carla_waypoint_types/lib/python3.8/site-packages/carla_waypoint_types/carla_waypoint_types_s__rosidl_typesupport_c.cpython-38-x86_64-linux-gnu.so
[10.196s] -- Set runtime path of "/home/zhangwencheng/Documents/autonomous_driving/projects/carla-ros-bridge/install/carla_waypoint_types/lib/python3.8/site-packages/carla_waypoint_types/carla_waypoint_types_s__rosidl_typesupport_c.cpython-38-x86_64-linux-gnu.so" to ""
[10.196s] -- Installing: /home/zhangwencheng/Documents/autonomous_driving/projects/carla-ros-bridge/install/carla_waypoint_types/lib/libcarla_waypoint_types__python.so
[10.197s] -- Set runtime path of "/home/zhangwencheng/Documents/autonomous_driving/projects/carla-ros-bridge/install/carla_waypoint_types/lib/libcarla_waypoint_types__python.so" to ""
[10.198s] -- Installing: /home/zhangwencheng/Documents/autonomous_driving/projects/carla-ros-bridge/install/carla_waypoint_types/share/carla_waypoint_types/msg/CarlaWaypoint.idl
[10.198s] -- Installing: /home/zhangwencheng/Documents/autonomous_driving/projects/carla-ros-bridge/install/carla_waypoint_types/share/carla_waypoint_types/srv/GetWaypoint.idl
[10.198s] -- Installing: /home/zhangwencheng/Documents/autonomous_driving/projects/carla-ros-bridge/install/carla_waypoint_types/share/carla_waypoint_types/srv/GetActorWaypoint.idl
[10.199s] -- Installing: /home/zhangwencheng/Documents/autonomous_driving/projects/carla-ros-bridge/install/carla_waypoint_types/share/carla_waypoint_types/msg/CarlaWaypoint.msg
[10.199s] -- Installing: /home/zhangwencheng/Documents/autonomous_driving/projects/carla-ros-bridge/install/carla_waypoint_types/share/carla_waypoint_types/srv/GetWaypoint.srv
[10.199s] -- Installing: /home/zhangwencheng/Documents/autonomous_driving/projects/carla-ros-bridge/install/carla_waypoint_types/share/carla_waypoint_types/srv/GetWaypoint_Request.msg
[10.200s] -- Installing: /home/zhangwencheng/Documents/autonomous_driving/projects/carla-ros-bridge/install/carla_waypoint_types/share/carla_waypoint_types/srv/GetWaypoint_Response.msg
[10.200s] -- Installing: /home/zhangwencheng/Documents/autonomous_driving/projects/carla-ros-bridge/install/carla_waypoint_types/share/carla_waypoint_types/srv/GetActorWaypoint.srv
[10.200s] -- Installing: /home/zhangwencheng/Documents/autonomous_driving/projects/carla-ros-bridge/install/carla_waypoint_types/share/carla_waypoint_types/srv/GetActorWaypoint_Request.msg
[10.201s] -- Installing: /home/zhangwencheng/Documents/autonomous_driving/projects/carla-ros-bridge/install/carla_waypoint_types/share/carla_waypoint_types/srv/GetActorWaypoint_Response.msg
[10.201s] -- Installing: /home/zhangwencheng/Documents/autonomous_driving/projects/carla-ros-bridge/install/carla_waypoint_types/share/ament_index/resource_index/package_run_dependencies/carla_waypoint_types
[10.201s] -- Installing: /home/zhangwencheng/Documents/autonomous_driving/projects/carla-ros-bridge/install/carla_waypoint_types/share/ament_index/resource_index/parent_prefix_path/carla_waypoint_types
[10.202s] -- Installing: /home/zhangwencheng/Documents/autonomous_driving/projects/carla-ros-bridge/install/carla_waypoint_types/share/carla_waypoint_types/environment/ament_prefix_path.sh
[10.202s] -- Installing: /home/zhangwencheng/Documents/autonomous_driving/projects/carla-ros-bridge/install/carla_waypoint_types/share/carla_waypoint_types/environment/ament_prefix_path.dsv
[10.202s] -- Installing: /home/zhangwencheng/Documents/autonomous_driving/projects/carla-ros-bridge/install/carla_waypoint_types/share/carla_waypoint_types/environment/path.sh
[10.203s] -- Installing: /home/zhangwencheng/Documents/autonomous_driving/projects/carla-ros-bridge/install/carla_waypoint_types/share/carla_waypoint_types/environment/path.dsv
[10.203s] -- Installing: /home/zhangwencheng/Documents/autonomous_driving/projects/carla-ros-bridge/install/carla_waypoint_types/share/carla_waypoint_types/local_setup.bash
[10.203s] -- Installing: /home/zhangwencheng/Documents/autonomous_driving/projects/carla-ros-bridge/install/carla_waypoint_types/share/carla_waypoint_types/local_setup.sh
[10.204s] -- Installing: /home/zhangwencheng/Documents/autonomous_driving/projects/carla-ros-bridge/install/carla_waypoint_types/share/carla_waypoint_types/local_setup.zsh
[10.204s] -- Installing: /home/zhangwencheng/Documents/autonomous_driving/projects/carla-ros-bridge/install/carla_waypoint_types/share/carla_waypoint_types/local_setup.dsv
[10.204s] -- Installing: /home/zhangwencheng/Documents/autonomous_driving/projects/carla-ros-bridge/install/carla_waypoint_types/share/carla_waypoint_types/package.dsv
[10.205s] -- Installing: /home/zhangwencheng/Documents/autonomous_driving/projects/carla-ros-bridge/install/carla_waypoint_types/share/ament_index/resource_index/packages/carla_waypoint_types
[10.205s] -- Installing: /home/zhangwencheng/Documents/autonomous_driving/projects/carla-ros-bridge/install/carla_waypoint_types/share/carla_waypoint_types/cmake/carla_waypoint_types__rosidl_generator_cExport.cmake
[10.206s] -- Installing: /home/zhangwencheng/Documents/autonomous_driving/projects/carla-ros-bridge/install/carla_waypoint_types/share/carla_waypoint_types/cmake/carla_waypoint_types__rosidl_generator_cExport-noconfig.cmake
[10.206s] -- Installing: /home/zhangwencheng/Documents/autonomous_driving/projects/carla-ros-bridge/install/carla_waypoint_types/share/carla_waypoint_types/cmake/carla_waypoint_types__rosidl_typesupport_introspection_cExport.cmake
[10.206s] -- Installing: /home/zhangwencheng/Documents/autonomous_driving/projects/carla-ros-bridge/install/carla_waypoint_types/share/carla_waypoint_types/cmake/carla_waypoint_types__rosidl_typesupport_introspection_cExport-noconfig.cmake
[10.207s] -- Installing: /home/zhangwencheng/Documents/autonomous_driving/projects/carla-ros-bridge/install/carla_waypoint_types/share/carla_waypoint_types/cmake/carla_waypoint_types__rosidl_typesupport_cExport.cmake
[10.208s] -- Installing: /home/zhangwencheng/Documents/autonomous_driving/projects/carla-ros-bridge/install/carla_waypoint_types/share/carla_waypoint_types/cmake/carla_waypoint_types__rosidl_typesupport_cExport-noconfig.cmake
[10.208s] -- Installing: /home/zhangwencheng/Documents/autonomous_driving/projects/carla-ros-bridge/install/carla_waypoint_types/share/carla_waypoint_types/cmake/carla_waypoint_types__rosidl_generator_cppExport.cmake
[10.210s] -- Installing: /home/zhangwencheng/Documents/autonomous_driving/projects/carla-ros-bridge/install/carla_waypoint_types/share/carla_waypoint_types/cmake/carla_waypoint_types__rosidl_typesupport_introspection_cppExport.cmake
[10.211s] -- Installing: /home/zhangwencheng/Documents/autonomous_driving/projects/carla-ros-bridge/install/carla_waypoint_types/share/carla_waypoint_types/cmake/carla_waypoint_types__rosidl_typesupport_introspection_cppExport-noconfig.cmake
[10.212s] -- Installing: /home/zhangwencheng/Documents/autonomous_driving/projects/carla-ros-bridge/install/carla_waypoint_types/share/carla_waypoint_types/cmake/carla_waypoint_types__rosidl_typesupport_cppExport.cmake
[10.212s] -- Installing: /home/zhangwencheng/Documents/autonomous_driving/projects/carla-ros-bridge/install/carla_waypoint_types/share/carla_waypoint_types/cmake/carla_waypoint_types__rosidl_typesupport_cppExport-noconfig.cmake
[10.212s] -- Installing: /home/zhangwencheng/Documents/autonomous_driving/projects/carla-ros-bridge/install/carla_waypoint_types/share/carla_waypoint_types/cmake/rosidl_cmake-extras.cmake
[10.213s] -- Installing: /home/zhangwencheng/Documents/autonomous_driving/projects/carla-ros-bridge/install/carla_waypoint_types/share/carla_waypoint_types/cmake/ament_cmake_export_dependencies-extras.cmake
[10.213s] -- Installing: /home/zhangwencheng/Documents/autonomous_driving/projects/carla-ros-bridge/install/carla_waypoint_types/share/carla_waypoint_types/cmake/ament_cmake_export_libraries-extras.cmake
[10.213s] -- Installing: /home/zhangwencheng/Documents/autonomous_driving/projects/carla-ros-bridge/install/carla_waypoint_types/share/carla_waypoint_types/cmake/ament_cmake_export_targets-extras.cmake
[10.214s] -- Installing: /home/zhangwencheng/Documents/autonomous_driving/projects/carla-ros-bridge/install/carla_waypoint_types/share/carla_waypoint_types/cmake/ament_cmake_export_include_directories-extras.cmake
[10.214s] -- Installing: /home/zhangwencheng/Documents/autonomous_driving/projects/carla-ros-bridge/install/carla_waypoint_types/share/carla_waypoint_types/cmake/rosidl_cmake_export_typesupport_libraries-extras.cmake
[10.214s] -- Installing: /home/zhangwencheng/Documents/autonomous_driving/projects/carla-ros-bridge/install/carla_waypoint_types/share/carla_waypoint_types/cmake/rosidl_cmake_export_typesupport_targets-extras.cmake
[10.215s] -- Installing: /home/zhangwencheng/Documents/autonomous_driving/projects/carla-ros-bridge/install/carla_waypoint_types/share/carla_waypoint_types/cmake/carla_waypoint_typesConfig.cmake
[10.215s] -- Installing: /home/zhangwencheng/Documents/autonomous_driving/projects/carla-ros-bridge/install/carla_waypoint_types/share/carla_waypoint_types/cmake/carla_waypoint_typesConfig-version.cmake
[10.215s] -- Installing: /home/zhangwencheng/Documents/autonomous_driving/projects/carla-ros-bridge/install/carla_waypoint_types/share/carla_waypoint_types/package.xml
[10.233s] Invoked command in '/home/zhangwencheng/Documents/autonomous_driving/projects/carla-ros-bridge/build/carla_waypoint_types' returned '0': CMAKE_PREFIX_PATH=/opt/ros/foxy CONDA_PROMPT_MODIFIER=(base) /usr/bin/cmake --install /home/zhangwencheng/Documents/autonomous_driving/projects/carla-ros-bridge/build/carla_waypoint_types
