[01m[K/home/zhangwencheng/Documents/autonomous_driving/projects/carla-ros-bridge/src/ros-bridge/carla_shenlan_projects/carla_shenlan_a_star_planner/src/Astar_searcher.cpp:[m[K In member function ‘[01m[Kdouble AstarPathFinder::getHeu(GridNodePtr, GridNodePtr)[m[K’:
[01m[K/home/zhangwencheng/Documents/autonomous_driving/projects/carla-ros-bridge/src/ros-bridge/carla_shenlan_projects/carla_shenlan_a_star_planner/src/Astar_searcher.cpp:239:21:[m[K [01;35m[Kwarning: [m[Kvariable ‘[01m[Knode1_coordinate[m[K’ set but not used [[01;35m[K-Wunused-but-set-variable[m[K]
  239 |     Eigen::Vector3d [01;35m[Knode1_coordinate[m[K = node1->coord;
      |                     [01;35m[K^~~~~~~~~~~~~~~~[m[K
[01m[K/home/zhangwencheng/Documents/autonomous_driving/projects/carla-ros-bridge/src/ros-bridge/carla_shenlan_projects/carla_shenlan_a_star_planner/src/Astar_searcher.cpp:240:21:[m[K [01;35m[Kwarning: [m[Kvariable ‘[01m[Knode2_coordinate[m[K’ set but not used [[01;35m[K-Wunused-but-set-variable[m[K]
  240 |     Eigen::Vector3d [01;35m[Knode2_coordinate[m[K = node2->coord;
      |                     [01;35m[K^~~~~~~~~~~~~~~~[m[K
In file included from [01m[K/usr/include/c++/9/bits/char_traits.h:39[m[K,
                 from [01m[K/usr/include/c++/9/ios:40[m[K,
                 from [01m[K/usr/include/c++/9/ostream:38[m[K,
                 from [01m[K/usr/include/c++/9/iostream:39[m[K,
                 from [01m[K/home/zhangwencheng/Documents/autonomous_driving/projects/carla-ros-bridge/src/ros-bridge/carla_shenlan_projects/carla_shenlan_a_star_planner/include/carla_shenlan_a_star_planner/Astar_searcher.h:4[m[K,
                 from [01m[K/home/zhangwencheng/Documents/autonomous_driving/projects/carla-ros-bridge/src/ros-bridge/carla_shenlan_projects/carla_shenlan_a_star_planner/src/Astar_searcher.cpp:1[m[K:
/usr/include/c++/9/bits/stl_algobase.h: In instantiation of ‘[01m[Kconstexpr const _Tp& std::min(const _Tp&, const _Tp&, _Compare) [with _Tp = double; _Compare = double][m[K’:
[01m[K/home/zhangwencheng/Documents/autonomous_driving/projects/carla-ros-bridge/src/ros-bridge/carla_shenlan_projects/carla_shenlan_a_star_planner/src/Astar_searcher.cpp:262:37:[m[K   required from here
[01m[K/usr/include/c++/9/bits/stl_algobase.h:249:17:[m[K [01;31m[Kerror: [m[K‘[01m[K__comp[m[K’ cannot be used as a function
  249 |       if ([01;31m[K__comp(__b, __a)[m[K)
      |           [01;31m[K~~~~~~^~~~~~~~~~[m[K
make[2]: *** [CMakeFiles/a_star_planner.dir/build.make:76：CMakeFiles/a_star_planner.dir/src/Astar_searcher.cpp.o] 错误 1
make[1]: *** [CMakeFiles/Makefile2:107：CMakeFiles/a_star_planner.dir/all] 错误 2
make: *** [Makefile:141：all] 错误 2
