[0.020s] Invoking command in '/home/zhangwencheng/Documents/autonomous_driving/projects/carla-ros-bridge/build/carla_shenlan_a_star_planner': AMENT_PREFIX_PATH=/home/zhangwencheng/Documents/autonomous_driving/projects/carla-ros-bridge/install/carla_msgs:${AMENT_PREFIX_PATH} CMAKE_PREFIX_PATH=/home/zhangwencheng/Documents/autonomous_driving/projects/carla-ros-bridge/install/carla_msgs:/opt/ros/foxy CONDA_PROMPT_MODIFIER=(base) LD_LIBRARY_PATH=/home/zhangwencheng/Documents/autonomous_driving/projects/carla-ros-bridge/install/carla_msgs/lib:${LD_LIBRARY_PATH} PYTHONPATH=/home/zhangwencheng/Documents/autonomous_driving/projects/carla-ros-bridge/install/carla_msgs/lib/python3.8/site-packages:${PYTHONPATH} /usr/bin/cmake --build /home/zhangwencheng/Documents/autonomous_driving/projects/carla-ros-bridge/build/carla_shenlan_a_star_planner -- -j12 -l12
[0.064s] [35m[1mScanning dependencies of target a_star_planner[0m
[0.084s] [ 40%] Built target random_map_generator
[0.100s] [ 60%] [32mBuilding CXX object CMakeFiles/a_star_planner.dir/src/Astar_searcher.cpp.o[0m
[2.164s] [01m[K/home/zhangwencheng/Documents/autonomous_driving/projects/carla-ros-bridge/src/ros-bridge/carla_shenlan_projects/carla_shenlan_a_star_planner/src/Astar_searcher.cpp:[m[K In member function ‘[01m[Kdouble AstarPathFinder::getHeu(GridNodePtr, GridNodePtr)[m[K’:
[2.164s] [01m[K/home/zhangwencheng/Documents/autonomous_driving/projects/carla-ros-bridge/src/ros-bridge/carla_shenlan_projects/carla_shenlan_a_star_planner/src/Astar_searcher.cpp:239:21:[m[K [01;35m[Kwarning: [m[Kvariable ‘[01m[Knode1_coordinate[m[K’ set but not used [[01;35m[K-Wunused-but-set-variable[m[K]
[2.164s]   239 |     Eigen::Vector3d [01;35m[Knode1_coordinate[m[K = node1->coord;
[2.164s]       |                     [01;35m[K^~~~~~~~~~~~~~~~[m[K
[2.164s] [01m[K/home/zhangwencheng/Documents/autonomous_driving/projects/carla-ros-bridge/src/ros-bridge/carla_shenlan_projects/carla_shenlan_a_star_planner/src/Astar_searcher.cpp:240:21:[m[K [01;35m[Kwarning: [m[Kvariable ‘[01m[Knode2_coordinate[m[K’ set but not used [[01;35m[K-Wunused-but-set-variable[m[K]
[2.164s]   240 |     Eigen::Vector3d [01;35m[Knode2_coordinate[m[K = node2->coord;
[2.164s]       |                     [01;35m[K^~~~~~~~~~~~~~~~[m[K
[2.265s] In file included from [01m[K/usr/include/c++/9/bits/char_traits.h:39[m[K,
[2.265s]                  from [01m[K/usr/include/c++/9/ios:40[m[K,
[2.265s]                  from [01m[K/usr/include/c++/9/ostream:38[m[K,
[2.265s]                  from [01m[K/usr/include/c++/9/iostream:39[m[K,
[2.266s]                  from [01m[K/home/zhangwencheng/Documents/autonomous_driving/projects/carla-ros-bridge/src/ros-bridge/carla_shenlan_projects/carla_shenlan_a_star_planner/include/carla_shenlan_a_star_planner/Astar_searcher.h:4[m[K,
[2.266s]                  from [01m[K/home/zhangwencheng/Documents/autonomous_driving/projects/carla-ros-bridge/src/ros-bridge/carla_shenlan_projects/carla_shenlan_a_star_planner/src/Astar_searcher.cpp:1[m[K:
[2.266s] /usr/include/c++/9/bits/stl_algobase.h: In instantiation of ‘[01m[Kconstexpr const _Tp& std::min(const _Tp&, const _Tp&, _Compare) [with _Tp = double; _Compare = double][m[K’:
[2.266s] [01m[K/home/zhangwencheng/Documents/autonomous_driving/projects/carla-ros-bridge/src/ros-bridge/carla_shenlan_projects/carla_shenlan_a_star_planner/src/Astar_searcher.cpp:262:37:[m[K   required from here
[2.266s] [01m[K/usr/include/c++/9/bits/stl_algobase.h:249:17:[m[K [01;31m[Kerror: [m[K‘[01m[K__comp[m[K’ cannot be used as a function
[2.266s]   249 |       if ([01;31m[K__comp(__b, __a)[m[K)
[2.266s]       |           [01;31m[K~~~~~~^~~~~~~~~~[m[K
[2.644s] make[2]: *** [CMakeFiles/a_star_planner.dir/build.make:76：CMakeFiles/a_star_planner.dir/src/Astar_searcher.cpp.o] 错误 1
[2.645s] make[1]: *** [CMakeFiles/Makefile2:107：CMakeFiles/a_star_planner.dir/all] 错误 2
[2.645s] make: *** [Makefile:141：all] 错误 2
[2.646s] Invoked command in '/home/zhangwencheng/Documents/autonomous_driving/projects/carla-ros-bridge/build/carla_shenlan_a_star_planner' returned '2': AMENT_PREFIX_PATH=/home/zhangwencheng/Documents/autonomous_driving/projects/carla-ros-bridge/install/carla_msgs:${AMENT_PREFIX_PATH} CMAKE_PREFIX_PATH=/home/zhangwencheng/Documents/autonomous_driving/projects/carla-ros-bridge/install/carla_msgs:/opt/ros/foxy CONDA_PROMPT_MODIFIER=(base) LD_LIBRARY_PATH=/home/zhangwencheng/Documents/autonomous_driving/projects/carla-ros-bridge/install/carla_msgs/lib:${LD_LIBRARY_PATH} PYTHONPATH=/home/zhangwencheng/Documents/autonomous_driving/projects/carla-ros-bridge/install/carla_msgs/lib/python3.8/site-packages:${PYTHONPATH} /usr/bin/cmake --build /home/zhangwencheng/Documents/autonomous_driving/projects/carla-ros-bridge/build/carla_shenlan_a_star_planner -- -j12 -l12
