[1.050s] Invoking command in '/home/zhangwencheng/Documents/autonomous_driving/projects/carla-ros-bridge/src/ros-bridge/carla_ros_bridge': AMENT_PREFIX_PATH=/home/zhangwencheng/Documents/autonomous_driving/projects/carla-ros-bridge/install/carla_spawn_objects:/home/zhangwencheng/Documents/autonomous_driving/projects/carla-ros-bridge/install/carla_manual_control:/home/zhangwencheng/Documents/autonomous_driving/projects/carla-ros-bridge/install/ros_compatibility:/home/zhangwencheng/Documents/autonomous_driving/projects/carla-ros-bridge/install/carla_msgs:/home/zhangwencheng/Documents/autonomous_driving/projects/carla-ros-bridge/install/carla_common:${AMENT_PREFIX_PATH} CMAKE_PREFIX_PATH=/home/zhangwencheng/Documents/autonomous_driving/projects/carla-ros-bridge/install/carla_msgs CONDA_PROMPT_MODIFIER=(base) LD_LIBRARY_PATH=/home/zhangwencheng/Documents/autonomous_driving/projects/carla-ros-bridge/install/carla_msgs/lib:${LD_LIBRARY_PATH} PYTHONPATH=/home/zhangwencheng/Documents/autonomous_driving/projects/carla-ros-bridge/build/carla_ros_bridge/prefix_override:/home/zhangwencheng/Documents/autonomous_driving/projects/carla-ros-bridge/install/carla_ros_bridge/lib/python3.8/site-packages:/home/zhangwencheng/Documents/autonomous_driving/projects/carla-ros-bridge/install/carla_spawn_objects/lib/python3.8/site-packages:/home/zhangwencheng/Documents/autonomous_driving/projects/carla-ros-bridge/install/carla_manual_control/lib/python3.8/site-packages:/home/zhangwencheng/Documents/autonomous_driving/projects/carla-ros-bridge/install/ros_compatibility/lib/python3.8/site-packages:/home/zhangwencheng/Documents/autonomous_driving/projects/carla-ros-bridge/install/carla_msgs/lib/python3.8/site-packages:/home/zhangwencheng/Documents/autonomous_driving/projects/carla-ros-bridge/install/carla_common/lib/python3.8/site-packages:${PYTHONPATH} /usr/bin/python3 setup.py egg_info --egg-base ../../../build/carla_ros_bridge build --build-base /home/zhangwencheng/Documents/autonomous_driving/projects/carla-ros-bridge/build/carla_ros_bridge/build install --record /home/zhangwencheng/Documents/autonomous_driving/projects/carla-ros-bridge/build/carla_ros_bridge/install.log --single-version-externally-managed
[1.394s] running egg_info
[1.395s] creating ../../../build/carla_ros_bridge/carla_ros_bridge.egg-info
[1.396s] writing ../../../build/carla_ros_bridge/carla_ros_bridge.egg-info/PKG-INFO
[1.396s] writing dependency_links to ../../../build/carla_ros_bridge/carla_ros_bridge.egg-info/dependency_links.txt
[1.397s] writing entry points to ../../../build/carla_ros_bridge/carla_ros_bridge.egg-info/entry_points.txt
[1.397s] writing requirements to ../../../build/carla_ros_bridge/carla_ros_bridge.egg-info/requires.txt
[1.397s] writing top-level names to ../../../build/carla_ros_bridge/carla_ros_bridge.egg-info/top_level.txt
[1.399s] writing manifest file '../../../build/carla_ros_bridge/carla_ros_bridge.egg-info/SOURCES.txt'
[1.499s] reading manifest file '../../../build/carla_ros_bridge/carla_ros_bridge.egg-info/SOURCES.txt'
[1.504s] writing manifest file '../../../build/carla_ros_bridge/carla_ros_bridge.egg-info/SOURCES.txt'
[1.504s] running build
[1.504s] running build_py
[1.504s] creating /home/zhangwencheng/Documents/autonomous_driving/projects/carla-ros-bridge/build/carla_ros_bridge/build
[1.505s] creating /home/zhangwencheng/Documents/autonomous_driving/projects/carla-ros-bridge/build/carla_ros_bridge/build/lib
[1.505s] creating /home/zhangwencheng/Documents/autonomous_driving/projects/carla-ros-bridge/build/carla_ros_bridge/build/lib/carla_ros_bridge
[1.505s] copying src/carla_ros_bridge/tf_sensor.py -> /home/zhangwencheng/Documents/autonomous_driving/projects/carla-ros-bridge/build/carla_ros_bridge/build/lib/carla_ros_bridge
[1.505s] copying src/carla_ros_bridge/pseudo_actor.py -> /home/zhangwencheng/Documents/autonomous_driving/projects/carla-ros-bridge/build/carla_ros_bridge/build/lib/carla_ros_bridge
[1.505s] copying src/carla_ros_bridge/actor_control.py -> /home/zhangwencheng/Documents/autonomous_driving/projects/carla-ros-bridge/build/carla_ros_bridge/build/lib/carla_ros_bridge
[1.505s] copying src/carla_ros_bridge/traffic_participant.py -> /home/zhangwencheng/Documents/autonomous_driving/projects/carla-ros-bridge/build/carla_ros_bridge/build/lib/carla_ros_bridge
[1.505s] copying src/carla_ros_bridge/lane_invasion_sensor.py -> /home/zhangwencheng/Documents/autonomous_driving/projects/carla-ros-bridge/build/carla_ros_bridge/build/lib/carla_ros_bridge
[1.505s] copying src/carla_ros_bridge/marker_sensor.py -> /home/zhangwencheng/Documents/autonomous_driving/projects/carla-ros-bridge/build/carla_ros_bridge/build/lib/carla_ros_bridge
[1.505s] copying src/carla_ros_bridge/opendrive_sensor.py -> /home/zhangwencheng/Documents/autonomous_driving/projects/carla-ros-bridge/build/carla_ros_bridge/build/lib/carla_ros_bridge
[1.506s] copying src/carla_ros_bridge/rss_sensor.py -> /home/zhangwencheng/Documents/autonomous_driving/projects/carla-ros-bridge/build/carla_ros_bridge/build/lib/carla_ros_bridge
[1.506s] copying src/carla_ros_bridge/traffic.py -> /home/zhangwencheng/Documents/autonomous_driving/projects/carla-ros-bridge/build/carla_ros_bridge/build/lib/carla_ros_bridge
[1.507s] copying src/carla_ros_bridge/lidar.py -> /home/zhangwencheng/Documents/autonomous_driving/projects/carla-ros-bridge/build/carla_ros_bridge/build/lib/carla_ros_bridge
[1.507s] copying src/carla_ros_bridge/object_sensor.py -> /home/zhangwencheng/Documents/autonomous_driving/projects/carla-ros-bridge/build/carla_ros_bridge/build/lib/carla_ros_bridge
[1.508s] copying src/carla_ros_bridge/spectator.py -> /home/zhangwencheng/Documents/autonomous_driving/projects/carla-ros-bridge/build/carla_ros_bridge/build/lib/carla_ros_bridge
[1.508s] copying src/carla_ros_bridge/camera.py -> /home/zhangwencheng/Documents/autonomous_driving/projects/carla-ros-bridge/build/carla_ros_bridge/build/lib/carla_ros_bridge
[1.509s] copying src/carla_ros_bridge/vehicle.py -> /home/zhangwencheng/Documents/autonomous_driving/projects/carla-ros-bridge/build/carla_ros_bridge/build/lib/carla_ros_bridge
[1.509s] copying src/carla_ros_bridge/speedometer_sensor.py -> /home/zhangwencheng/Documents/autonomous_driving/projects/carla-ros-bridge/build/carla_ros_bridge/build/lib/carla_ros_bridge
[1.510s] copying src/carla_ros_bridge/imu.py -> /home/zhangwencheng/Documents/autonomous_driving/projects/carla-ros-bridge/build/carla_ros_bridge/build/lib/carla_ros_bridge
[1.511s] copying src/carla_ros_bridge/actor_factory.py -> /home/zhangwencheng/Documents/autonomous_driving/projects/carla-ros-bridge/build/carla_ros_bridge/build/lib/carla_ros_bridge
[1.511s] copying src/carla_ros_bridge/carla_status_publisher.py -> /home/zhangwencheng/Documents/autonomous_driving/projects/carla-ros-bridge/build/carla_ros_bridge/build/lib/carla_ros_bridge
[1.512s] copying src/carla_ros_bridge/odom_sensor.py -> /home/zhangwencheng/Documents/autonomous_driving/projects/carla-ros-bridge/build/carla_ros_bridge/build/lib/carla_ros_bridge
[1.512s] copying src/carla_ros_bridge/actor.py -> /home/zhangwencheng/Documents/autonomous_driving/projects/carla-ros-bridge/build/carla_ros_bridge/build/lib/carla_ros_bridge
[1.513s] copying src/carla_ros_bridge/walker.py -> /home/zhangwencheng/Documents/autonomous_driving/projects/carla-ros-bridge/build/carla_ros_bridge/build/lib/carla_ros_bridge
[1.513s] copying src/carla_ros_bridge/radar.py -> /home/zhangwencheng/Documents/autonomous_driving/projects/carla-ros-bridge/build/carla_ros_bridge/build/lib/carla_ros_bridge
[1.514s] copying src/carla_ros_bridge/collision_sensor.py -> /home/zhangwencheng/Documents/autonomous_driving/projects/carla-ros-bridge/build/carla_ros_bridge/build/lib/carla_ros_bridge
[1.514s] copying src/carla_ros_bridge/gnss.py -> /home/zhangwencheng/Documents/autonomous_driving/projects/carla-ros-bridge/build/carla_ros_bridge/build/lib/carla_ros_bridge
[1.515s] copying src/carla_ros_bridge/traffic_lights_sensor.py -> /home/zhangwencheng/Documents/autonomous_driving/projects/carla-ros-bridge/build/carla_ros_bridge/build/lib/carla_ros_bridge
[1.515s] copying src/carla_ros_bridge/actor_list_sensor.py -> /home/zhangwencheng/Documents/autonomous_driving/projects/carla-ros-bridge/build/carla_ros_bridge/build/lib/carla_ros_bridge
[1.516s] copying src/carla_ros_bridge/__init__.py -> /home/zhangwencheng/Documents/autonomous_driving/projects/carla-ros-bridge/build/carla_ros_bridge/build/lib/carla_ros_bridge
[1.516s] copying src/carla_ros_bridge/world_info.py -> /home/zhangwencheng/Documents/autonomous_driving/projects/carla-ros-bridge/build/carla_ros_bridge/build/lib/carla_ros_bridge
[1.517s] copying src/carla_ros_bridge/debug_helper.py -> /home/zhangwencheng/Documents/autonomous_driving/projects/carla-ros-bridge/build/carla_ros_bridge/build/lib/carla_ros_bridge
[1.517s] copying src/carla_ros_bridge/sensor.py -> /home/zhangwencheng/Documents/autonomous_driving/projects/carla-ros-bridge/build/carla_ros_bridge/build/lib/carla_ros_bridge
[1.518s] copying src/carla_ros_bridge/ego_vehicle.py -> /home/zhangwencheng/Documents/autonomous_driving/projects/carla-ros-bridge/build/carla_ros_bridge/build/lib/carla_ros_bridge
[1.519s] copying src/carla_ros_bridge/bridge.py -> /home/zhangwencheng/Documents/autonomous_driving/projects/carla-ros-bridge/build/carla_ros_bridge/build/lib/carla_ros_bridge
[1.520s] copying src/carla_ros_bridge/CARLA_VERSION -> /home/zhangwencheng/Documents/autonomous_driving/projects/carla-ros-bridge/build/carla_ros_bridge/build/lib/carla_ros_bridge
[1.521s] running install
[1.522s] running install_lib
[1.524s] creating /home/zhangwencheng/Documents/autonomous_driving/projects/carla-ros-bridge/install/carla_ros_bridge/lib/python3.8/site-packages/carla_ros_bridge
[1.524s] copying /home/zhangwencheng/Documents/autonomous_driving/projects/carla-ros-bridge/build/carla_ros_bridge/build/lib/carla_ros_bridge/tf_sensor.py -> /home/zhangwencheng/Documents/autonomous_driving/projects/carla-ros-bridge/install/carla_ros_bridge/lib/python3.8/site-packages/carla_ros_bridge
[1.524s] copying /home/zhangwencheng/Documents/autonomous_driving/projects/carla-ros-bridge/build/carla_ros_bridge/build/lib/carla_ros_bridge/pseudo_actor.py -> /home/zhangwencheng/Documents/autonomous_driving/projects/carla-ros-bridge/install/carla_ros_bridge/lib/python3.8/site-packages/carla_ros_bridge
[1.525s] copying /home/zhangwencheng/Documents/autonomous_driving/projects/carla-ros-bridge/build/carla_ros_bridge/build/lib/carla_ros_bridge/actor_control.py -> /home/zhangwencheng/Documents/autonomous_driving/projects/carla-ros-bridge/install/carla_ros_bridge/lib/python3.8/site-packages/carla_ros_bridge
[1.525s] copying /home/zhangwencheng/Documents/autonomous_driving/projects/carla-ros-bridge/build/carla_ros_bridge/build/lib/carla_ros_bridge/traffic_participant.py -> /home/zhangwencheng/Documents/autonomous_driving/projects/carla-ros-bridge/install/carla_ros_bridge/lib/python3.8/site-packages/carla_ros_bridge
[1.525s] copying /home/zhangwencheng/Documents/autonomous_driving/projects/carla-ros-bridge/build/carla_ros_bridge/build/lib/carla_ros_bridge/lane_invasion_sensor.py -> /home/zhangwencheng/Documents/autonomous_driving/projects/carla-ros-bridge/install/carla_ros_bridge/lib/python3.8/site-packages/carla_ros_bridge
[1.525s] copying /home/zhangwencheng/Documents/autonomous_driving/projects/carla-ros-bridge/build/carla_ros_bridge/build/lib/carla_ros_bridge/marker_sensor.py -> /home/zhangwencheng/Documents/autonomous_driving/projects/carla-ros-bridge/install/carla_ros_bridge/lib/python3.8/site-packages/carla_ros_bridge
[1.525s] copying /home/zhangwencheng/Documents/autonomous_driving/projects/carla-ros-bridge/build/carla_ros_bridge/build/lib/carla_ros_bridge/opendrive_sensor.py -> /home/zhangwencheng/Documents/autonomous_driving/projects/carla-ros-bridge/install/carla_ros_bridge/lib/python3.8/site-packages/carla_ros_bridge
[1.525s] copying /home/zhangwencheng/Documents/autonomous_driving/projects/carla-ros-bridge/build/carla_ros_bridge/build/lib/carla_ros_bridge/rss_sensor.py -> /home/zhangwencheng/Documents/autonomous_driving/projects/carla-ros-bridge/install/carla_ros_bridge/lib/python3.8/site-packages/carla_ros_bridge
[1.525s] copying /home/zhangwencheng/Documents/autonomous_driving/projects/carla-ros-bridge/build/carla_ros_bridge/build/lib/carla_ros_bridge/traffic.py -> /home/zhangwencheng/Documents/autonomous_driving/projects/carla-ros-bridge/install/carla_ros_bridge/lib/python3.8/site-packages/carla_ros_bridge
[1.525s] copying /home/zhangwencheng/Documents/autonomous_driving/projects/carla-ros-bridge/build/carla_ros_bridge/build/lib/carla_ros_bridge/lidar.py -> /home/zhangwencheng/Documents/autonomous_driving/projects/carla-ros-bridge/install/carla_ros_bridge/lib/python3.8/site-packages/carla_ros_bridge
[1.526s] copying /home/zhangwencheng/Documents/autonomous_driving/projects/carla-ros-bridge/build/carla_ros_bridge/build/lib/carla_ros_bridge/object_sensor.py -> /home/zhangwencheng/Documents/autonomous_driving/projects/carla-ros-bridge/install/carla_ros_bridge/lib/python3.8/site-packages/carla_ros_bridge
[1.526s] copying /home/zhangwencheng/Documents/autonomous_driving/projects/carla-ros-bridge/build/carla_ros_bridge/build/lib/carla_ros_bridge/spectator.py -> /home/zhangwencheng/Documents/autonomous_driving/projects/carla-ros-bridge/install/carla_ros_bridge/lib/python3.8/site-packages/carla_ros_bridge
[1.526s] copying /home/zhangwencheng/Documents/autonomous_driving/projects/carla-ros-bridge/build/carla_ros_bridge/build/lib/carla_ros_bridge/camera.py -> /home/zhangwencheng/Documents/autonomous_driving/projects/carla-ros-bridge/install/carla_ros_bridge/lib/python3.8/site-packages/carla_ros_bridge
[1.527s] copying /home/zhangwencheng/Documents/autonomous_driving/projects/carla-ros-bridge/build/carla_ros_bridge/build/lib/carla_ros_bridge/vehicle.py -> /home/zhangwencheng/Documents/autonomous_driving/projects/carla-ros-bridge/install/carla_ros_bridge/lib/python3.8/site-packages/carla_ros_bridge
[1.527s] copying /home/zhangwencheng/Documents/autonomous_driving/projects/carla-ros-bridge/build/carla_ros_bridge/build/lib/carla_ros_bridge/speedometer_sensor.py -> /home/zhangwencheng/Documents/autonomous_driving/projects/carla-ros-bridge/install/carla_ros_bridge/lib/python3.8/site-packages/carla_ros_bridge
[1.527s] copying /home/zhangwencheng/Documents/autonomous_driving/projects/carla-ros-bridge/build/carla_ros_bridge/build/lib/carla_ros_bridge/imu.py -> /home/zhangwencheng/Documents/autonomous_driving/projects/carla-ros-bridge/install/carla_ros_bridge/lib/python3.8/site-packages/carla_ros_bridge
[1.527s] copying /home/zhangwencheng/Documents/autonomous_driving/projects/carla-ros-bridge/build/carla_ros_bridge/build/lib/carla_ros_bridge/actor_factory.py -> /home/zhangwencheng/Documents/autonomous_driving/projects/carla-ros-bridge/install/carla_ros_bridge/lib/python3.8/site-packages/carla_ros_bridge
[1.528s] copying /home/zhangwencheng/Documents/autonomous_driving/projects/carla-ros-bridge/build/carla_ros_bridge/build/lib/carla_ros_bridge/carla_status_publisher.py -> /home/zhangwencheng/Documents/autonomous_driving/projects/carla-ros-bridge/install/carla_ros_bridge/lib/python3.8/site-packages/carla_ros_bridge
[1.528s] copying /home/zhangwencheng/Documents/autonomous_driving/projects/carla-ros-bridge/build/carla_ros_bridge/build/lib/carla_ros_bridge/odom_sensor.py -> /home/zhangwencheng/Documents/autonomous_driving/projects/carla-ros-bridge/install/carla_ros_bridge/lib/python3.8/site-packages/carla_ros_bridge
[1.528s] copying /home/zhangwencheng/Documents/autonomous_driving/projects/carla-ros-bridge/build/carla_ros_bridge/build/lib/carla_ros_bridge/actor.py -> /home/zhangwencheng/Documents/autonomous_driving/projects/carla-ros-bridge/install/carla_ros_bridge/lib/python3.8/site-packages/carla_ros_bridge
[1.528s] copying /home/zhangwencheng/Documents/autonomous_driving/projects/carla-ros-bridge/build/carla_ros_bridge/build/lib/carla_ros_bridge/walker.py -> /home/zhangwencheng/Documents/autonomous_driving/projects/carla-ros-bridge/install/carla_ros_bridge/lib/python3.8/site-packages/carla_ros_bridge
[1.528s] copying /home/zhangwencheng/Documents/autonomous_driving/projects/carla-ros-bridge/build/carla_ros_bridge/build/lib/carla_ros_bridge/radar.py -> /home/zhangwencheng/Documents/autonomous_driving/projects/carla-ros-bridge/install/carla_ros_bridge/lib/python3.8/site-packages/carla_ros_bridge
[1.528s] copying /home/zhangwencheng/Documents/autonomous_driving/projects/carla-ros-bridge/build/carla_ros_bridge/build/lib/carla_ros_bridge/collision_sensor.py -> /home/zhangwencheng/Documents/autonomous_driving/projects/carla-ros-bridge/install/carla_ros_bridge/lib/python3.8/site-packages/carla_ros_bridge
[1.528s] copying /home/zhangwencheng/Documents/autonomous_driving/projects/carla-ros-bridge/build/carla_ros_bridge/build/lib/carla_ros_bridge/gnss.py -> /home/zhangwencheng/Documents/autonomous_driving/projects/carla-ros-bridge/install/carla_ros_bridge/lib/python3.8/site-packages/carla_ros_bridge
[1.528s] copying /home/zhangwencheng/Documents/autonomous_driving/projects/carla-ros-bridge/build/carla_ros_bridge/build/lib/carla_ros_bridge/traffic_lights_sensor.py -> /home/zhangwencheng/Documents/autonomous_driving/projects/carla-ros-bridge/install/carla_ros_bridge/lib/python3.8/site-packages/carla_ros_bridge
[1.528s] copying /home/zhangwencheng/Documents/autonomous_driving/projects/carla-ros-bridge/build/carla_ros_bridge/build/lib/carla_ros_bridge/actor_list_sensor.py -> /home/zhangwencheng/Documents/autonomous_driving/projects/carla-ros-bridge/install/carla_ros_bridge/lib/python3.8/site-packages/carla_ros_bridge
[1.528s] copying /home/zhangwencheng/Documents/autonomous_driving/projects/carla-ros-bridge/build/carla_ros_bridge/build/lib/carla_ros_bridge/__init__.py -> /home/zhangwencheng/Documents/autonomous_driving/projects/carla-ros-bridge/install/carla_ros_bridge/lib/python3.8/site-packages/carla_ros_bridge
[1.529s] copying /home/zhangwencheng/Documents/autonomous_driving/projects/carla-ros-bridge/build/carla_ros_bridge/build/lib/carla_ros_bridge/world_info.py -> /home/zhangwencheng/Documents/autonomous_driving/projects/carla-ros-bridge/install/carla_ros_bridge/lib/python3.8/site-packages/carla_ros_bridge
[1.529s] copying /home/zhangwencheng/Documents/autonomous_driving/projects/carla-ros-bridge/build/carla_ros_bridge/build/lib/carla_ros_bridge/debug_helper.py -> /home/zhangwencheng/Documents/autonomous_driving/projects/carla-ros-bridge/install/carla_ros_bridge/lib/python3.8/site-packages/carla_ros_bridge
[1.529s] copying /home/zhangwencheng/Documents/autonomous_driving/projects/carla-ros-bridge/build/carla_ros_bridge/build/lib/carla_ros_bridge/sensor.py -> /home/zhangwencheng/Documents/autonomous_driving/projects/carla-ros-bridge/install/carla_ros_bridge/lib/python3.8/site-packages/carla_ros_bridge
[1.529s] copying /home/zhangwencheng/Documents/autonomous_driving/projects/carla-ros-bridge/build/carla_ros_bridge/build/lib/carla_ros_bridge/ego_vehicle.py -> /home/zhangwencheng/Documents/autonomous_driving/projects/carla-ros-bridge/install/carla_ros_bridge/lib/python3.8/site-packages/carla_ros_bridge
[1.529s] copying /home/zhangwencheng/Documents/autonomous_driving/projects/carla-ros-bridge/build/carla_ros_bridge/build/lib/carla_ros_bridge/CARLA_VERSION -> /home/zhangwencheng/Documents/autonomous_driving/projects/carla-ros-bridge/install/carla_ros_bridge/lib/python3.8/site-packages/carla_ros_bridge
[1.529s] copying /home/zhangwencheng/Documents/autonomous_driving/projects/carla-ros-bridge/build/carla_ros_bridge/build/lib/carla_ros_bridge/bridge.py -> /home/zhangwencheng/Documents/autonomous_driving/projects/carla-ros-bridge/install/carla_ros_bridge/lib/python3.8/site-packages/carla_ros_bridge
[1.529s] byte-compiling /home/zhangwencheng/Documents/autonomous_driving/projects/carla-ros-bridge/install/carla_ros_bridge/lib/python3.8/site-packages/carla_ros_bridge/tf_sensor.py to tf_sensor.cpython-38.pyc
[1.531s] byte-compiling /home/zhangwencheng/Documents/autonomous_driving/projects/carla-ros-bridge/install/carla_ros_bridge/lib/python3.8/site-packages/carla_ros_bridge/pseudo_actor.py to pseudo_actor.cpython-38.pyc
[1.531s] byte-compiling /home/zhangwencheng/Documents/autonomous_driving/projects/carla-ros-bridge/install/carla_ros_bridge/lib/python3.8/site-packages/carla_ros_bridge/actor_control.py to actor_control.cpython-38.pyc
[1.532s] byte-compiling /home/zhangwencheng/Documents/autonomous_driving/projects/carla-ros-bridge/install/carla_ros_bridge/lib/python3.8/site-packages/carla_ros_bridge/traffic_participant.py to traffic_participant.cpython-38.pyc
[1.532s] byte-compiling /home/zhangwencheng/Documents/autonomous_driving/projects/carla-ros-bridge/install/carla_ros_bridge/lib/python3.8/site-packages/carla_ros_bridge/lane_invasion_sensor.py to lane_invasion_sensor.cpython-38.pyc
[1.533s] byte-compiling /home/zhangwencheng/Documents/autonomous_driving/projects/carla-ros-bridge/install/carla_ros_bridge/lib/python3.8/site-packages/carla_ros_bridge/marker_sensor.py to marker_sensor.cpython-38.pyc
[1.534s] byte-compiling /home/zhangwencheng/Documents/autonomous_driving/projects/carla-ros-bridge/install/carla_ros_bridge/lib/python3.8/site-packages/carla_ros_bridge/opendrive_sensor.py to opendrive_sensor.cpython-38.pyc
[1.535s] byte-compiling /home/zhangwencheng/Documents/autonomous_driving/projects/carla-ros-bridge/install/carla_ros_bridge/lib/python3.8/site-packages/carla_ros_bridge/rss_sensor.py to rss_sensor.cpython-38.pyc
[1.535s] byte-compiling /home/zhangwencheng/Documents/autonomous_driving/projects/carla-ros-bridge/install/carla_ros_bridge/lib/python3.8/site-packages/carla_ros_bridge/traffic.py to traffic.cpython-38.pyc
[1.535s] byte-compiling /home/zhangwencheng/Documents/autonomous_driving/projects/carla-ros-bridge/install/carla_ros_bridge/lib/python3.8/site-packages/carla_ros_bridge/lidar.py to lidar.cpython-38.pyc
[1.536s] byte-compiling /home/zhangwencheng/Documents/autonomous_driving/projects/carla-ros-bridge/install/carla_ros_bridge/lib/python3.8/site-packages/carla_ros_bridge/object_sensor.py to object_sensor.cpython-38.pyc
[1.537s] byte-compiling /home/zhangwencheng/Documents/autonomous_driving/projects/carla-ros-bridge/install/carla_ros_bridge/lib/python3.8/site-packages/carla_ros_bridge/spectator.py to spectator.cpython-38.pyc
[1.537s] byte-compiling /home/zhangwencheng/Documents/autonomous_driving/projects/carla-ros-bridge/install/carla_ros_bridge/lib/python3.8/site-packages/carla_ros_bridge/camera.py to camera.cpython-38.pyc
[1.540s] byte-compiling /home/zhangwencheng/Documents/autonomous_driving/projects/carla-ros-bridge/install/carla_ros_bridge/lib/python3.8/site-packages/carla_ros_bridge/vehicle.py to vehicle.cpython-38.pyc
[1.541s] byte-compiling /home/zhangwencheng/Documents/autonomous_driving/projects/carla-ros-bridge/install/carla_ros_bridge/lib/python3.8/site-packages/carla_ros_bridge/speedometer_sensor.py to speedometer_sensor.cpython-38.pyc
[1.542s] byte-compiling /home/zhangwencheng/Documents/autonomous_driving/projects/carla-ros-bridge/install/carla_ros_bridge/lib/python3.8/site-packages/carla_ros_bridge/imu.py to imu.cpython-38.pyc
[1.543s] byte-compiling /home/zhangwencheng/Documents/autonomous_driving/projects/carla-ros-bridge/install/carla_ros_bridge/lib/python3.8/site-packages/carla_ros_bridge/actor_factory.py to actor_factory.cpython-38.pyc
[1.547s] byte-compiling /home/zhangwencheng/Documents/autonomous_driving/projects/carla-ros-bridge/install/carla_ros_bridge/lib/python3.8/site-packages/carla_ros_bridge/carla_status_publisher.py to carla_status_publisher.cpython-38.pyc
[1.547s] byte-compiling /home/zhangwencheng/Documents/autonomous_driving/projects/carla-ros-bridge/install/carla_ros_bridge/lib/python3.8/site-packages/carla_ros_bridge/odom_sensor.py to odom_sensor.cpython-38.pyc
[1.548s] byte-compiling /home/zhangwencheng/Documents/autonomous_driving/projects/carla-ros-bridge/install/carla_ros_bridge/lib/python3.8/site-packages/carla_ros_bridge/actor.py to actor.cpython-38.pyc
[1.549s] byte-compiling /home/zhangwencheng/Documents/autonomous_driving/projects/carla-ros-bridge/install/carla_ros_bridge/lib/python3.8/site-packages/carla_ros_bridge/walker.py to walker.cpython-38.pyc
[1.549s] byte-compiling /home/zhangwencheng/Documents/autonomous_driving/projects/carla-ros-bridge/install/carla_ros_bridge/lib/python3.8/site-packages/carla_ros_bridge/radar.py to radar.cpython-38.pyc
[1.550s] byte-compiling /home/zhangwencheng/Documents/autonomous_driving/projects/carla-ros-bridge/install/carla_ros_bridge/lib/python3.8/site-packages/carla_ros_bridge/collision_sensor.py to collision_sensor.cpython-38.pyc
[1.551s] byte-compiling /home/zhangwencheng/Documents/autonomous_driving/projects/carla-ros-bridge/install/carla_ros_bridge/lib/python3.8/site-packages/carla_ros_bridge/gnss.py to gnss.cpython-38.pyc
[1.552s] byte-compiling /home/zhangwencheng/Documents/autonomous_driving/projects/carla-ros-bridge/install/carla_ros_bridge/lib/python3.8/site-packages/carla_ros_bridge/traffic_lights_sensor.py to traffic_lights_sensor.cpython-38.pyc
[1.552s] byte-compiling /home/zhangwencheng/Documents/autonomous_driving/projects/carla-ros-bridge/install/carla_ros_bridge/lib/python3.8/site-packages/carla_ros_bridge/actor_list_sensor.py to actor_list_sensor.cpython-38.pyc
[1.553s] byte-compiling /home/zhangwencheng/Documents/autonomous_driving/projects/carla-ros-bridge/install/carla_ros_bridge/lib/python3.8/site-packages/carla_ros_bridge/__init__.py to __init__.cpython-38.pyc
[1.553s] byte-compiling /home/zhangwencheng/Documents/autonomous_driving/projects/carla-ros-bridge/install/carla_ros_bridge/lib/python3.8/site-packages/carla_ros_bridge/world_info.py to world_info.cpython-38.pyc
[1.554s] byte-compiling /home/zhangwencheng/Documents/autonomous_driving/projects/carla-ros-bridge/install/carla_ros_bridge/lib/python3.8/site-packages/carla_ros_bridge/debug_helper.py to debug_helper.cpython-38.pyc
[1.555s] byte-compiling /home/zhangwencheng/Documents/autonomous_driving/projects/carla-ros-bridge/install/carla_ros_bridge/lib/python3.8/site-packages/carla_ros_bridge/sensor.py to sensor.cpython-38.pyc
[1.557s] byte-compiling /home/zhangwencheng/Documents/autonomous_driving/projects/carla-ros-bridge/install/carla_ros_bridge/lib/python3.8/site-packages/carla_ros_bridge/ego_vehicle.py to ego_vehicle.cpython-38.pyc
[1.559s] byte-compiling /home/zhangwencheng/Documents/autonomous_driving/projects/carla-ros-bridge/install/carla_ros_bridge/lib/python3.8/site-packages/carla_ros_bridge/bridge.py to bridge.cpython-38.pyc
[1.563s] running install_data
[1.564s] creating /home/zhangwencheng/Documents/autonomous_driving/projects/carla-ros-bridge/install/carla_ros_bridge/share/ament_index
[1.564s] creating /home/zhangwencheng/Documents/autonomous_driving/projects/carla-ros-bridge/install/carla_ros_bridge/share/ament_index/resource_index
[1.564s] creating /home/zhangwencheng/Documents/autonomous_driving/projects/carla-ros-bridge/install/carla_ros_bridge/share/ament_index/resource_index/packages
[1.564s] copying resource/carla_ros_bridge -> /home/zhangwencheng/Documents/autonomous_driving/projects/carla-ros-bridge/install/carla_ros_bridge/share/ament_index/resource_index/packages
[1.565s] copying package.xml -> /home/zhangwencheng/Documents/autonomous_driving/projects/carla-ros-bridge/install/carla_ros_bridge/share/carla_ros_bridge
[1.565s] copying launch/carla_ros_bridge.launch.py -> /home/zhangwencheng/Documents/autonomous_driving/projects/carla-ros-bridge/install/carla_ros_bridge/share/carla_ros_bridge
[1.565s] copying launch/carla_ros_bridge_with_example_ego_vehicle.launch.py -> /home/zhangwencheng/Documents/autonomous_driving/projects/carla-ros-bridge/install/carla_ros_bridge/share/carla_ros_bridge
[1.566s] creating /home/zhangwencheng/Documents/autonomous_driving/projects/carla-ros-bridge/install/carla_ros_bridge/share/carla_ros_bridge/test
[1.566s] copying test/test_objects.json -> /home/zhangwencheng/Documents/autonomous_driving/projects/carla-ros-bridge/install/carla_ros_bridge/share/carla_ros_bridge/test
[1.566s] running install_egg_info
[1.568s] Copying ../../../build/carla_ros_bridge/carla_ros_bridge.egg-info to /home/zhangwencheng/Documents/autonomous_driving/projects/carla-ros-bridge/install/carla_ros_bridge/lib/python3.8/site-packages/carla_ros_bridge-0.0.0-py3.8.egg-info
[1.570s] running install_scripts
[1.595s] Installing bridge script to /home/zhangwencheng/Documents/autonomous_driving/projects/carla-ros-bridge/install/carla_ros_bridge/lib/carla_ros_bridge
[1.596s] writing list of installed files to '/home/zhangwencheng/Documents/autonomous_driving/projects/carla-ros-bridge/build/carla_ros_bridge/install.log'
[1.631s] Invoked command in '/home/zhangwencheng/Documents/autonomous_driving/projects/carla-ros-bridge/src/ros-bridge/carla_ros_bridge' returned '0': AMENT_PREFIX_PATH=/home/zhangwencheng/Documents/autonomous_driving/projects/carla-ros-bridge/install/carla_spawn_objects:/home/zhangwencheng/Documents/autonomous_driving/projects/carla-ros-bridge/install/carla_manual_control:/home/zhangwencheng/Documents/autonomous_driving/projects/carla-ros-bridge/install/ros_compatibility:/home/zhangwencheng/Documents/autonomous_driving/projects/carla-ros-bridge/install/carla_msgs:/home/zhangwencheng/Documents/autonomous_driving/projects/carla-ros-bridge/install/carla_common:${AMENT_PREFIX_PATH} CMAKE_PREFIX_PATH=/home/zhangwencheng/Documents/autonomous_driving/projects/carla-ros-bridge/install/carla_msgs CONDA_PROMPT_MODIFIER=(base) LD_LIBRARY_PATH=/home/zhangwencheng/Documents/autonomous_driving/projects/carla-ros-bridge/install/carla_msgs/lib:${LD_LIBRARY_PATH} PYTHONPATH=/home/zhangwencheng/Documents/autonomous_driving/projects/carla-ros-bridge/build/carla_ros_bridge/prefix_override:/home/zhangwencheng/Documents/autonomous_driving/projects/carla-ros-bridge/install/carla_ros_bridge/lib/python3.8/site-packages:/home/zhangwencheng/Documents/autonomous_driving/projects/carla-ros-bridge/install/carla_spawn_objects/lib/python3.8/site-packages:/home/zhangwencheng/Documents/autonomous_driving/projects/carla-ros-bridge/install/carla_manual_control/lib/python3.8/site-packages:/home/zhangwencheng/Documents/autonomous_driving/projects/carla-ros-bridge/install/ros_compatibility/lib/python3.8/site-packages:/home/zhangwencheng/Documents/autonomous_driving/projects/carla-ros-bridge/install/carla_msgs/lib/python3.8/site-packages:/home/zhangwencheng/Documents/autonomous_driving/projects/carla-ros-bridge/install/carla_common/lib/python3.8/site-packages:${PYTHONPATH} /usr/bin/python3 setup.py egg_info --egg-base ../../../build/carla_ros_bridge build --build-base /home/zhangwencheng/Documents/autonomous_driving/projects/carla-ros-bridge/build/carla_ros_bridge/build install --record /home/zhangwencheng/Documents/autonomous_driving/projects/carla-ros-bridge/build/carla_ros_bridge/install.log --single-version-externally-managed
