[1.043s] Invoking command in '/home/zhangwencheng/Documents/autonomous_driving/projects/carla-ros-bridge/build/carla_shenlan_mpc_controller': AMENT_PREFIX_PATH=/home/zhangwencheng/Documents/autonomous_driving/projects/carla-ros-bridge/install/carla_msgs:${AMENT_PREFIX_PATH} CMAKE_PREFIX_PATH=/home/zhangwencheng/Documents/autonomous_driving/projects/carla-ros-bridge/install/carla_msgs:/opt/ros/foxy CONDA_PROMPT_MODIFIER=(base) LD_LIBRARY_PATH=/home/zhangwencheng/Documents/autonomous_driving/projects/carla-ros-bridge/install/carla_msgs/lib:${LD_LIBRARY_PATH} PYTHONPATH=/home/zhangwencheng/Documents/autonomous_driving/projects/carla-ros-bridge/install/carla_msgs/lib/python3.8/site-packages:${PYTHONPATH} /usr/bin/cmake /home/zhangwencheng/Documents/autonomous_driving/projects/carla-ros-bridge/src/ros-bridge/carla_shenlan_projects/carla_shenlan_mpc_controller -DCMAKE_INSTALL_PREFIX=/home/zhangwencheng/Documents/autonomous_driving/projects/carla-ros-bridge/install/carla_shenlan_mpc_controller
[1.128s] -- The C compiler identification is GNU 9.4.0
[1.235s] -- The CXX compiler identification is GNU 9.4.0
[1.242s] -- Check for working C compiler: /usr/bin/cc
[1.376s] -- Check for working C compiler: /usr/bin/cc -- works
[1.377s] -- Detecting C compiler ABI info
[1.578s] -- Detecting C compiler ABI info - done
[1.597s] -- Detecting C compile features
[1.597s] -- Detecting C compile features - done
[1.601s] -- Check for working CXX compiler: /usr/bin/c++
[1.827s] -- Check for working CXX compiler: /usr/bin/c++ -- works
[1.828s] -- Detecting CXX compiler ABI info
[2.120s] -- Detecting CXX compiler ABI info - done
[2.161s] -- Detecting CXX compile features
[2.167s] -- Detecting CXX compile features - done
[2.170s] -- Found ament_cmake: 0.9.12 (/opt/ros/foxy/share/ament_cmake/cmake)
[2.205s] -- Found PythonInterp: /home/zhangwencheng/miniconda3/bin/python3 (found suitable version "3.8.17", minimum required is "3") 
[2.205s] -- Using PYTHON_EXECUTABLE: /home/zhangwencheng/miniconda3/bin/python3
[2.445s] -- Found std_msgs: 2.0.5 (/opt/ros/foxy/share/std_msgs/cmake)
[2.487s] -- Using all available rosidl_typesupport_c: rosidl_typesupport_fastrtps_c;rosidl_typesupport_introspection_c
[2.487s] -- Found rosidl_adapter: 1.3.1 (/opt/ros/foxy/share/rosidl_adapter/cmake)
[2.588s] -- Found OpenSSL: /usr/lib/x86_64-linux-gnu/libcrypto.so (found version "1.1.1f")  
[2.626s] -- Found FastRTPS: /opt/ros/foxy/include  
[2.741s] -- Using all available rosidl_typesupport_cpp: rosidl_typesupport_fastrtps_cpp;rosidl_typesupport_introspection_cpp
[2.816s] -- Found nav_msgs: 2.0.5 (/opt/ros/foxy/share/nav_msgs/cmake)
[3.007s] -- Found sensor_msgs: 2.0.5 (/opt/ros/foxy/share/sensor_msgs/cmake)
[3.128s] -- Found visualization_msgs: 2.0.5 (/opt/ros/foxy/share/visualization_msgs/cmake)
[3.243s] -- Found rclcpp: 2.4.3 (/opt/ros/foxy/share/rclcpp/cmake)
[3.305s] -- Found rmw_implementation_cmake: 1.0.4 (/opt/ros/foxy/share/rmw_implementation_cmake/cmake)
[3.307s] -- Using RMW implementation 'rmw_fastrtps_cpp' as default
[3.308s] -- Looking for pthread.h
[3.510s] -- Looking for pthread.h - found
[3.511s] -- Performing Test CMAKE_HAVE_LIBC_PTHREAD
[3.711s] -- Performing Test CMAKE_HAVE_LIBC_PTHREAD - Failed
[3.715s] -- Looking for pthread_create in pthreads
[3.918s] -- Looking for pthread_create in pthreads - not found
[3.918s] -- Looking for pthread_create in pthread
[4.093s] -- Looking for pthread_create in pthread - found
[4.094s] -- Found Threads: TRUE  
[4.405s] -- Found tf2: 0.13.14 (/opt/ros/foxy/share/tf2/cmake)
[4.425s] -- Found tf2_ros: 0.13.14 (/opt/ros/foxy/share/tf2_ros/cmake)
[5.010s] -- Found tf2_geometry_msgs: 0.13.14 (/opt/ros/foxy/share/tf2_geometry_msgs/cmake)
[5.034s] -- Found eigen3_cmake_module: 0.1.1 (/opt/ros/foxy/share/eigen3_cmake_module/cmake)
[5.043s] -- Found Eigen3: TRUE (found version "3.3.7") 
[5.074s] -- Found carla_msgs: 1.3.0 (/home/zhangwencheng/Documents/autonomous_driving/projects/carla-ros-bridge/install/carla_msgs/share/carla_msgs/cmake)
[5.358s] -- Found ament_lint_auto: 0.9.8 (/opt/ros/foxy/share/ament_lint_auto/cmake)
[5.500s] -- Added test 'copyright' to check source files copyright and LICENSE
[5.512s] -- Added test 'cppcheck' to perform static code analysis on C / C++ code
[5.512s] -- Configured cppcheck include dirs: $<BUILD_INTERFACE:/home/zhangwencheng/Documents/autonomous_driving/projects/carla-ros-bridge/src/ros-bridge/carla_shenlan_projects/carla_shenlan_mpc_controller/include>
[5.512s] -- Configured cppcheck exclude dirs and/or files: 
[5.514s] -- Added test 'cpplint' to check C / C++ code against the Google style
[5.515s] -- Configured cpplint exclude dirs and/or files: 
[5.515s] -- Added test 'flake8' to check Python code syntax and style conventions
[5.516s] -- Added test 'lint_cmake' to check CMake code style
[5.517s] -- Added test 'pep257' to check Python code against some of the style conventions in PEP 257
[5.519s] -- Added test 'uncrustify' to check C / C++ code style
[5.519s] -- Configured uncrustify additional arguments: 
[5.520s] -- Added test 'xmllint' to check XML markup files
[5.528s] -- Configuring done
[5.570s] -- Generating done
[5.573s] -- Build files have been written to: /home/zhangwencheng/Documents/autonomous_driving/projects/carla-ros-bridge/build/carla_shenlan_mpc_controller
[5.629s] Invoked command in '/home/zhangwencheng/Documents/autonomous_driving/projects/carla-ros-bridge/build/carla_shenlan_mpc_controller' returned '0': AMENT_PREFIX_PATH=/home/zhangwencheng/Documents/autonomous_driving/projects/carla-ros-bridge/install/carla_msgs:${AMENT_PREFIX_PATH} CMAKE_PREFIX_PATH=/home/zhangwencheng/Documents/autonomous_driving/projects/carla-ros-bridge/install/carla_msgs:/opt/ros/foxy CONDA_PROMPT_MODIFIER=(base) LD_LIBRARY_PATH=/home/zhangwencheng/Documents/autonomous_driving/projects/carla-ros-bridge/install/carla_msgs/lib:${LD_LIBRARY_PATH} PYTHONPATH=/home/zhangwencheng/Documents/autonomous_driving/projects/carla-ros-bridge/install/carla_msgs/lib/python3.8/site-packages:${PYTHONPATH} /usr/bin/cmake /home/zhangwencheng/Documents/autonomous_driving/projects/carla-ros-bridge/src/ros-bridge/carla_shenlan_projects/carla_shenlan_mpc_controller -DCMAKE_INSTALL_PREFIX=/home/zhangwencheng/Documents/autonomous_driving/projects/carla-ros-bridge/install/carla_shenlan_mpc_controller
[5.630s] Invoking command in '/home/zhangwencheng/Documents/autonomous_driving/projects/carla-ros-bridge/build/carla_shenlan_mpc_controller': AMENT_PREFIX_PATH=/home/zhangwencheng/Documents/autonomous_driving/projects/carla-ros-bridge/install/carla_msgs:${AMENT_PREFIX_PATH} CMAKE_PREFIX_PATH=/home/zhangwencheng/Documents/autonomous_driving/projects/carla-ros-bridge/install/carla_msgs:/opt/ros/foxy CONDA_PROMPT_MODIFIER=(base) LD_LIBRARY_PATH=/home/zhangwencheng/Documents/autonomous_driving/projects/carla-ros-bridge/install/carla_msgs/lib:${LD_LIBRARY_PATH} PYTHONPATH=/home/zhangwencheng/Documents/autonomous_driving/projects/carla-ros-bridge/install/carla_msgs/lib/python3.8/site-packages:${PYTHONPATH} /usr/bin/cmake --build /home/zhangwencheng/Documents/autonomous_driving/projects/carla-ros-bridge/build/carla_shenlan_mpc_controller -- -j12 -l12
[5.820s] [35m[1mScanning dependencies of target mpc_lateral_longitudinal[0m
[6.065s] [ 20%] [32mBuilding CXX object CMakeFiles/mpc_lateral_longitudinal.dir/src/pid_controller.cpp.o[0m
[6.066s] [ 40%] [32mBuilding CXX object CMakeFiles/mpc_lateral_longitudinal.dir/src/mpc_lateral_longitudinal.cpp.o[0m
[6.066s] [ 60%] [32mBuilding CXX object CMakeFiles/mpc_lateral_longitudinal.dir/src/reference_line.cpp.o[0m
[6.081s] [ 80%] [32mBuilding CXX object CMakeFiles/mpc_lateral_longitudinal.dir/src/mpc_controller.cpp.o[0m
[28.795s] In file included from [01m[K/home/zhangwencheng/Documents/autonomous_driving/projects/carla-ros-bridge/src/ros-bridge/carla_shenlan_projects/carla_shenlan_mpc_controller/include/carla_shenlan_mpc_controller/mpc_lateral_longitudinal.h:15[m[K,
[28.796s]                  from [01m[K/home/zhangwencheng/Documents/autonomous_driving/projects/carla-ros-bridge/src/ros-bridge/carla_shenlan_projects/carla_shenlan_mpc_controller/src/mpc_lateral_longitudinal.cpp:1[m[K:
[28.796s] [01m[K/home/zhangwencheng/Documents/autonomous_driving/projects/carla-ros-bridge/src/ros-bridge/carla_shenlan_projects/carla_shenlan_mpc_controller/include/carla_shenlan_mpc_controller/spline.h:399:8:[m[K [01;35m[Kwarning: [m[K‘[01m[Kdouble {anonymous}::tk::spline::deriv(int, double) const[m[K’ defined but not used [[01;35m[K-Wunused-function[m[K]
[28.796s]   399 | double [01;35m[Kspline[m[K::deriv(int order, double x) const
[28.796s]       |        [01;35m[K^~~~~~[m[K
[28.796s] [01m[K/home/zhangwencheng/Documents/autonomous_driving/projects/carla-ros-bridge/src/ros-bridge/carla_shenlan_projects/carla_shenlan_mpc_controller/include/carla_shenlan_mpc_controller/spline.h:376:8:[m[K [01;35m[Kwarning: [m[K‘[01m[Kdouble {anonymous}::tk::spline::operator()(double) const[m[K’ defined but not used [[01;35m[K-Wunused-function[m[K]
[28.796s]   376 | double [01;35m[Kspline[m[K::operator() (double x) const
[28.797s]       |        [01;35m[K^~~~~~[m[K
[28.797s] [01m[K/home/zhangwencheng/Documents/autonomous_driving/projects/carla-ros-bridge/src/ros-bridge/carla_shenlan_projects/carla_shenlan_mpc_controller/include/carla_shenlan_mpc_controller/spline.h:285:6:[m[K [01;35m[Kwarning: [m[K‘[01m[Kvoid {anonymous}::tk::spline::set_points(const std::vector<double, std::allocator<double> >&, const std::vector<double, std::allocator<double> >&, bool)[m[K’ defined but not used [[01;35m[K-Wunused-function[m[K]
[28.797s]   285 | void [01;35m[Kspline[m[K::set_points(const std::vector<double>& x,
[28.797s]       |      [01;35m[K^~~~~~[m[K
[28.797s] [01m[K/home/zhangwencheng/Documents/autonomous_driving/projects/carla-ros-bridge/src/ros-bridge/carla_shenlan_projects/carla_shenlan_mpc_controller/include/carla_shenlan_mpc_controller/spline.h:272:6:[m[K [01;35m[Kwarning: [m[K‘[01m[Kvoid {anonymous}::tk::spline::set_boundary({anonymous}::tk::spline::bd_type, double, {anonymous}::tk::spline::bd_type, double, bool)[m[K’ defined but not used [[01;35m[K-Wunused-function[m[K]
[28.798s]   272 | void [01;35m[Kspline[m[K::set_boundary(spline::bd_type left, double left_value,
[28.798s]       |      [01;35m[K^~~~~~[m[K
[38.261s] [100%] [32m[1mLinking CXX executable mpc_lateral_longitudinal[0m
[39.062s] [100%] Built target mpc_lateral_longitudinal
[39.072s] Invoked command in '/home/zhangwencheng/Documents/autonomous_driving/projects/carla-ros-bridge/build/carla_shenlan_mpc_controller' returned '0': AMENT_PREFIX_PATH=/home/zhangwencheng/Documents/autonomous_driving/projects/carla-ros-bridge/install/carla_msgs:${AMENT_PREFIX_PATH} CMAKE_PREFIX_PATH=/home/zhangwencheng/Documents/autonomous_driving/projects/carla-ros-bridge/install/carla_msgs:/opt/ros/foxy CONDA_PROMPT_MODIFIER=(base) LD_LIBRARY_PATH=/home/zhangwencheng/Documents/autonomous_driving/projects/carla-ros-bridge/install/carla_msgs/lib:${LD_LIBRARY_PATH} PYTHONPATH=/home/zhangwencheng/Documents/autonomous_driving/projects/carla-ros-bridge/install/carla_msgs/lib/python3.8/site-packages:${PYTHONPATH} /usr/bin/cmake --build /home/zhangwencheng/Documents/autonomous_driving/projects/carla-ros-bridge/build/carla_shenlan_mpc_controller -- -j12 -l12
[39.097s] Invoking command in '/home/zhangwencheng/Documents/autonomous_driving/projects/carla-ros-bridge/build/carla_shenlan_mpc_controller': AMENT_PREFIX_PATH=/home/zhangwencheng/Documents/autonomous_driving/projects/carla-ros-bridge/install/carla_msgs:${AMENT_PREFIX_PATH} CMAKE_PREFIX_PATH=/home/zhangwencheng/Documents/autonomous_driving/projects/carla-ros-bridge/install/carla_msgs:/opt/ros/foxy CONDA_PROMPT_MODIFIER=(base) LD_LIBRARY_PATH=/home/zhangwencheng/Documents/autonomous_driving/projects/carla-ros-bridge/install/carla_msgs/lib:${LD_LIBRARY_PATH} PYTHONPATH=/home/zhangwencheng/Documents/autonomous_driving/projects/carla-ros-bridge/install/carla_msgs/lib/python3.8/site-packages:${PYTHONPATH} /usr/bin/cmake --install /home/zhangwencheng/Documents/autonomous_driving/projects/carla-ros-bridge/build/carla_shenlan_mpc_controller
[39.106s] -- Install configuration: ""
[39.106s] -- Installing: /home/zhangwencheng/Documents/autonomous_driving/projects/carla-ros-bridge/install/carla_shenlan_mpc_controller/lib/carla_shenlan_mpc_controller/mpc_lateral_longitudinal
[39.111s] -- Set runtime path of "/home/zhangwencheng/Documents/autonomous_driving/projects/carla-ros-bridge/install/carla_shenlan_mpc_controller/lib/carla_shenlan_mpc_controller/mpc_lateral_longitudinal" to ""
[39.111s] -- Installing: /home/zhangwencheng/Documents/autonomous_driving/projects/carla-ros-bridge/install/carla_shenlan_mpc_controller/share/carla_shenlan_mpc_controller//launch
[39.111s] -- Installing: /home/zhangwencheng/Documents/autonomous_driving/projects/carla-ros-bridge/install/carla_shenlan_mpc_controller/share/carla_shenlan_mpc_controller//launch/mpc_launch.py
[39.111s] -- Installing: /home/zhangwencheng/Documents/autonomous_driving/projects/carla-ros-bridge/install/carla_shenlan_mpc_controller/share/carla_shenlan_mpc_controller//config
[39.112s] -- Installing: /home/zhangwencheng/Documents/autonomous_driving/projects/carla-ros-bridge/install/carla_shenlan_mpc_controller/share/carla_shenlan_mpc_controller//config/mpc_parameters_configuration.yaml
[39.112s] -- Installing: /home/zhangwencheng/Documents/autonomous_driving/projects/carla-ros-bridge/install/carla_shenlan_mpc_controller/share/carla_shenlan_mpc_controller//rviz
[39.112s] -- Installing: /home/zhangwencheng/Documents/autonomous_driving/projects/carla-ros-bridge/install/carla_shenlan_mpc_controller/share/carla_shenlan_mpc_controller//rviz/mpc_vis.rviz
[39.112s] -- Installing: /home/zhangwencheng/Documents/autonomous_driving/projects/carla-ros-bridge/install/carla_shenlan_mpc_controller/share/ament_index/resource_index/package_run_dependencies/carla_shenlan_mpc_controller
[39.112s] -- Installing: /home/zhangwencheng/Documents/autonomous_driving/projects/carla-ros-bridge/install/carla_shenlan_mpc_controller/share/ament_index/resource_index/parent_prefix_path/carla_shenlan_mpc_controller
[39.112s] -- Installing: /home/zhangwencheng/Documents/autonomous_driving/projects/carla-ros-bridge/install/carla_shenlan_mpc_controller/share/carla_shenlan_mpc_controller/environment/ament_prefix_path.sh
[39.113s] -- Installing: /home/zhangwencheng/Documents/autonomous_driving/projects/carla-ros-bridge/install/carla_shenlan_mpc_controller/share/carla_shenlan_mpc_controller/environment/ament_prefix_path.dsv
[39.113s] -- Installing: /home/zhangwencheng/Documents/autonomous_driving/projects/carla-ros-bridge/install/carla_shenlan_mpc_controller/share/carla_shenlan_mpc_controller/environment/path.sh
[39.113s] -- Installing: /home/zhangwencheng/Documents/autonomous_driving/projects/carla-ros-bridge/install/carla_shenlan_mpc_controller/share/carla_shenlan_mpc_controller/environment/path.dsv
[39.113s] -- Installing: /home/zhangwencheng/Documents/autonomous_driving/projects/carla-ros-bridge/install/carla_shenlan_mpc_controller/share/carla_shenlan_mpc_controller/local_setup.bash
[39.113s] -- Installing: /home/zhangwencheng/Documents/autonomous_driving/projects/carla-ros-bridge/install/carla_shenlan_mpc_controller/share/carla_shenlan_mpc_controller/local_setup.sh
[39.113s] -- Installing: /home/zhangwencheng/Documents/autonomous_driving/projects/carla-ros-bridge/install/carla_shenlan_mpc_controller/share/carla_shenlan_mpc_controller/local_setup.zsh
[39.114s] -- Installing: /home/zhangwencheng/Documents/autonomous_driving/projects/carla-ros-bridge/install/carla_shenlan_mpc_controller/share/carla_shenlan_mpc_controller/local_setup.dsv
[39.114s] -- Installing: /home/zhangwencheng/Documents/autonomous_driving/projects/carla-ros-bridge/install/carla_shenlan_mpc_controller/share/carla_shenlan_mpc_controller/package.dsv
[39.114s] -- Installing: /home/zhangwencheng/Documents/autonomous_driving/projects/carla-ros-bridge/install/carla_shenlan_mpc_controller/share/ament_index/resource_index/packages/carla_shenlan_mpc_controller
[39.114s] -- Installing: /home/zhangwencheng/Documents/autonomous_driving/projects/carla-ros-bridge/install/carla_shenlan_mpc_controller/share/carla_shenlan_mpc_controller/cmake/carla_shenlan_mpc_controllerConfig.cmake
[39.114s] -- Installing: /home/zhangwencheng/Documents/autonomous_driving/projects/carla-ros-bridge/install/carla_shenlan_mpc_controller/share/carla_shenlan_mpc_controller/cmake/carla_shenlan_mpc_controllerConfig-version.cmake
[39.114s] -- Installing: /home/zhangwencheng/Documents/autonomous_driving/projects/carla-ros-bridge/install/carla_shenlan_mpc_controller/share/carla_shenlan_mpc_controller/package.xml
[39.119s] Invoked command in '/home/zhangwencheng/Documents/autonomous_driving/projects/carla-ros-bridge/build/carla_shenlan_mpc_controller' returned '0': AMENT_PREFIX_PATH=/home/zhangwencheng/Documents/autonomous_driving/projects/carla-ros-bridge/install/carla_msgs:${AMENT_PREFIX_PATH} CMAKE_PREFIX_PATH=/home/zhangwencheng/Documents/autonomous_driving/projects/carla-ros-bridge/install/carla_msgs:/opt/ros/foxy CONDA_PROMPT_MODIFIER=(base) LD_LIBRARY_PATH=/home/zhangwencheng/Documents/autonomous_driving/projects/carla-ros-bridge/install/carla_msgs/lib:${LD_LIBRARY_PATH} PYTHONPATH=/home/zhangwencheng/Documents/autonomous_driving/projects/carla-ros-bridge/install/carla_msgs/lib/python3.8/site-packages:${PYTHONPATH} /usr/bin/cmake --install /home/zhangwencheng/Documents/autonomous_driving/projects/carla-ros-bridge/build/carla_shenlan_mpc_controller
