[2.232s] Invoking command in '/home/zhangwencheng/Documents/autonomous_driving/projects/carla-ros-bridge/src/ros-bridge/carla_ackermann_control': AMENT_PREFIX_PATH=/home/zhangwencheng/Documents/autonomous_driving/projects/carla-ros-bridge/install/carla_ros_bridge:/home/zhangwencheng/Documents/autonomous_driving/projects/carla-ros-bridge/install/carla_spawn_objects:/home/zhangwencheng/Documents/autonomous_driving/projects/carla-ros-bridge/install/carla_manual_control:/home/zhangwencheng/Documents/autonomous_driving/projects/carla-ros-bridge/install/carla_ackermann_msgs:/home/zhangwencheng/Documents/autonomous_driving/projects/carla-ros-bridge/install/ros_compatibility:/home/zhangwencheng/Documents/autonomous_driving/projects/carla-ros-bridge/install/carla_msgs:/home/zhangwencheng/Documents/autonomous_driving/projects/carla-ros-bridge/install/carla_common:${AMENT_PREFIX_PATH} CMAKE_PREFIX_PATH=/home/zhangwencheng/Documents/autonomous_driving/projects/carla-ros-bridge/install/carla_ackermann_msgs:/home/zhangwencheng/Documents/autonomous_driving/projects/carla-ros-bridge/install/carla_msgs CONDA_PROMPT_MODIFIER=(base) LD_LIBRARY_PATH=/home/zhangwencheng/Documents/autonomous_driving/projects/carla-ros-bridge/install/carla_ackermann_msgs/lib:/home/zhangwencheng/Documents/autonomous_driving/projects/carla-ros-bridge/install/carla_msgs/lib:${LD_LIBRARY_PATH} PYTHONPATH=/home/zhangwencheng/Documents/autonomous_driving/projects/carla-ros-bridge/build/carla_ackermann_control/prefix_override:/home/zhangwencheng/Documents/autonomous_driving/projects/carla-ros-bridge/install/carla_ackermann_control/lib/python3.8/site-packages:/home/zhangwencheng/Documents/autonomous_driving/projects/carla-ros-bridge/install/carla_ros_bridge/lib/python3.8/site-packages:/home/zhangwencheng/Documents/autonomous_driving/projects/carla-ros-bridge/install/carla_spawn_objects/lib/python3.8/site-packages:/home/zhangwencheng/Documents/autonomous_driving/projects/carla-ros-bridge/install/carla_manual_control/lib/python3.8/site-packages:/home/zhangwencheng/Documents/autonomous_driving/projects/carla-ros-bridge/install/carla_ackermann_msgs/lib/python3.8/site-packages:/home/zhangwencheng/Documents/autonomous_driving/projects/carla-ros-bridge/install/ros_compatibility/lib/python3.8/site-packages:/home/zhangwencheng/Documents/autonomous_driving/projects/carla-ros-bridge/install/carla_msgs/lib/python3.8/site-packages:/home/zhangwencheng/Documents/autonomous_driving/projects/carla-ros-bridge/install/carla_common/lib/python3.8/site-packages:${PYTHONPATH} /usr/bin/python3 setup.py egg_info --egg-base ../../../build/carla_ackermann_control build --build-base /home/zhangwencheng/Documents/autonomous_driving/projects/carla-ros-bridge/build/carla_ackermann_control/build install --record /home/zhangwencheng/Documents/autonomous_driving/projects/carla-ros-bridge/build/carla_ackermann_control/install.log --single-version-externally-managed
[2.669s] running egg_info
[2.671s] creating ../../../build/carla_ackermann_control/carla_ackermann_control.egg-info
[2.672s] writing ../../../build/carla_ackermann_control/carla_ackermann_control.egg-info/PKG-INFO
[2.674s] writing dependency_links to ../../../build/carla_ackermann_control/carla_ackermann_control.egg-info/dependency_links.txt
[2.674s] writing entry points to ../../../build/carla_ackermann_control/carla_ackermann_control.egg-info/entry_points.txt
[2.675s] writing requirements to ../../../build/carla_ackermann_control/carla_ackermann_control.egg-info/requires.txt
[2.676s] writing top-level names to ../../../build/carla_ackermann_control/carla_ackermann_control.egg-info/top_level.txt
[2.682s] writing manifest file '../../../build/carla_ackermann_control/carla_ackermann_control.egg-info/SOURCES.txt'
[2.736s] reading manifest file '../../../build/carla_ackermann_control/carla_ackermann_control.egg-info/SOURCES.txt'
[2.736s] writing manifest file '../../../build/carla_ackermann_control/carla_ackermann_control.egg-info/SOURCES.txt'
[2.736s] running build
[2.737s] running build_py
[2.737s] creating /home/zhangwencheng/Documents/autonomous_driving/projects/carla-ros-bridge/build/carla_ackermann_control/build
[2.737s] creating /home/zhangwencheng/Documents/autonomous_driving/projects/carla-ros-bridge/build/carla_ackermann_control/build/lib
[2.737s] creating /home/zhangwencheng/Documents/autonomous_driving/projects/carla-ros-bridge/build/carla_ackermann_control/build/lib/carla_ackermann_control
[2.737s] copying src/carla_ackermann_control/carla_control_physics.py -> /home/zhangwencheng/Documents/autonomous_driving/projects/carla-ros-bridge/build/carla_ackermann_control/build/lib/carla_ackermann_control
[2.737s] copying src/carla_ackermann_control/carla_ackermann_control_node.py -> /home/zhangwencheng/Documents/autonomous_driving/projects/carla-ros-bridge/build/carla_ackermann_control/build/lib/carla_ackermann_control
[2.738s] copying src/carla_ackermann_control/__init__.py -> /home/zhangwencheng/Documents/autonomous_driving/projects/carla-ros-bridge/build/carla_ackermann_control/build/lib/carla_ackermann_control
[2.738s] running install
[2.740s] running install_lib
[2.742s] creating /home/zhangwencheng/Documents/autonomous_driving/projects/carla-ros-bridge/install/carla_ackermann_control/lib/python3.8/site-packages/carla_ackermann_control
[2.742s] copying /home/zhangwencheng/Documents/autonomous_driving/projects/carla-ros-bridge/build/carla_ackermann_control/build/lib/carla_ackermann_control/carla_control_physics.py -> /home/zhangwencheng/Documents/autonomous_driving/projects/carla-ros-bridge/install/carla_ackermann_control/lib/python3.8/site-packages/carla_ackermann_control
[2.742s] copying /home/zhangwencheng/Documents/autonomous_driving/projects/carla-ros-bridge/build/carla_ackermann_control/build/lib/carla_ackermann_control/carla_ackermann_control_node.py -> /home/zhangwencheng/Documents/autonomous_driving/projects/carla-ros-bridge/install/carla_ackermann_control/lib/python3.8/site-packages/carla_ackermann_control
[2.742s] copying /home/zhangwencheng/Documents/autonomous_driving/projects/carla-ros-bridge/build/carla_ackermann_control/build/lib/carla_ackermann_control/__init__.py -> /home/zhangwencheng/Documents/autonomous_driving/projects/carla-ros-bridge/install/carla_ackermann_control/lib/python3.8/site-packages/carla_ackermann_control
[2.742s] byte-compiling /home/zhangwencheng/Documents/autonomous_driving/projects/carla-ros-bridge/install/carla_ackermann_control/lib/python3.8/site-packages/carla_ackermann_control/carla_control_physics.py to carla_control_physics.cpython-38.pyc
[2.745s] byte-compiling /home/zhangwencheng/Documents/autonomous_driving/projects/carla-ros-bridge/install/carla_ackermann_control/lib/python3.8/site-packages/carla_ackermann_control/carla_ackermann_control_node.py to carla_ackermann_control_node.cpython-38.pyc
[2.749s] byte-compiling /home/zhangwencheng/Documents/autonomous_driving/projects/carla-ros-bridge/install/carla_ackermann_control/lib/python3.8/site-packages/carla_ackermann_control/__init__.py to __init__.cpython-38.pyc
[2.750s] running install_data
[2.750s] creating /home/zhangwencheng/Documents/autonomous_driving/projects/carla-ros-bridge/install/carla_ackermann_control/share/ament_index
[2.750s] creating /home/zhangwencheng/Documents/autonomous_driving/projects/carla-ros-bridge/install/carla_ackermann_control/share/ament_index/resource_index
[2.750s] creating /home/zhangwencheng/Documents/autonomous_driving/projects/carla-ros-bridge/install/carla_ackermann_control/share/ament_index/resource_index/packages
[2.751s] copying resource/carla_ackermann_control -> /home/zhangwencheng/Documents/autonomous_driving/projects/carla-ros-bridge/install/carla_ackermann_control/share/ament_index/resource_index/packages
[2.759s] copying package.xml -> /home/zhangwencheng/Documents/autonomous_driving/projects/carla-ros-bridge/install/carla_ackermann_control/share/carla_ackermann_control
[2.760s] copying launch/carla_ros_bridge_with_ackermann_control.launch.py -> /home/zhangwencheng/Documents/autonomous_driving/projects/carla-ros-bridge/install/carla_ackermann_control/share/carla_ackermann_control
[2.760s] copying launch/carla_ackermann_control.launch.py -> /home/zhangwencheng/Documents/autonomous_driving/projects/carla-ros-bridge/install/carla_ackermann_control/share/carla_ackermann_control
[2.761s] copying config/settings.yaml -> /home/zhangwencheng/Documents/autonomous_driving/projects/carla-ros-bridge/install/carla_ackermann_control/share/carla_ackermann_control
[2.764s] running install_egg_info
[2.766s] Copying ../../../build/carla_ackermann_control/carla_ackermann_control.egg-info to /home/zhangwencheng/Documents/autonomous_driving/projects/carla-ros-bridge/install/carla_ackermann_control/lib/python3.8/site-packages/carla_ackermann_control-0.0.0-py3.8.egg-info
[2.767s] running install_scripts
[2.806s] Installing carla_ackermann_control_node script to /home/zhangwencheng/Documents/autonomous_driving/projects/carla-ros-bridge/install/carla_ackermann_control/lib/carla_ackermann_control
[2.807s] writing list of installed files to '/home/zhangwencheng/Documents/autonomous_driving/projects/carla-ros-bridge/build/carla_ackermann_control/install.log'
[2.862s] Invoked command in '/home/zhangwencheng/Documents/autonomous_driving/projects/carla-ros-bridge/src/ros-bridge/carla_ackermann_control' returned '0': AMENT_PREFIX_PATH=/home/zhangwencheng/Documents/autonomous_driving/projects/carla-ros-bridge/install/carla_ros_bridge:/home/zhangwencheng/Documents/autonomous_driving/projects/carla-ros-bridge/install/carla_spawn_objects:/home/zhangwencheng/Documents/autonomous_driving/projects/carla-ros-bridge/install/carla_manual_control:/home/zhangwencheng/Documents/autonomous_driving/projects/carla-ros-bridge/install/carla_ackermann_msgs:/home/zhangwencheng/Documents/autonomous_driving/projects/carla-ros-bridge/install/ros_compatibility:/home/zhangwencheng/Documents/autonomous_driving/projects/carla-ros-bridge/install/carla_msgs:/home/zhangwencheng/Documents/autonomous_driving/projects/carla-ros-bridge/install/carla_common:${AMENT_PREFIX_PATH} CMAKE_PREFIX_PATH=/home/zhangwencheng/Documents/autonomous_driving/projects/carla-ros-bridge/install/carla_ackermann_msgs:/home/zhangwencheng/Documents/autonomous_driving/projects/carla-ros-bridge/install/carla_msgs CONDA_PROMPT_MODIFIER=(base) LD_LIBRARY_PATH=/home/zhangwencheng/Documents/autonomous_driving/projects/carla-ros-bridge/install/carla_ackermann_msgs/lib:/home/zhangwencheng/Documents/autonomous_driving/projects/carla-ros-bridge/install/carla_msgs/lib:${LD_LIBRARY_PATH} PYTHONPATH=/home/zhangwencheng/Documents/autonomous_driving/projects/carla-ros-bridge/build/carla_ackermann_control/prefix_override:/home/zhangwencheng/Documents/autonomous_driving/projects/carla-ros-bridge/install/carla_ackermann_control/lib/python3.8/site-packages:/home/zhangwencheng/Documents/autonomous_driving/projects/carla-ros-bridge/install/carla_ros_bridge/lib/python3.8/site-packages:/home/zhangwencheng/Documents/autonomous_driving/projects/carla-ros-bridge/install/carla_spawn_objects/lib/python3.8/site-packages:/home/zhangwencheng/Documents/autonomous_driving/projects/carla-ros-bridge/install/carla_manual_control/lib/python3.8/site-packages:/home/zhangwencheng/Documents/autonomous_driving/projects/carla-ros-bridge/install/carla_ackermann_msgs/lib/python3.8/site-packages:/home/zhangwencheng/Documents/autonomous_driving/projects/carla-ros-bridge/install/ros_compatibility/lib/python3.8/site-packages:/home/zhangwencheng/Documents/autonomous_driving/projects/carla-ros-bridge/install/carla_msgs/lib/python3.8/site-packages:/home/zhangwencheng/Documents/autonomous_driving/projects/carla-ros-bridge/install/carla_common/lib/python3.8/site-packages:${PYTHONPATH} /usr/bin/python3 setup.py egg_info --egg-base ../../../build/carla_ackermann_control build --build-base /home/zhangwencheng/Documents/autonomous_driving/projects/carla-ros-bridge/build/carla_ackermann_control/build install --record /home/zhangwencheng/Documents/autonomous_driving/projects/carla-ros-bridge/build/carla_ackermann_control/install.log --single-version-externally-managed
