[1.736s] Invoking command in '/home/zhangwencheng/Documents/autonomous_driving/projects/carla-ros-bridge/src/ros-bridge/carla_shenlan_projects/carla_shenlan_bridge_ego_vis': AMENT_PREFIX_PATH=/home/zhangwencheng/Documents/autonomous_driving/projects/carla-ros-bridge/install/ros_compatibility:/home/zhangwencheng/Documents/autonomous_driving/projects/carla-ros-bridge/install/carla_msgs:${AMENT_PREFIX_PATH} CMAKE_PREFIX_PATH=/home/zhangwencheng/Documents/autonomous_driving/projects/carla-ros-bridge/install/carla_msgs CONDA_PROMPT_MODIFIER=(base) LD_LIBRARY_PATH=/home/zhangwencheng/Documents/autonomous_driving/projects/carla-ros-bridge/install/carla_msgs/lib:${LD_LIBRARY_PATH} PYTHONPATH=/home/zhangwencheng/Documents/autonomous_driving/projects/carla-ros-bridge/build/carla_shenlan_bridge_ego_vis/prefix_override:/home/zhangwencheng/Documents/autonomous_driving/projects/carla-ros-bridge/install/carla_shenlan_bridge_ego_vis/lib/python3.8/site-packages:/home/zhangwencheng/Documents/autonomous_driving/projects/carla-ros-bridge/install/ros_compatibility/lib/python3.8/site-packages:/home/zhangwencheng/Documents/autonomous_driving/projects/carla-ros-bridge/install/carla_msgs/lib/python3.8/site-packages:${PYTHONPATH} /usr/bin/python3 setup.py egg_info --egg-base ../../../../build/carla_shenlan_bridge_ego_vis build --build-base /home/zhangwencheng/Documents/autonomous_driving/projects/carla-ros-bridge/build/carla_shenlan_bridge_ego_vis/build install --record /home/zhangwencheng/Documents/autonomous_driving/projects/carla-ros-bridge/build/carla_shenlan_bridge_ego_vis/install.log --install-scripts $base/lib/carla_shenlan_bridge_ego_vis --single-version-externally-managed
[2.113s] running egg_info
[2.113s] creating ../../../../build/carla_shenlan_bridge_ego_vis/carla_shenlan_bridge_ego_vis.egg-info
[2.113s] writing ../../../../build/carla_shenlan_bridge_ego_vis/carla_shenlan_bridge_ego_vis.egg-info/PKG-INFO
[2.113s] writing dependency_links to ../../../../build/carla_shenlan_bridge_ego_vis/carla_shenlan_bridge_ego_vis.egg-info/dependency_links.txt
[2.113s] writing entry points to ../../../../build/carla_shenlan_bridge_ego_vis/carla_shenlan_bridge_ego_vis.egg-info/entry_points.txt
[2.114s] writing requirements to ../../../../build/carla_shenlan_bridge_ego_vis/carla_shenlan_bridge_ego_vis.egg-info/requires.txt
[2.114s] writing top-level names to ../../../../build/carla_shenlan_bridge_ego_vis/carla_shenlan_bridge_ego_vis.egg-info/top_level.txt
[2.114s] writing manifest file '../../../../build/carla_shenlan_bridge_ego_vis/carla_shenlan_bridge_ego_vis.egg-info/SOURCES.txt'
[2.125s] reading manifest file '../../../../build/carla_shenlan_bridge_ego_vis/carla_shenlan_bridge_ego_vis.egg-info/SOURCES.txt'
[2.125s] writing manifest file '../../../../build/carla_shenlan_bridge_ego_vis/carla_shenlan_bridge_ego_vis.egg-info/SOURCES.txt'
[2.126s] running build
[2.126s] running build_py
[2.126s] creating /home/zhangwencheng/Documents/autonomous_driving/projects/carla-ros-bridge/build/carla_shenlan_bridge_ego_vis/build
[2.126s] creating /home/zhangwencheng/Documents/autonomous_driving/projects/carla-ros-bridge/build/carla_shenlan_bridge_ego_vis/build/lib
[2.126s] creating /home/zhangwencheng/Documents/autonomous_driving/projects/carla-ros-bridge/build/carla_shenlan_bridge_ego_vis/build/lib/carla_shenlan_bridge_ego_vis
[2.126s] copying carla_shenlan_bridge_ego_vis/reference_line_recorder.py -> /home/zhangwencheng/Documents/autonomous_driving/projects/carla-ros-bridge/build/carla_shenlan_bridge_ego_vis/build/lib/carla_shenlan_bridge_ego_vis
[2.126s] copying carla_shenlan_bridge_ego_vis/official_demo.py -> /home/zhangwencheng/Documents/autonomous_driving/projects/carla-ros-bridge/build/carla_shenlan_bridge_ego_vis/build/lib/carla_shenlan_bridge_ego_vis
[2.126s] copying carla_shenlan_bridge_ego_vis/carla_shenlan_vis_ego_vehicle.py -> /home/zhangwencheng/Documents/autonomous_driving/projects/carla-ros-bridge/build/carla_shenlan_bridge_ego_vis/build/lib/carla_shenlan_bridge_ego_vis
[2.126s] copying carla_shenlan_bridge_ego_vis/__init__.py -> /home/zhangwencheng/Documents/autonomous_driving/projects/carla-ros-bridge/build/carla_shenlan_bridge_ego_vis/build/lib/carla_shenlan_bridge_ego_vis
[2.126s] copying carla_shenlan_bridge_ego_vis/longitudinal_control_pid.py -> /home/zhangwencheng/Documents/autonomous_driving/projects/carla-ros-bridge/build/carla_shenlan_bridge_ego_vis/build/lib/carla_shenlan_bridge_ego_vis
[2.126s] running install
[2.127s] running install_lib
[2.127s] creating /home/zhangwencheng/Documents/autonomous_driving/projects/carla-ros-bridge/install/carla_shenlan_bridge_ego_vis/lib/python3.8/site-packages/carla_shenlan_bridge_ego_vis
[2.127s] copying /home/zhangwencheng/Documents/autonomous_driving/projects/carla-ros-bridge/build/carla_shenlan_bridge_ego_vis/build/lib/carla_shenlan_bridge_ego_vis/reference_line_recorder.py -> /home/zhangwencheng/Documents/autonomous_driving/projects/carla-ros-bridge/install/carla_shenlan_bridge_ego_vis/lib/python3.8/site-packages/carla_shenlan_bridge_ego_vis
[2.127s] copying /home/zhangwencheng/Documents/autonomous_driving/projects/carla-ros-bridge/build/carla_shenlan_bridge_ego_vis/build/lib/carla_shenlan_bridge_ego_vis/official_demo.py -> /home/zhangwencheng/Documents/autonomous_driving/projects/carla-ros-bridge/install/carla_shenlan_bridge_ego_vis/lib/python3.8/site-packages/carla_shenlan_bridge_ego_vis
[2.127s] copying /home/zhangwencheng/Documents/autonomous_driving/projects/carla-ros-bridge/build/carla_shenlan_bridge_ego_vis/build/lib/carla_shenlan_bridge_ego_vis/carla_shenlan_vis_ego_vehicle.py -> /home/zhangwencheng/Documents/autonomous_driving/projects/carla-ros-bridge/install/carla_shenlan_bridge_ego_vis/lib/python3.8/site-packages/carla_shenlan_bridge_ego_vis
[2.127s] copying /home/zhangwencheng/Documents/autonomous_driving/projects/carla-ros-bridge/build/carla_shenlan_bridge_ego_vis/build/lib/carla_shenlan_bridge_ego_vis/__init__.py -> /home/zhangwencheng/Documents/autonomous_driving/projects/carla-ros-bridge/install/carla_shenlan_bridge_ego_vis/lib/python3.8/site-packages/carla_shenlan_bridge_ego_vis
[2.127s] copying /home/zhangwencheng/Documents/autonomous_driving/projects/carla-ros-bridge/build/carla_shenlan_bridge_ego_vis/build/lib/carla_shenlan_bridge_ego_vis/longitudinal_control_pid.py -> /home/zhangwencheng/Documents/autonomous_driving/projects/carla-ros-bridge/install/carla_shenlan_bridge_ego_vis/lib/python3.8/site-packages/carla_shenlan_bridge_ego_vis
[2.127s] byte-compiling /home/zhangwencheng/Documents/autonomous_driving/projects/carla-ros-bridge/install/carla_shenlan_bridge_ego_vis/lib/python3.8/site-packages/carla_shenlan_bridge_ego_vis/reference_line_recorder.py to reference_line_recorder.cpython-38.pyc
[2.140s] byte-compiling /home/zhangwencheng/Documents/autonomous_driving/projects/carla-ros-bridge/install/carla_shenlan_bridge_ego_vis/lib/python3.8/site-packages/carla_shenlan_bridge_ego_vis/official_demo.py to official_demo.cpython-38.pyc
[2.141s] byte-compiling /home/zhangwencheng/Documents/autonomous_driving/projects/carla-ros-bridge/install/carla_shenlan_bridge_ego_vis/lib/python3.8/site-packages/carla_shenlan_bridge_ego_vis/carla_shenlan_vis_ego_vehicle.py to carla_shenlan_vis_ego_vehicle.cpython-38.pyc
[2.148s] byte-compiling /home/zhangwencheng/Documents/autonomous_driving/projects/carla-ros-bridge/install/carla_shenlan_bridge_ego_vis/lib/python3.8/site-packages/carla_shenlan_bridge_ego_vis/__init__.py to __init__.cpython-38.pyc
[2.148s] byte-compiling /home/zhangwencheng/Documents/autonomous_driving/projects/carla-ros-bridge/install/carla_shenlan_bridge_ego_vis/lib/python3.8/site-packages/carla_shenlan_bridge_ego_vis/longitudinal_control_pid.py to longitudinal_control_pid.cpython-38.pyc
[2.152s] running install_data
[2.152s] creating /home/zhangwencheng/Documents/autonomous_driving/projects/carla-ros-bridge/install/carla_shenlan_bridge_ego_vis/share/ament_index
[2.153s] creating /home/zhangwencheng/Documents/autonomous_driving/projects/carla-ros-bridge/install/carla_shenlan_bridge_ego_vis/share/ament_index/resource_index
[2.153s] creating /home/zhangwencheng/Documents/autonomous_driving/projects/carla-ros-bridge/install/carla_shenlan_bridge_ego_vis/share/ament_index/resource_index/packages
[2.153s] copying resource/carla_shenlan_bridge_ego_vis -> /home/zhangwencheng/Documents/autonomous_driving/projects/carla-ros-bridge/install/carla_shenlan_bridge_ego_vis/share/ament_index/resource_index/packages
[2.153s] copying package.xml -> /home/zhangwencheng/Documents/autonomous_driving/projects/carla-ros-bridge/install/carla_shenlan_bridge_ego_vis/share/carla_shenlan_bridge_ego_vis
[2.153s] copying launch/carla_shenlan_vis_ego_vehicle.launch.py -> /home/zhangwencheng/Documents/autonomous_driving/projects/carla-ros-bridge/install/carla_shenlan_bridge_ego_vis/share/carla_shenlan_bridge_ego_vis
[2.153s] copying launch/carla_bridge_ego_vehilce.launch.py -> /home/zhangwencheng/Documents/autonomous_driving/projects/carla-ros-bridge/install/carla_shenlan_bridge_ego_vis/share/carla_shenlan_bridge_ego_vis
[2.153s] copying launch/command_control.launch.py -> /home/zhangwencheng/Documents/autonomous_driving/projects/carla-ros-bridge/install/carla_shenlan_bridge_ego_vis/share/carla_shenlan_bridge_ego_vis
[2.153s] copying launch/reference_line_recorder.launch.py -> /home/zhangwencheng/Documents/autonomous_driving/projects/carla-ros-bridge/install/carla_shenlan_bridge_ego_vis/share/carla_shenlan_bridge_ego_vis
[2.153s] copying launch/carla_recorder_ego_vehicle.launch.py -> /home/zhangwencheng/Documents/autonomous_driving/projects/carla-ros-bridge/install/carla_shenlan_bridge_ego_vis/share/carla_shenlan_bridge_ego_vis
[2.154s] running install_egg_info
[2.154s] Copying ../../../../build/carla_shenlan_bridge_ego_vis/carla_shenlan_bridge_ego_vis.egg-info to /home/zhangwencheng/Documents/autonomous_driving/projects/carla-ros-bridge/install/carla_shenlan_bridge_ego_vis/lib/python3.8/site-packages/carla_shenlan_bridge_ego_vis-0.0.0-py3.8.egg-info
[2.154s] running install_scripts
[2.194s] Installing carla_shenlan_vis_ego_vehicle script to /home/zhangwencheng/Documents/autonomous_driving/projects/carla-ros-bridge/install/carla_shenlan_bridge_ego_vis/lib/carla_shenlan_bridge_ego_vis
[2.194s] Installing longitudinal_control_pid script to /home/zhangwencheng/Documents/autonomous_driving/projects/carla-ros-bridge/install/carla_shenlan_bridge_ego_vis/lib/carla_shenlan_bridge_ego_vis
[2.194s] Installing reference_line_recorder script to /home/zhangwencheng/Documents/autonomous_driving/projects/carla-ros-bridge/install/carla_shenlan_bridge_ego_vis/lib/carla_shenlan_bridge_ego_vis
[2.199s] writing list of installed files to '/home/zhangwencheng/Documents/autonomous_driving/projects/carla-ros-bridge/build/carla_shenlan_bridge_ego_vis/install.log'
[2.266s] Invoked command in '/home/zhangwencheng/Documents/autonomous_driving/projects/carla-ros-bridge/src/ros-bridge/carla_shenlan_projects/carla_shenlan_bridge_ego_vis' returned '0': AMENT_PREFIX_PATH=/home/zhangwencheng/Documents/autonomous_driving/projects/carla-ros-bridge/install/ros_compatibility:/home/zhangwencheng/Documents/autonomous_driving/projects/carla-ros-bridge/install/carla_msgs:${AMENT_PREFIX_PATH} CMAKE_PREFIX_PATH=/home/zhangwencheng/Documents/autonomous_driving/projects/carla-ros-bridge/install/carla_msgs CONDA_PROMPT_MODIFIER=(base) LD_LIBRARY_PATH=/home/zhangwencheng/Documents/autonomous_driving/projects/carla-ros-bridge/install/carla_msgs/lib:${LD_LIBRARY_PATH} PYTHONPATH=/home/zhangwencheng/Documents/autonomous_driving/projects/carla-ros-bridge/build/carla_shenlan_bridge_ego_vis/prefix_override:/home/zhangwencheng/Documents/autonomous_driving/projects/carla-ros-bridge/install/carla_shenlan_bridge_ego_vis/lib/python3.8/site-packages:/home/zhangwencheng/Documents/autonomous_driving/projects/carla-ros-bridge/install/ros_compatibility/lib/python3.8/site-packages:/home/zhangwencheng/Documents/autonomous_driving/projects/carla-ros-bridge/install/carla_msgs/lib/python3.8/site-packages:${PYTHONPATH} /usr/bin/python3 setup.py egg_info --egg-base ../../../../build/carla_shenlan_bridge_ego_vis build --build-base /home/zhangwencheng/Documents/autonomous_driving/projects/carla-ros-bridge/build/carla_shenlan_bridge_ego_vis/build install --record /home/zhangwencheng/Documents/autonomous_driving/projects/carla-ros-bridge/build/carla_shenlan_bridge_ego_vis/install.log --install-scripts $base/lib/carla_shenlan_bridge_ego_vis --single-version-externally-managed
