[0.017s] Invoking command in '/home/zhangwencheng/Documents/autonomous_driving/projects/carla-ros-bridge/build/carla_shenlan_a_star_planner': AMENT_PREFIX_PATH=/home/zhangwencheng/Documents/autonomous_driving/projects/carla-ros-bridge/install/carla_msgs:${AMENT_PREFIX_PATH} CMAKE_PREFIX_PATH=/home/zhangwencheng/Documents/autonomous_driving/projects/carla-ros-bridge/install/carla_msgs:/opt/ros/foxy CONDA_PROMPT_MODIFIER=(base) LD_LIBRARY_PATH=/home/zhangwencheng/Documents/autonomous_driving/projects/carla-ros-bridge/install/carla_msgs/lib:${LD_LIBRARY_PATH} PYTHONPATH=/home/zhangwencheng/Documents/autonomous_driving/projects/carla-ros-bridge/install/carla_msgs/lib/python3.8/site-packages:${PYTHONPATH} /usr/bin/cmake --build /home/zhangwencheng/Documents/autonomous_driving/projects/carla-ros-bridge/build/carla_shenlan_a_star_planner -- -j12 -l12
[0.056s] [35m[1mScanning dependencies of target a_star_planner[0m
[0.076s] [ 40%] Built target random_map_generator
[0.096s] [ 60%] [32mBuilding CXX object CMakeFiles/a_star_planner.dir/src/Astar_searcher.cpp.o[0m
[2.378s] [01m[K/home/zhangwencheng/Documents/autonomous_driving/projects/carla-ros-bridge/src/ros-bridge/carla_shenlan_projects/carla_shenlan_a_star_planner/src/Astar_searcher.cpp:[m[K In member function ‘[01m[Kdouble AstarPathFinder::getHeu(GridNodePtr, GridNodePtr)[m[K’:
[2.379s] [01m[K/home/zhangwencheng/Documents/autonomous_driving/projects/carla-ros-bridge/src/ros-bridge/carla_shenlan_projects/carla_shenlan_a_star_planner/src/Astar_searcher.cpp:239:21:[m[K [01;35m[Kwarning: [m[Kvariable ‘[01m[Knode1_coordinate[m[K’ set but not used [[01;35m[K-Wunused-but-set-variable[m[K]
[2.379s]   239 |     Eigen::Vector3d [01;35m[Knode1_coordinate[m[K = node1->coord;
[2.379s]       |                     [01;35m[K^~~~~~~~~~~~~~~~[m[K
[2.379s] [01m[K/home/zhangwencheng/Documents/autonomous_driving/projects/carla-ros-bridge/src/ros-bridge/carla_shenlan_projects/carla_shenlan_a_star_planner/src/Astar_searcher.cpp:240:21:[m[K [01;35m[Kwarning: [m[Kvariable ‘[01m[Knode2_coordinate[m[K’ set but not used [[01;35m[K-Wunused-but-set-variable[m[K]
[2.379s]   240 |     Eigen::Vector3d [01;35m[Knode2_coordinate[m[K = node2->coord;
[2.379s]       |                     [01;35m[K^~~~~~~~~~~~~~~~[m[K
[3.311s] [ 80%] [32m[1mLinking CXX executable a_star_planner[0m
[3.842s] [100%] Built target a_star_planner
[3.850s] Invoked command in '/home/zhangwencheng/Documents/autonomous_driving/projects/carla-ros-bridge/build/carla_shenlan_a_star_planner' returned '0': AMENT_PREFIX_PATH=/home/zhangwencheng/Documents/autonomous_driving/projects/carla-ros-bridge/install/carla_msgs:${AMENT_PREFIX_PATH} CMAKE_PREFIX_PATH=/home/zhangwencheng/Documents/autonomous_driving/projects/carla-ros-bridge/install/carla_msgs:/opt/ros/foxy CONDA_PROMPT_MODIFIER=(base) LD_LIBRARY_PATH=/home/zhangwencheng/Documents/autonomous_driving/projects/carla-ros-bridge/install/carla_msgs/lib:${LD_LIBRARY_PATH} PYTHONPATH=/home/zhangwencheng/Documents/autonomous_driving/projects/carla-ros-bridge/install/carla_msgs/lib/python3.8/site-packages:${PYTHONPATH} /usr/bin/cmake --build /home/zhangwencheng/Documents/autonomous_driving/projects/carla-ros-bridge/build/carla_shenlan_a_star_planner -- -j12 -l12
[3.878s] Invoking command in '/home/zhangwencheng/Documents/autonomous_driving/projects/carla-ros-bridge/build/carla_shenlan_a_star_planner': AMENT_PREFIX_PATH=/home/zhangwencheng/Documents/autonomous_driving/projects/carla-ros-bridge/install/carla_msgs:${AMENT_PREFIX_PATH} CMAKE_PREFIX_PATH=/home/zhangwencheng/Documents/autonomous_driving/projects/carla-ros-bridge/install/carla_msgs:/opt/ros/foxy CONDA_PROMPT_MODIFIER=(base) LD_LIBRARY_PATH=/home/zhangwencheng/Documents/autonomous_driving/projects/carla-ros-bridge/install/carla_msgs/lib:${LD_LIBRARY_PATH} PYTHONPATH=/home/zhangwencheng/Documents/autonomous_driving/projects/carla-ros-bridge/install/carla_msgs/lib/python3.8/site-packages:${PYTHONPATH} /usr/bin/cmake --install /home/zhangwencheng/Documents/autonomous_driving/projects/carla-ros-bridge/build/carla_shenlan_a_star_planner
[3.885s] -- Install configuration: ""
[3.885s] -- Installing: /home/zhangwencheng/Documents/autonomous_driving/projects/carla-ros-bridge/install/carla_shenlan_a_star_planner/lib/carla_shenlan_a_star_planner/a_star_planner
[3.887s] -- Set runtime path of "/home/zhangwencheng/Documents/autonomous_driving/projects/carla-ros-bridge/install/carla_shenlan_a_star_planner/lib/carla_shenlan_a_star_planner/a_star_planner" to ""
[3.887s] -- Up-to-date: /home/zhangwencheng/Documents/autonomous_driving/projects/carla-ros-bridge/install/carla_shenlan_a_star_planner/lib/carla_shenlan_a_star_planner/random_map_generator
[3.887s] -- Up-to-date: /home/zhangwencheng/Documents/autonomous_driving/projects/carla-ros-bridge/install/carla_shenlan_a_star_planner/share/carla_shenlan_a_star_planner//launch
[3.887s] -- Up-to-date: /home/zhangwencheng/Documents/autonomous_driving/projects/carla-ros-bridge/install/carla_shenlan_a_star_planner/share/carla_shenlan_a_star_planner//launch/a_star_planner.launch.py
[3.888s] -- Up-to-date: /home/zhangwencheng/Documents/autonomous_driving/projects/carla-ros-bridge/install/carla_shenlan_a_star_planner/share/carla_shenlan_a_star_planner//rviz
[3.888s] -- Up-to-date: /home/zhangwencheng/Documents/autonomous_driving/projects/carla-ros-bridge/install/carla_shenlan_a_star_planner/share/carla_shenlan_a_star_planner//rviz/a_star_vis.rviz
[3.888s] -- Up-to-date: /home/zhangwencheng/Documents/autonomous_driving/projects/carla-ros-bridge/install/carla_shenlan_a_star_planner/share/ament_index/resource_index/package_run_dependencies/carla_shenlan_a_star_planner
[3.888s] -- Up-to-date: /home/zhangwencheng/Documents/autonomous_driving/projects/carla-ros-bridge/install/carla_shenlan_a_star_planner/share/ament_index/resource_index/parent_prefix_path/carla_shenlan_a_star_planner
[3.888s] -- Up-to-date: /home/zhangwencheng/Documents/autonomous_driving/projects/carla-ros-bridge/install/carla_shenlan_a_star_planner/share/carla_shenlan_a_star_planner/environment/ament_prefix_path.sh
[3.888s] -- Up-to-date: /home/zhangwencheng/Documents/autonomous_driving/projects/carla-ros-bridge/install/carla_shenlan_a_star_planner/share/carla_shenlan_a_star_planner/environment/ament_prefix_path.dsv
[3.888s] -- Up-to-date: /home/zhangwencheng/Documents/autonomous_driving/projects/carla-ros-bridge/install/carla_shenlan_a_star_planner/share/carla_shenlan_a_star_planner/environment/path.sh
[3.888s] -- Up-to-date: /home/zhangwencheng/Documents/autonomous_driving/projects/carla-ros-bridge/install/carla_shenlan_a_star_planner/share/carla_shenlan_a_star_planner/environment/path.dsv
[3.888s] -- Up-to-date: /home/zhangwencheng/Documents/autonomous_driving/projects/carla-ros-bridge/install/carla_shenlan_a_star_planner/share/carla_shenlan_a_star_planner/local_setup.bash
[3.888s] -- Up-to-date: /home/zhangwencheng/Documents/autonomous_driving/projects/carla-ros-bridge/install/carla_shenlan_a_star_planner/share/carla_shenlan_a_star_planner/local_setup.sh
[3.888s] -- Up-to-date: /home/zhangwencheng/Documents/autonomous_driving/projects/carla-ros-bridge/install/carla_shenlan_a_star_planner/share/carla_shenlan_a_star_planner/local_setup.zsh
[3.888s] -- Up-to-date: /home/zhangwencheng/Documents/autonomous_driving/projects/carla-ros-bridge/install/carla_shenlan_a_star_planner/share/carla_shenlan_a_star_planner/local_setup.dsv
[3.888s] -- Installing: /home/zhangwencheng/Documents/autonomous_driving/projects/carla-ros-bridge/install/carla_shenlan_a_star_planner/share/carla_shenlan_a_star_planner/package.dsv
[3.888s] -- Up-to-date: /home/zhangwencheng/Documents/autonomous_driving/projects/carla-ros-bridge/install/carla_shenlan_a_star_planner/share/ament_index/resource_index/packages/carla_shenlan_a_star_planner
[3.889s] -- Up-to-date: /home/zhangwencheng/Documents/autonomous_driving/projects/carla-ros-bridge/install/carla_shenlan_a_star_planner/share/carla_shenlan_a_star_planner/cmake/carla_shenlan_a_star_plannerConfig.cmake
[3.889s] -- Up-to-date: /home/zhangwencheng/Documents/autonomous_driving/projects/carla-ros-bridge/install/carla_shenlan_a_star_planner/share/carla_shenlan_a_star_planner/cmake/carla_shenlan_a_star_plannerConfig-version.cmake
[3.889s] -- Up-to-date: /home/zhangwencheng/Documents/autonomous_driving/projects/carla-ros-bridge/install/carla_shenlan_a_star_planner/share/carla_shenlan_a_star_planner/package.xml
[3.890s] Invoked command in '/home/zhangwencheng/Documents/autonomous_driving/projects/carla-ros-bridge/build/carla_shenlan_a_star_planner' returned '0': AMENT_PREFIX_PATH=/home/zhangwencheng/Documents/autonomous_driving/projects/carla-ros-bridge/install/carla_msgs:${AMENT_PREFIX_PATH} CMAKE_PREFIX_PATH=/home/zhangwencheng/Documents/autonomous_driving/projects/carla-ros-bridge/install/carla_msgs:/opt/ros/foxy CONDA_PROMPT_MODIFIER=(base) LD_LIBRARY_PATH=/home/zhangwencheng/Documents/autonomous_driving/projects/carla-ros-bridge/install/carla_msgs/lib:${LD_LIBRARY_PATH} PYTHONPATH=/home/zhangwencheng/Documents/autonomous_driving/projects/carla-ros-bridge/install/carla_msgs/lib/python3.8/site-packages:${PYTHONPATH} /usr/bin/cmake --install /home/zhangwencheng/Documents/autonomous_driving/projects/carla-ros-bridge/build/carla_shenlan_a_star_planner
