[1.803s] Invoking command in '/home/zhangwencheng/Documents/autonomous_driving/projects/carla-ros-bridge/src/ros-bridge/carla_ros_scenario_runner': AMENT_PREFIX_PATH=/home/zhangwencheng/Documents/autonomous_driving/projects/carla-ros-bridge/install/carla_ros_scenario_runner_types:/home/zhangwencheng/Documents/autonomous_driving/projects/carla-ros-bridge/install/carla_msgs:/home/zhangwencheng/Documents/autonomous_driving/projects/carla-ros-bridge/install/carla_common:${AMENT_PREFIX_PATH} CMAKE_PREFIX_PATH=/home/zhangwencheng/Documents/autonomous_driving/projects/carla-ros-bridge/install/carla_ros_scenario_runner_types:/home/zhangwencheng/Documents/autonomous_driving/projects/carla-ros-bridge/install/carla_msgs CONDA_PROMPT_MODIFIER=(base) LD_LIBRARY_PATH=/home/zhangwencheng/Documents/autonomous_driving/projects/carla-ros-bridge/install/carla_ros_scenario_runner_types/lib:/home/zhangwencheng/Documents/autonomous_driving/projects/carla-ros-bridge/install/carla_msgs/lib:${LD_LIBRARY_PATH} PYTHONPATH=/home/zhangwencheng/Documents/autonomous_driving/projects/carla-ros-bridge/build/carla_ros_scenario_runner/prefix_override:/home/zhangwencheng/Documents/autonomous_driving/projects/carla-ros-bridge/install/carla_ros_scenario_runner/lib/python3.8/site-packages:/home/zhangwencheng/Documents/autonomous_driving/projects/carla-ros-bridge/install/carla_ros_scenario_runner_types/lib/python3.8/site-packages:/home/zhangwencheng/Documents/autonomous_driving/projects/carla-ros-bridge/install/carla_msgs/lib/python3.8/site-packages:/home/zhangwencheng/Documents/autonomous_driving/projects/carla-ros-bridge/install/carla_common/lib/python3.8/site-packages:${PYTHONPATH} /usr/bin/python3 setup.py egg_info --egg-base ../../../build/carla_ros_scenario_runner build --build-base /home/zhangwencheng/Documents/autonomous_driving/projects/carla-ros-bridge/build/carla_ros_scenario_runner/build install --record /home/zhangwencheng/Documents/autonomous_driving/projects/carla-ros-bridge/build/carla_ros_scenario_runner/install.log --single-version-externally-managed
[2.291s] running egg_info
[2.292s] creating ../../../build/carla_ros_scenario_runner/carla_ros_scenario_runner.egg-info
[2.292s] writing ../../../build/carla_ros_scenario_runner/carla_ros_scenario_runner.egg-info/PKG-INFO
[2.292s] writing dependency_links to ../../../build/carla_ros_scenario_runner/carla_ros_scenario_runner.egg-info/dependency_links.txt
[2.292s] writing entry points to ../../../build/carla_ros_scenario_runner/carla_ros_scenario_runner.egg-info/entry_points.txt
[2.292s] writing requirements to ../../../build/carla_ros_scenario_runner/carla_ros_scenario_runner.egg-info/requires.txt
[2.292s] writing top-level names to ../../../build/carla_ros_scenario_runner/carla_ros_scenario_runner.egg-info/top_level.txt
[2.292s] writing manifest file '../../../build/carla_ros_scenario_runner/carla_ros_scenario_runner.egg-info/SOURCES.txt'
[2.292s] reading manifest file '../../../build/carla_ros_scenario_runner/carla_ros_scenario_runner.egg-info/SOURCES.txt'
[2.292s] writing manifest file '../../../build/carla_ros_scenario_runner/carla_ros_scenario_runner.egg-info/SOURCES.txt'
[2.292s] running build
[2.292s] running build_py
[2.292s] creating /home/zhangwencheng/Documents/autonomous_driving/projects/carla-ros-bridge/build/carla_ros_scenario_runner/build
[2.293s] creating /home/zhangwencheng/Documents/autonomous_driving/projects/carla-ros-bridge/build/carla_ros_scenario_runner/build/lib
[2.293s] creating /home/zhangwencheng/Documents/autonomous_driving/projects/carla-ros-bridge/build/carla_ros_scenario_runner/build/lib/carla_ros_scenario_runner
[2.293s] copying src/carla_ros_scenario_runner/ros_vehicle_control.py -> /home/zhangwencheng/Documents/autonomous_driving/projects/carla-ros-bridge/build/carla_ros_scenario_runner/build/lib/carla_ros_scenario_runner
[2.293s] copying src/carla_ros_scenario_runner/carla_ros_scenario_runner_node.py -> /home/zhangwencheng/Documents/autonomous_driving/projects/carla-ros-bridge/build/carla_ros_scenario_runner/build/lib/carla_ros_scenario_runner
[2.293s] copying src/carla_ros_scenario_runner/application_runner.py -> /home/zhangwencheng/Documents/autonomous_driving/projects/carla-ros-bridge/build/carla_ros_scenario_runner/build/lib/carla_ros_scenario_runner
[2.293s] copying src/carla_ros_scenario_runner/scenario_runner_runner.py -> /home/zhangwencheng/Documents/autonomous_driving/projects/carla-ros-bridge/build/carla_ros_scenario_runner/build/lib/carla_ros_scenario_runner
[2.293s] copying src/carla_ros_scenario_runner/__init__.py -> /home/zhangwencheng/Documents/autonomous_driving/projects/carla-ros-bridge/build/carla_ros_scenario_runner/build/lib/carla_ros_scenario_runner
[2.293s] running install
[2.293s] running install_lib
[2.293s] creating /home/zhangwencheng/Documents/autonomous_driving/projects/carla-ros-bridge/install/carla_ros_scenario_runner/lib/python3.8/site-packages/carla_ros_scenario_runner
[2.294s] copying /home/zhangwencheng/Documents/autonomous_driving/projects/carla-ros-bridge/build/carla_ros_scenario_runner/build/lib/carla_ros_scenario_runner/ros_vehicle_control.py -> /home/zhangwencheng/Documents/autonomous_driving/projects/carla-ros-bridge/install/carla_ros_scenario_runner/lib/python3.8/site-packages/carla_ros_scenario_runner
[2.294s] copying /home/zhangwencheng/Documents/autonomous_driving/projects/carla-ros-bridge/build/carla_ros_scenario_runner/build/lib/carla_ros_scenario_runner/carla_ros_scenario_runner_node.py -> /home/zhangwencheng/Documents/autonomous_driving/projects/carla-ros-bridge/install/carla_ros_scenario_runner/lib/python3.8/site-packages/carla_ros_scenario_runner
[2.294s] copying /home/zhangwencheng/Documents/autonomous_driving/projects/carla-ros-bridge/build/carla_ros_scenario_runner/build/lib/carla_ros_scenario_runner/application_runner.py -> /home/zhangwencheng/Documents/autonomous_driving/projects/carla-ros-bridge/install/carla_ros_scenario_runner/lib/python3.8/site-packages/carla_ros_scenario_runner
[2.294s] copying /home/zhangwencheng/Documents/autonomous_driving/projects/carla-ros-bridge/build/carla_ros_scenario_runner/build/lib/carla_ros_scenario_runner/scenario_runner_runner.py -> /home/zhangwencheng/Documents/autonomous_driving/projects/carla-ros-bridge/install/carla_ros_scenario_runner/lib/python3.8/site-packages/carla_ros_scenario_runner
[2.294s] copying /home/zhangwencheng/Documents/autonomous_driving/projects/carla-ros-bridge/build/carla_ros_scenario_runner/build/lib/carla_ros_scenario_runner/__init__.py -> /home/zhangwencheng/Documents/autonomous_driving/projects/carla-ros-bridge/install/carla_ros_scenario_runner/lib/python3.8/site-packages/carla_ros_scenario_runner
[2.294s] byte-compiling /home/zhangwencheng/Documents/autonomous_driving/projects/carla-ros-bridge/install/carla_ros_scenario_runner/lib/python3.8/site-packages/carla_ros_scenario_runner/ros_vehicle_control.py to ros_vehicle_control.cpython-38.pyc
[2.294s] byte-compiling /home/zhangwencheng/Documents/autonomous_driving/projects/carla-ros-bridge/install/carla_ros_scenario_runner/lib/python3.8/site-packages/carla_ros_scenario_runner/carla_ros_scenario_runner_node.py to carla_ros_scenario_runner_node.cpython-38.pyc
[2.294s] byte-compiling /home/zhangwencheng/Documents/autonomous_driving/projects/carla-ros-bridge/install/carla_ros_scenario_runner/lib/python3.8/site-packages/carla_ros_scenario_runner/application_runner.py to application_runner.cpython-38.pyc
[2.294s] byte-compiling /home/zhangwencheng/Documents/autonomous_driving/projects/carla-ros-bridge/install/carla_ros_scenario_runner/lib/python3.8/site-packages/carla_ros_scenario_runner/scenario_runner_runner.py to scenario_runner_runner.cpython-38.pyc
[2.294s] byte-compiling /home/zhangwencheng/Documents/autonomous_driving/projects/carla-ros-bridge/install/carla_ros_scenario_runner/lib/python3.8/site-packages/carla_ros_scenario_runner/__init__.py to __init__.cpython-38.pyc
[2.294s] running install_data
[2.295s] creating /home/zhangwencheng/Documents/autonomous_driving/projects/carla-ros-bridge/install/carla_ros_scenario_runner/share/ament_index
[2.295s] creating /home/zhangwencheng/Documents/autonomous_driving/projects/carla-ros-bridge/install/carla_ros_scenario_runner/share/ament_index/resource_index
[2.295s] creating /home/zhangwencheng/Documents/autonomous_driving/projects/carla-ros-bridge/install/carla_ros_scenario_runner/share/ament_index/resource_index/packages
[2.295s] copying resource/carla_ros_scenario_runner -> /home/zhangwencheng/Documents/autonomous_driving/projects/carla-ros-bridge/install/carla_ros_scenario_runner/share/ament_index/resource_index/packages
[2.295s] copying package.xml -> /home/zhangwencheng/Documents/autonomous_driving/projects/carla-ros-bridge/install/carla_ros_scenario_runner/share/carla_ros_scenario_runner
[2.295s] copying launch/carla_ros_scenario_runner.launch.py -> /home/zhangwencheng/Documents/autonomous_driving/projects/carla-ros-bridge/install/carla_ros_scenario_runner/share/carla_ros_scenario_runner
[2.295s] running install_egg_info
[2.295s] Copying ../../../build/carla_ros_scenario_runner/carla_ros_scenario_runner.egg-info to /home/zhangwencheng/Documents/autonomous_driving/projects/carla-ros-bridge/install/carla_ros_scenario_runner/lib/python3.8/site-packages/carla_ros_scenario_runner-0.0.0-py3.8.egg-info
[2.295s] running install_scripts
[2.295s] Installing carla_ros_scenario_runner script to /home/zhangwencheng/Documents/autonomous_driving/projects/carla-ros-bridge/install/carla_ros_scenario_runner/lib/carla_ros_scenario_runner
[2.308s] writing list of installed files to '/home/zhangwencheng/Documents/autonomous_driving/projects/carla-ros-bridge/build/carla_ros_scenario_runner/install.log'
[2.346s] Invoked command in '/home/zhangwencheng/Documents/autonomous_driving/projects/carla-ros-bridge/src/ros-bridge/carla_ros_scenario_runner' returned '0': AMENT_PREFIX_PATH=/home/zhangwencheng/Documents/autonomous_driving/projects/carla-ros-bridge/install/carla_ros_scenario_runner_types:/home/zhangwencheng/Documents/autonomous_driving/projects/carla-ros-bridge/install/carla_msgs:/home/zhangwencheng/Documents/autonomous_driving/projects/carla-ros-bridge/install/carla_common:${AMENT_PREFIX_PATH} CMAKE_PREFIX_PATH=/home/zhangwencheng/Documents/autonomous_driving/projects/carla-ros-bridge/install/carla_ros_scenario_runner_types:/home/zhangwencheng/Documents/autonomous_driving/projects/carla-ros-bridge/install/carla_msgs CONDA_PROMPT_MODIFIER=(base) LD_LIBRARY_PATH=/home/zhangwencheng/Documents/autonomous_driving/projects/carla-ros-bridge/install/carla_ros_scenario_runner_types/lib:/home/zhangwencheng/Documents/autonomous_driving/projects/carla-ros-bridge/install/carla_msgs/lib:${LD_LIBRARY_PATH} PYTHONPATH=/home/zhangwencheng/Documents/autonomous_driving/projects/carla-ros-bridge/build/carla_ros_scenario_runner/prefix_override:/home/zhangwencheng/Documents/autonomous_driving/projects/carla-ros-bridge/install/carla_ros_scenario_runner/lib/python3.8/site-packages:/home/zhangwencheng/Documents/autonomous_driving/projects/carla-ros-bridge/install/carla_ros_scenario_runner_types/lib/python3.8/site-packages:/home/zhangwencheng/Documents/autonomous_driving/projects/carla-ros-bridge/install/carla_msgs/lib/python3.8/site-packages:/home/zhangwencheng/Documents/autonomous_driving/projects/carla-ros-bridge/install/carla_common/lib/python3.8/site-packages:${PYTHONPATH} /usr/bin/python3 setup.py egg_info --egg-base ../../../build/carla_ros_scenario_runner build --build-base /home/zhangwencheng/Documents/autonomous_driving/projects/carla-ros-bridge/build/carla_ros_scenario_runner/build install --record /home/zhangwencheng/Documents/autonomous_driving/projects/carla-ros-bridge/build/carla_ros_scenario_runner/install.log --single-version-externally-managed
