[1.046s] Invoking command in '/home/zhangwencheng/Documents/autonomous_driving/projects/carla-ros-bridge/build/carla_shenlan_lqr_pid_controller': AMENT_PREFIX_PATH=/home/zhangwencheng/Documents/autonomous_driving/projects/carla-ros-bridge/install/carla_msgs:${AMENT_PREFIX_PATH} CMAKE_PREFIX_PATH=/home/zhangwencheng/Documents/autonomous_driving/projects/carla-ros-bridge/install/carla_msgs:/opt/ros/foxy CONDA_PROMPT_MODIFIER=(base) LD_LIBRARY_PATH=/home/zhangwencheng/Documents/autonomous_driving/projects/carla-ros-bridge/install/carla_msgs/lib:${LD_LIBRARY_PATH} PYTHONPATH=/home/zhangwencheng/Documents/autonomous_driving/projects/carla-ros-bridge/install/carla_msgs/lib/python3.8/site-packages:${PYTHONPATH} /usr/bin/cmake /home/zhangwencheng/Documents/autonomous_driving/projects/carla-ros-bridge/src/ros-bridge/carla_shenlan_projects/carla_shenlan_lqr_pid_controller -DCMAKE_INSTALL_PREFIX=/home/zhangwencheng/Documents/autonomous_driving/projects/carla-ros-bridge/install/carla_shenlan_lqr_pid_controller
[1.122s] -- The C compiler identification is GNU 9.4.0
[1.210s] -- The CXX compiler identification is GNU 9.4.0
[1.217s] -- Check for working C compiler: /usr/bin/cc
[1.332s] -- Check for working C compiler: /usr/bin/cc -- works
[1.333s] -- Detecting C compiler ABI info
[1.513s] -- Detecting C compiler ABI info - done
[1.549s] -- Detecting C compile features
[1.550s] -- Detecting C compile features - done
[1.553s] -- Check for working CXX compiler: /usr/bin/c++
[1.770s] -- Check for working CXX compiler: /usr/bin/c++ -- works
[1.770s] -- Detecting CXX compiler ABI info
[1.959s] -- Detecting CXX compiler ABI info - done
[1.976s] -- Detecting CXX compile features
[1.984s] -- Detecting CXX compile features - done
[1.987s] -- Found ament_cmake: 0.9.12 (/opt/ros/foxy/share/ament_cmake/cmake)
[2.023s] -- Found PythonInterp: /home/zhangwencheng/miniconda3/bin/python3 (found suitable version "3.8.17", minimum required is "3") 
[2.023s] -- Using PYTHON_EXECUTABLE: /home/zhangwencheng/miniconda3/bin/python3
[2.248s] -- Found std_msgs: 2.0.5 (/opt/ros/foxy/share/std_msgs/cmake)
[2.285s] -- Using all available rosidl_typesupport_c: rosidl_typesupport_fastrtps_c;rosidl_typesupport_introspection_c
[2.295s] -- Found rosidl_adapter: 1.3.1 (/opt/ros/foxy/share/rosidl_adapter/cmake)
[2.421s] -- Found OpenSSL: /usr/lib/x86_64-linux-gnu/libcrypto.so (found version "1.1.1f")  
[2.472s] -- Found FastRTPS: /opt/ros/foxy/include  
[2.571s] -- Using all available rosidl_typesupport_cpp: rosidl_typesupport_fastrtps_cpp;rosidl_typesupport_introspection_cpp
[2.640s] -- Found nav_msgs: 2.0.5 (/opt/ros/foxy/share/nav_msgs/cmake)
[2.818s] -- Found sensor_msgs: 2.0.5 (/opt/ros/foxy/share/sensor_msgs/cmake)
[2.929s] -- Found visualization_msgs: 2.0.5 (/opt/ros/foxy/share/visualization_msgs/cmake)
[3.043s] -- Found rclcpp: 2.4.3 (/opt/ros/foxy/share/rclcpp/cmake)
[3.108s] -- Found rmw_implementation_cmake: 1.0.4 (/opt/ros/foxy/share/rmw_implementation_cmake/cmake)
[3.108s] -- Using RMW implementation 'rmw_fastrtps_cpp' as default
[3.108s] -- Looking for pthread.h
[3.261s] -- Looking for pthread.h - found
[3.261s] -- Performing Test CMAKE_HAVE_LIBC_PTHREAD
[3.369s] -- Performing Test CMAKE_HAVE_LIBC_PTHREAD - Failed
[3.369s] -- Looking for pthread_create in pthreads
[3.618s] -- Looking for pthread_create in pthreads - not found
[3.618s] -- Looking for pthread_create in pthread
[3.830s] -- Looking for pthread_create in pthread - found
[3.831s] -- Found Threads: TRUE  
[4.121s] -- Found tf2: 0.13.14 (/opt/ros/foxy/share/tf2/cmake)
[4.137s] -- Found tf2_ros: 0.13.14 (/opt/ros/foxy/share/tf2_ros/cmake)
[4.738s] -- Found tf2_geometry_msgs: 0.13.14 (/opt/ros/foxy/share/tf2_geometry_msgs/cmake)
[4.751s] -- Found eigen3_cmake_module: 0.1.1 (/opt/ros/foxy/share/eigen3_cmake_module/cmake)
[4.753s] -- Found Eigen3: TRUE (found version "3.3.7") 
[4.795s] -- Found carla_msgs: 1.3.0 (/home/zhangwencheng/Documents/autonomous_driving/projects/carla-ros-bridge/install/carla_msgs/share/carla_msgs/cmake)
[5.070s] -- Found ament_lint_auto: 0.9.8 (/opt/ros/foxy/share/ament_lint_auto/cmake)
[5.242s] -- Added test 'copyright' to check source files copyright and LICENSE
[5.245s] -- Added test 'cppcheck' to perform static code analysis on C / C++ code
[5.245s] -- Configured cppcheck include dirs: $<BUILD_INTERFACE:/home/zhangwencheng/Documents/autonomous_driving/projects/carla-ros-bridge/src/ros-bridge/carla_shenlan_projects/carla_shenlan_lqr_pid_controller/include>
[5.245s] -- Configured cppcheck exclude dirs and/or files: 
[5.248s] -- Added test 'cpplint' to check C / C++ code against the Google style
[5.248s] -- Configured cpplint exclude dirs and/or files: 
[5.249s] -- Added test 'flake8' to check Python code syntax and style conventions
[5.250s] -- Added test 'lint_cmake' to check CMake code style
[5.251s] -- Added test 'pep257' to check Python code against some of the style conventions in PEP 257
[5.253s] -- Added test 'uncrustify' to check C / C++ code style
[5.253s] -- Configured uncrustify additional arguments: 
[5.255s] -- Added test 'xmllint' to check XML markup files
[5.263s] -- Configuring done
[5.318s] -- Generating done
[5.321s] -- Build files have been written to: /home/zhangwencheng/Documents/autonomous_driving/projects/carla-ros-bridge/build/carla_shenlan_lqr_pid_controller
[5.373s] Invoked command in '/home/zhangwencheng/Documents/autonomous_driving/projects/carla-ros-bridge/build/carla_shenlan_lqr_pid_controller' returned '0': AMENT_PREFIX_PATH=/home/zhangwencheng/Documents/autonomous_driving/projects/carla-ros-bridge/install/carla_msgs:${AMENT_PREFIX_PATH} CMAKE_PREFIX_PATH=/home/zhangwencheng/Documents/autonomous_driving/projects/carla-ros-bridge/install/carla_msgs:/opt/ros/foxy CONDA_PROMPT_MODIFIER=(base) LD_LIBRARY_PATH=/home/zhangwencheng/Documents/autonomous_driving/projects/carla-ros-bridge/install/carla_msgs/lib:${LD_LIBRARY_PATH} PYTHONPATH=/home/zhangwencheng/Documents/autonomous_driving/projects/carla-ros-bridge/install/carla_msgs/lib/python3.8/site-packages:${PYTHONPATH} /usr/bin/cmake /home/zhangwencheng/Documents/autonomous_driving/projects/carla-ros-bridge/src/ros-bridge/carla_shenlan_projects/carla_shenlan_lqr_pid_controller -DCMAKE_INSTALL_PREFIX=/home/zhangwencheng/Documents/autonomous_driving/projects/carla-ros-bridge/install/carla_shenlan_lqr_pid_controller
[5.374s] Invoking command in '/home/zhangwencheng/Documents/autonomous_driving/projects/carla-ros-bridge/build/carla_shenlan_lqr_pid_controller': AMENT_PREFIX_PATH=/home/zhangwencheng/Documents/autonomous_driving/projects/carla-ros-bridge/install/carla_msgs:${AMENT_PREFIX_PATH} CMAKE_PREFIX_PATH=/home/zhangwencheng/Documents/autonomous_driving/projects/carla-ros-bridge/install/carla_msgs:/opt/ros/foxy CONDA_PROMPT_MODIFIER=(base) LD_LIBRARY_PATH=/home/zhangwencheng/Documents/autonomous_driving/projects/carla-ros-bridge/install/carla_msgs/lib:${LD_LIBRARY_PATH} PYTHONPATH=/home/zhangwencheng/Documents/autonomous_driving/projects/carla-ros-bridge/install/carla_msgs/lib/python3.8/site-packages:${PYTHONPATH} /usr/bin/cmake --build /home/zhangwencheng/Documents/autonomous_driving/projects/carla-ros-bridge/build/carla_shenlan_lqr_pid_controller -- -j12 -l12
[5.631s] [35m[1mScanning dependencies of target lqr_lateral_pid_longitudinal[0m
[5.761s] [ 20%] [32mBuilding CXX object CMakeFiles/lqr_lateral_pid_longitudinal.dir/src/pid_controller.cpp.o[0m
[5.790s] [ 40%] [32mBuilding CXX object CMakeFiles/lqr_lateral_pid_longitudinal.dir/src/lqr_lateral_pid_longitudinal.cpp.o[0m
[5.808s] [ 60%] [32mBuilding CXX object CMakeFiles/lqr_lateral_pid_longitudinal.dir/src/reference_line.cpp.o[0m
[5.831s] [ 80%] [32mBuilding CXX object CMakeFiles/lqr_lateral_pid_longitudinal.dir/src/lqr_controller.cpp.o[0m
[12.800s] [01m[K/home/zhangwencheng/Documents/autonomous_driving/projects/carla-ros-bridge/src/ros-bridge/carla_shenlan_projects/carla_shenlan_lqr_pid_controller/src/lqr_controller.cpp:[m[K In member function ‘[01m[Kvoid shenlan::control::LqrController::UpdateMatrix(const VehicleState&)[m[K’:
[12.800s] [01m[K/home/zhangwencheng/Documents/autonomous_driving/projects/carla-ros-bridge/src/ros-bridge/carla_shenlan_projects/carla_shenlan_lqr_pid_controller/src/lqr_controller.cpp:204:54:[m[K [01;35m[Kwarning: [m[Kunused parameter ‘[01m[Kvehicle_state[m[K’ [[01;35m[K-Wunused-parameter[m[K]
[12.800s]   204 | void LqrController::UpdateMatrix([01;35m[Kconst VehicleState &vehicle_state[m[K) {
[12.801s]       |                                  [01;35m[K~~~~~~~~~~~~~~~~~~~~^~~~~~~~~~~~~[m[K
[12.801s] [01m[K/home/zhangwencheng/Documents/autonomous_driving/projects/carla-ros-bridge/src/ros-bridge/carla_shenlan_projects/carla_shenlan_lqr_pid_controller/src/lqr_controller.cpp:[m[K In member function ‘[01m[Kdouble shenlan::control::LqrController::ComputeFeedForward(const VehicleState&, double)[m[K’:
[12.801s] [01m[K/home/zhangwencheng/Documents/autonomous_driving/projects/carla-ros-bridge/src/ros-bridge/carla_shenlan_projects/carla_shenlan_lqr_pid_controller/src/lqr_controller.cpp:210:62:[m[K [01;35m[Kwarning: [m[Kunused parameter ‘[01m[Klocalization[m[K’ [[01;35m[K-Wunused-parameter[m[K]
[12.801s]   210 | double LqrController::ComputeFeedForward([01;35m[Kconst VehicleState &localization[m[K, double ref_curvature) {
[12.801s]       |                                          [01;35m[K~~~~~~~~~~~~~~~~~~~~^~~~~~~~~~~~[m[K
[12.802s] [01m[K/home/zhangwencheng/Documents/autonomous_driving/projects/carla-ros-bridge/src/ros-bridge/carla_shenlan_projects/carla_shenlan_lqr_pid_controller/src/lqr_controller.cpp:[m[K In member function ‘[01m[Kvoid shenlan::control::LqrController::ComputeLateralErrors(double, double, double, double, double, double, LateralControlErrorPtr&)[m[K’:
[12.802s] [01m[K/home/zhangwencheng/Documents/autonomous_driving/projects/carla-ros-bridge/src/ros-bridge/carla_shenlan_projects/carla_shenlan_lqr_pid_controller/src/lqr_controller.cpp:218:154:[m[K [01;35m[Kwarning: [m[Kunused parameter ‘[01m[Klinear_a[m[K’ [[01;35m[K-Wunused-parameter[m[K]
[12.802s]   218 | void LqrController::ComputeLateralErrors(const double x, const double y, const double theta, const double linear_v, const double angular_v, [01;35m[Kconst double linear_a[m[K, LateralControlErrorPtr &lat_con_err) {
[12.802s]       |                                                                                                                                             [01;35m[K~~~~~~~~~~~~~^~~~~~~~[m[K
[28.945s] [100%] [32m[1mLinking CXX executable lqr_lateral_pid_longitudinal[0m
[29.861s] [100%] Built target lqr_lateral_pid_longitudinal
[29.879s] Invoked command in '/home/zhangwencheng/Documents/autonomous_driving/projects/carla-ros-bridge/build/carla_shenlan_lqr_pid_controller' returned '0': AMENT_PREFIX_PATH=/home/zhangwencheng/Documents/autonomous_driving/projects/carla-ros-bridge/install/carla_msgs:${AMENT_PREFIX_PATH} CMAKE_PREFIX_PATH=/home/zhangwencheng/Documents/autonomous_driving/projects/carla-ros-bridge/install/carla_msgs:/opt/ros/foxy CONDA_PROMPT_MODIFIER=(base) LD_LIBRARY_PATH=/home/zhangwencheng/Documents/autonomous_driving/projects/carla-ros-bridge/install/carla_msgs/lib:${LD_LIBRARY_PATH} PYTHONPATH=/home/zhangwencheng/Documents/autonomous_driving/projects/carla-ros-bridge/install/carla_msgs/lib/python3.8/site-packages:${PYTHONPATH} /usr/bin/cmake --build /home/zhangwencheng/Documents/autonomous_driving/projects/carla-ros-bridge/build/carla_shenlan_lqr_pid_controller -- -j12 -l12
[29.910s] Invoking command in '/home/zhangwencheng/Documents/autonomous_driving/projects/carla-ros-bridge/build/carla_shenlan_lqr_pid_controller': AMENT_PREFIX_PATH=/home/zhangwencheng/Documents/autonomous_driving/projects/carla-ros-bridge/install/carla_msgs:${AMENT_PREFIX_PATH} CMAKE_PREFIX_PATH=/home/zhangwencheng/Documents/autonomous_driving/projects/carla-ros-bridge/install/carla_msgs:/opt/ros/foxy CONDA_PROMPT_MODIFIER=(base) LD_LIBRARY_PATH=/home/zhangwencheng/Documents/autonomous_driving/projects/carla-ros-bridge/install/carla_msgs/lib:${LD_LIBRARY_PATH} PYTHONPATH=/home/zhangwencheng/Documents/autonomous_driving/projects/carla-ros-bridge/install/carla_msgs/lib/python3.8/site-packages:${PYTHONPATH} /usr/bin/cmake --install /home/zhangwencheng/Documents/autonomous_driving/projects/carla-ros-bridge/build/carla_shenlan_lqr_pid_controller
[29.925s] -- Install configuration: ""
[29.926s] -- Installing: /home/zhangwencheng/Documents/autonomous_driving/projects/carla-ros-bridge/install/carla_shenlan_lqr_pid_controller/lib/carla_shenlan_lqr_pid_controller/lqr_lateral_pid_longitudinal
[29.929s] -- Set runtime path of "/home/zhangwencheng/Documents/autonomous_driving/projects/carla-ros-bridge/install/carla_shenlan_lqr_pid_controller/lib/carla_shenlan_lqr_pid_controller/lqr_lateral_pid_longitudinal" to ""
[29.929s] -- Installing: /home/zhangwencheng/Documents/autonomous_driving/projects/carla-ros-bridge/install/carla_shenlan_lqr_pid_controller/share/carla_shenlan_lqr_pid_controller//launch
[29.929s] -- Installing: /home/zhangwencheng/Documents/autonomous_driving/projects/carla-ros-bridge/install/carla_shenlan_lqr_pid_controller/share/carla_shenlan_lqr_pid_controller//launch/lqr_launch.py
[29.929s] -- Installing: /home/zhangwencheng/Documents/autonomous_driving/projects/carla-ros-bridge/install/carla_shenlan_lqr_pid_controller/share/carla_shenlan_lqr_pid_controller//config
[29.929s] -- Installing: /home/zhangwencheng/Documents/autonomous_driving/projects/carla-ros-bridge/install/carla_shenlan_lqr_pid_controller/share/carla_shenlan_lqr_pid_controller//config/lqr_parameters_configuration.yaml
[29.929s] -- Installing: /home/zhangwencheng/Documents/autonomous_driving/projects/carla-ros-bridge/install/carla_shenlan_lqr_pid_controller/share/carla_shenlan_lqr_pid_controller//rviz
[29.929s] -- Installing: /home/zhangwencheng/Documents/autonomous_driving/projects/carla-ros-bridge/install/carla_shenlan_lqr_pid_controller/share/carla_shenlan_lqr_pid_controller//rviz/lqr_vis.rviz
[29.930s] -- Installing: /home/zhangwencheng/Documents/autonomous_driving/projects/carla-ros-bridge/install/carla_shenlan_lqr_pid_controller/share/ament_index/resource_index/package_run_dependencies/carla_shenlan_lqr_pid_controller
[29.930s] -- Installing: /home/zhangwencheng/Documents/autonomous_driving/projects/carla-ros-bridge/install/carla_shenlan_lqr_pid_controller/share/ament_index/resource_index/parent_prefix_path/carla_shenlan_lqr_pid_controller
[29.930s] -- Installing: /home/zhangwencheng/Documents/autonomous_driving/projects/carla-ros-bridge/install/carla_shenlan_lqr_pid_controller/share/carla_shenlan_lqr_pid_controller/environment/ament_prefix_path.sh
[29.930s] -- Installing: /home/zhangwencheng/Documents/autonomous_driving/projects/carla-ros-bridge/install/carla_shenlan_lqr_pid_controller/share/carla_shenlan_lqr_pid_controller/environment/ament_prefix_path.dsv
[29.930s] -- Installing: /home/zhangwencheng/Documents/autonomous_driving/projects/carla-ros-bridge/install/carla_shenlan_lqr_pid_controller/share/carla_shenlan_lqr_pid_controller/environment/path.sh
[29.931s] -- Installing: /home/zhangwencheng/Documents/autonomous_driving/projects/carla-ros-bridge/install/carla_shenlan_lqr_pid_controller/share/carla_shenlan_lqr_pid_controller/environment/path.dsv
[29.931s] -- Installing: /home/zhangwencheng/Documents/autonomous_driving/projects/carla-ros-bridge/install/carla_shenlan_lqr_pid_controller/share/carla_shenlan_lqr_pid_controller/local_setup.bash
[29.931s] -- Installing: /home/zhangwencheng/Documents/autonomous_driving/projects/carla-ros-bridge/install/carla_shenlan_lqr_pid_controller/share/carla_shenlan_lqr_pid_controller/local_setup.sh
[29.931s] -- Installing: /home/zhangwencheng/Documents/autonomous_driving/projects/carla-ros-bridge/install/carla_shenlan_lqr_pid_controller/share/carla_shenlan_lqr_pid_controller/local_setup.zsh
[29.931s] -- Installing: /home/zhangwencheng/Documents/autonomous_driving/projects/carla-ros-bridge/install/carla_shenlan_lqr_pid_controller/share/carla_shenlan_lqr_pid_controller/local_setup.dsv
[29.932s] -- Installing: /home/zhangwencheng/Documents/autonomous_driving/projects/carla-ros-bridge/install/carla_shenlan_lqr_pid_controller/share/carla_shenlan_lqr_pid_controller/package.dsv
[29.932s] -- Installing: /home/zhangwencheng/Documents/autonomous_driving/projects/carla-ros-bridge/install/carla_shenlan_lqr_pid_controller/share/ament_index/resource_index/packages/carla_shenlan_lqr_pid_controller
[29.932s] -- Installing: /home/zhangwencheng/Documents/autonomous_driving/projects/carla-ros-bridge/install/carla_shenlan_lqr_pid_controller/share/carla_shenlan_lqr_pid_controller/cmake/carla_shenlan_lqr_pid_controllerConfig.cmake
[29.932s] -- Installing: /home/zhangwencheng/Documents/autonomous_driving/projects/carla-ros-bridge/install/carla_shenlan_lqr_pid_controller/share/carla_shenlan_lqr_pid_controller/cmake/carla_shenlan_lqr_pid_controllerConfig-version.cmake
[29.932s] -- Installing: /home/zhangwencheng/Documents/autonomous_driving/projects/carla-ros-bridge/install/carla_shenlan_lqr_pid_controller/share/carla_shenlan_lqr_pid_controller/package.xml
[29.938s] Invoked command in '/home/zhangwencheng/Documents/autonomous_driving/projects/carla-ros-bridge/build/carla_shenlan_lqr_pid_controller' returned '0': AMENT_PREFIX_PATH=/home/zhangwencheng/Documents/autonomous_driving/projects/carla-ros-bridge/install/carla_msgs:${AMENT_PREFIX_PATH} CMAKE_PREFIX_PATH=/home/zhangwencheng/Documents/autonomous_driving/projects/carla-ros-bridge/install/carla_msgs:/opt/ros/foxy CONDA_PROMPT_MODIFIER=(base) LD_LIBRARY_PATH=/home/zhangwencheng/Documents/autonomous_driving/projects/carla-ros-bridge/install/carla_msgs/lib:${LD_LIBRARY_PATH} PYTHONPATH=/home/zhangwencheng/Documents/autonomous_driving/projects/carla-ros-bridge/install/carla_msgs/lib/python3.8/site-packages:${PYTHONPATH} /usr/bin/cmake --install /home/zhangwencheng/Documents/autonomous_driving/projects/carla-ros-bridge/build/carla_shenlan_lqr_pid_controller
