[0.866s] Invoking command in '/home/zhangwencheng/Documents/autonomous_driving/projects/carla-ros-bridge/build/carla_shenlan_a_star_planner': AMENT_PREFIX_PATH=/home/zhangwencheng/Documents/autonomous_driving/projects/carla-ros-bridge/install/carla_msgs:${AMENT_PREFIX_PATH} CMAKE_PREFIX_PATH=/home/zhangwencheng/Documents/autonomous_driving/projects/carla-ros-bridge/install/carla_msgs:/opt/ros/foxy CONDA_PROMPT_MODIFIER=(base) LD_LIBRARY_PATH=/home/zhangwencheng/Documents/autonomous_driving/projects/carla-ros-bridge/install/carla_msgs/lib:${LD_LIBRARY_PATH} PYTHONPATH=/home/zhangwencheng/Documents/autonomous_driving/projects/carla-ros-bridge/install/carla_msgs/lib/python3.8/site-packages:${PYTHONPATH} /usr/bin/cmake /home/zhangwencheng/Documents/autonomous_driving/projects/carla-ros-bridge/src/ros-bridge/carla_shenlan_projects/carla_shenlan_a_star_planner -DCMAKE_INSTALL_PREFIX=/home/zhangwencheng/Documents/autonomous_driving/projects/carla-ros-bridge/install/carla_shenlan_a_star_planner
[1.100s] -- The C compiler identification is GNU 9.4.0
[1.100s] -- The CXX compiler identification is GNU 9.4.0
[1.101s] -- Check for working C compiler: /usr/bin/cc
[1.101s] -- Check for working C compiler: /usr/bin/cc -- works
[1.101s] -- Detecting C compiler ABI info
[1.101s] -- Detecting C compiler ABI info - done
[1.101s] -- Detecting C compile features
[1.101s] -- Detecting C compile features - done
[1.101s] -- Check for working CXX compiler: /usr/bin/c++
[1.212s] -- Check for working CXX compiler: /usr/bin/c++ -- works
[1.213s] -- Detecting CXX compiler ABI info
[1.344s] -- Detecting CXX compiler ABI info - done
[1.366s] -- Detecting CXX compile features
[1.366s] -- Detecting CXX compile features - done
[1.369s] -- Found ament_cmake: 0.9.12 (/opt/ros/foxy/share/ament_cmake/cmake)
[1.402s] -- Found PythonInterp: /home/zhangwencheng/miniconda3/bin/python3 (found suitable version "3.8.17", minimum required is "3") 
[1.403s] -- Using PYTHON_EXECUTABLE: /home/zhangwencheng/miniconda3/bin/python3
[1.661s] -- Found std_msgs: 2.0.5 (/opt/ros/foxy/share/std_msgs/cmake)
[1.698s] -- Using all available rosidl_typesupport_c: rosidl_typesupport_fastrtps_c;rosidl_typesupport_introspection_c
[1.732s] -- Found rosidl_adapter: 1.3.1 (/opt/ros/foxy/share/rosidl_adapter/cmake)
[2.006s] -- Found OpenSSL: /usr/lib/x86_64-linux-gnu/libcrypto.so (found version "1.1.1f")  
[2.067s] -- Found FastRTPS: /opt/ros/foxy/include  
[2.194s] -- Using all available rosidl_typesupport_cpp: rosidl_typesupport_fastrtps_cpp;rosidl_typesupport_introspection_cpp
[2.283s] -- Found nav_msgs: 2.0.5 (/opt/ros/foxy/share/nav_msgs/cmake)
[2.445s] -- Found sensor_msgs: 2.0.5 (/opt/ros/foxy/share/sensor_msgs/cmake)
[2.563s] -- Found visualization_msgs: 2.0.5 (/opt/ros/foxy/share/visualization_msgs/cmake)
[2.674s] -- Found rclcpp: 2.4.3 (/opt/ros/foxy/share/rclcpp/cmake)
[2.755s] -- Found rmw_implementation_cmake: 1.0.4 (/opt/ros/foxy/share/rmw_implementation_cmake/cmake)
[2.763s] -- Using RMW implementation 'rmw_fastrtps_cpp' as default
[2.763s] -- Looking for pthread.h
[2.915s] -- Looking for pthread.h - found
[2.915s] -- Performing Test CMAKE_HAVE_LIBC_PTHREAD
[3.084s] -- Performing Test CMAKE_HAVE_LIBC_PTHREAD - Failed
[3.084s] -- Looking for pthread_create in pthreads
[3.201s] -- Looking for pthread_create in pthreads - not found
[3.201s] -- Looking for pthread_create in pthread
[3.319s] -- Looking for pthread_create in pthread - found
[3.320s] -- Found Threads: TRUE  
[3.560s] -- Found tf2: 0.13.14 (/opt/ros/foxy/share/tf2/cmake)
[3.581s] -- Found tf2_ros: 0.13.14 (/opt/ros/foxy/share/tf2_ros/cmake)
[4.520s] -- Found tf2_geometry_msgs: 0.13.14 (/opt/ros/foxy/share/tf2_geometry_msgs/cmake)
[4.535s] -- Found eigen3_cmake_module: 0.1.1 (/opt/ros/foxy/share/eigen3_cmake_module/cmake)
[4.538s] -- Found Eigen3: TRUE (found version "3.3.7") 
[4.606s] -- Found carla_msgs: 1.3.0 (/home/zhangwencheng/Documents/autonomous_driving/projects/carla-ros-bridge/install/carla_msgs/share/carla_msgs/cmake)
[4.996s] -- Checking for module 'eigen3'
[5.075s] --   Found eigen3, version 3.3.7
[5.305s] -- Found Eigen: /usr/include/eigen3 (Required is at least version "3.1") 
[5.305s] -- Eigen found (include: /usr/include/eigen3, version: 3.3.7)
[5.378s] -- Found Boost: /usr/include (found suitable version "1.71.0", minimum required is "1.55.0") found components: system filesystem date_time iostreams regex 
[5.412s] -- Checking for module 'libusb-1.0'
[5.489s] --   Found libusb-1.0, version 1.0.23
[5.606s] -- Found USB_10: /usr/lib/x86_64-linux-gnu/libusb-1.0.so  
[5.932s] -- Found OpenNI: /usr/lib/libOpenNI.so  
[5.932s] -- OpenNI found (include: /usr/include/ni, lib: /usr/lib/libOpenNI.so)
[6.448s] -- Found OpenNI2: /usr/lib/libOpenNI2.so  
[6.448s] -- OpenNI2 found (include: /usr/include/openni2, lib: /usr/lib/libOpenNI2.so)
[6.450s] ** WARNING ** io features related to pcap will be disabled
[6.450s] ** WARNING ** io features related to png will be disabled
[6.641s] -- The imported target "vtkParseOGLExt" references the file
[6.641s]    "/usr/bin/vtkParseOGLExt-7.1"
[6.642s] but this file does not exist.  Possible reasons include:
[6.642s] * The file was deleted, renamed, or moved to another location.
[6.642s] * An install or uninstall procedure did not complete successfully.
[6.642s] * The installation package was faulty and contained
[6.642s]    "/usr/lib/cmake/vtk-7.1/VTKTargets.cmake"
[6.642s] but not all the files it references.
[6.642s] 
[6.667s] -- The imported target "vtkRenderingPythonTkWidgets" references the file
[6.667s]    "/usr/lib/x86_64-linux-gnu/libvtkRenderingPythonTkWidgets.so"
[6.667s] but this file does not exist.  Possible reasons include:
[6.667s] * The file was deleted, renamed, or moved to another location.
[6.667s] * An install or uninstall procedure did not complete successfully.
[6.667s] * The installation package was faulty and contained
[6.667s]    "/usr/lib/cmake/vtk-7.1/VTKTargets.cmake"
[6.667s] but not all the files it references.
[6.667s] 
[6.668s] -- The imported target "vtk" references the file
[6.668s]    "/usr/bin/vtk"
[6.668s] but this file does not exist.  Possible reasons include:
[6.668s] * The file was deleted, renamed, or moved to another location.
[6.668s] * An install or uninstall procedure did not complete successfully.
[6.668s] * The installation package was faulty and contained
[6.668s]    "/usr/lib/cmake/vtk-7.1/VTKTargets.cmake"
[6.668s] but not all the files it references.
[6.668s] 
[6.669s] -- The imported target "pvtk" references the file
[6.669s]    "/usr/bin/pvtk"
[6.669s] but this file does not exist.  Possible reasons include:
[6.669s] * The file was deleted, renamed, or moved to another location.
[6.669s] * An install or uninstall procedure did not complete successfully.
[6.669s] * The installation package was faulty and contained
[6.669s]    "/usr/lib/cmake/vtk-7.1/VTKTargets.cmake"
[6.669s] but not all the files it references.
[6.669s] 
[6.775s] -- Found libusb-1.0: /usr/include  
[6.775s] ** WARNING ** io features related to libusb-1.0 will be disabled
[6.775s] -- looking for PCL_COMMON
[6.786s] -- Found PCL_COMMON: /usr/lib/x86_64-linux-gnu/libpcl_common.so  
[6.795s] -- looking for PCL_OCTREE
[6.797s] -- Found PCL_OCTREE: /usr/lib/x86_64-linux-gnu/libpcl_octree.so  
[6.798s] -- looking for PCL_IO
[6.800s] -- Found PCL_IO: /usr/lib/x86_64-linux-gnu/libpcl_io.so  
[6.801s] -- Found PCL: pcl_common;pcl_octree;pcl_io;/usr/lib/x86_64-linux-gnu/libboost_system.so;/usr/lib/x86_64-linux-gnu/libboost_filesystem.so;/usr/lib/x86_64-linux-gnu/libboost_date_time.so;/usr/lib/x86_64-linux-gnu/libboost_iostreams.so;/usr/lib/x86_64-linux-gnu/libboost_regex.so;/usr/lib/libOpenNI.so;/usr/lib/libOpenNI2.so;vtkChartsCore;vtkCommonColor;vtkCommonCore;vtksys;vtkCommonDataModel;vtkCommonMath;vtkCommonMisc;vtkCommonSystem;vtkCommonTransforms;vtkCommonExecutionModel;vtkFiltersGeneral;vtkCommonComputationalGeometry;vtkFiltersCore;vtkInfovisCore;vtkFiltersExtraction;vtkFiltersStatistics;vtkImagingFourier;vtkImagingCore;vtkalglib;vtkRenderingContext2D;vtkRenderingCore;vtkFiltersGeometry;vtkFiltersSources;vtkRenderingFreeType;/usr/lib/x86_64-linux-gnu/libfreetype.so;/usr/lib/x86_64-linux-gnu/libz.so;vtkFiltersModeling;vtkImagingSources;vtkInteractionStyle;vtkInteractionWidgets;vtkFiltersHybrid;vtkImagingColor;vtkImagingGeneral;vtkImagingHybrid;vtkIOImage;vtkDICOMParser;vtkmetaio;/usr/lib/x86_64-linux-gnu/libjpeg.so;/usr/lib/x86_64-linux-gnu/libpng.so;/usr/lib/x86_64-linux-gnu/libtiff.so;vtkRenderingAnnotation;vtkRenderingVolume;vtkIOXML;vtkIOCore;vtkIOXMLParser;/usr/lib/x86_64-linux-gnu/libexpat.so;vtkIOGeometry;vtkIOLegacy;vtkIOPLY;vtkRenderingLOD;vtkViewsContext2D;vtkViewsCore;vtkRenderingContextOpenGL2;vtkRenderingOpenGL2  
[6.829s] -- Found ament_lint_auto: 0.9.8 (/opt/ros/foxy/share/ament_lint_auto/cmake)
[7.220s] -- Added test 'copyright' to check source files copyright and LICENSE
[7.222s] -- Added test 'cppcheck' to perform static code analysis on C / C++ code
[7.237s] -- Configured cppcheck include dirs: $<BUILD_INTERFACE:/home/zhangwencheng/Documents/autonomous_driving/projects/carla-ros-bridge/src/ros-bridge/carla_shenlan_projects/carla_shenlan_a_star_planner/include>
[7.237s] -- Configured cppcheck exclude dirs and/or files: 
[7.239s] -- Added test 'cpplint' to check C / C++ code against the Google style
[7.239s] -- Configured cpplint exclude dirs and/or files: 
[7.240s] -- Added test 'flake8' to check Python code syntax and style conventions
[7.240s] -- Added test 'lint_cmake' to check CMake code style
[7.241s] -- Added test 'pep257' to check Python code against some of the style conventions in PEP 257
[7.251s] -- Added test 'uncrustify' to check C / C++ code style
[7.251s] -- Configured uncrustify additional arguments: 
[7.251s] -- Added test 'xmllint' to check XML markup files
[7.260s] -- Configuring done
[7.610s] -- Generating done
[7.612s] -- Build files have been written to: /home/zhangwencheng/Documents/autonomous_driving/projects/carla-ros-bridge/build/carla_shenlan_a_star_planner
[7.647s] Invoked command in '/home/zhangwencheng/Documents/autonomous_driving/projects/carla-ros-bridge/build/carla_shenlan_a_star_planner' returned '0': AMENT_PREFIX_PATH=/home/zhangwencheng/Documents/autonomous_driving/projects/carla-ros-bridge/install/carla_msgs:${AMENT_PREFIX_PATH} CMAKE_PREFIX_PATH=/home/zhangwencheng/Documents/autonomous_driving/projects/carla-ros-bridge/install/carla_msgs:/opt/ros/foxy CONDA_PROMPT_MODIFIER=(base) LD_LIBRARY_PATH=/home/zhangwencheng/Documents/autonomous_driving/projects/carla-ros-bridge/install/carla_msgs/lib:${LD_LIBRARY_PATH} PYTHONPATH=/home/zhangwencheng/Documents/autonomous_driving/projects/carla-ros-bridge/install/carla_msgs/lib/python3.8/site-packages:${PYTHONPATH} /usr/bin/cmake /home/zhangwencheng/Documents/autonomous_driving/projects/carla-ros-bridge/src/ros-bridge/carla_shenlan_projects/carla_shenlan_a_star_planner -DCMAKE_INSTALL_PREFIX=/home/zhangwencheng/Documents/autonomous_driving/projects/carla-ros-bridge/install/carla_shenlan_a_star_planner
[7.648s] Invoking command in '/home/zhangwencheng/Documents/autonomous_driving/projects/carla-ros-bridge/build/carla_shenlan_a_star_planner': AMENT_PREFIX_PATH=/home/zhangwencheng/Documents/autonomous_driving/projects/carla-ros-bridge/install/carla_msgs:${AMENT_PREFIX_PATH} CMAKE_PREFIX_PATH=/home/zhangwencheng/Documents/autonomous_driving/projects/carla-ros-bridge/install/carla_msgs:/opt/ros/foxy CONDA_PROMPT_MODIFIER=(base) LD_LIBRARY_PATH=/home/zhangwencheng/Documents/autonomous_driving/projects/carla-ros-bridge/install/carla_msgs/lib:${LD_LIBRARY_PATH} PYTHONPATH=/home/zhangwencheng/Documents/autonomous_driving/projects/carla-ros-bridge/install/carla_msgs/lib/python3.8/site-packages:${PYTHONPATH} /usr/bin/cmake --build /home/zhangwencheng/Documents/autonomous_driving/projects/carla-ros-bridge/build/carla_shenlan_a_star_planner -- -j12 -l12
[7.892s] [35m[1mScanning dependencies of target a_star_planner[0m
[7.932s] [35m[1mScanning dependencies of target random_map_generator[0m
[8.327s] [ 20%] [32mBuilding CXX object CMakeFiles/a_star_planner.dir/src/a_star_planner.cpp.o[0m
[8.342s] [ 40%] [32mBuilding CXX object CMakeFiles/a_star_planner.dir/src/Astar_searcher.cpp.o[0m
[8.409s] [ 60%] [32mBuilding CXX object CMakeFiles/random_map_generator.dir/src/random_map_generator.cpp.o[0m
[16.846s] [01m[K/home/zhangwencheng/Documents/autonomous_driving/projects/carla-ros-bridge/src/ros-bridge/carla_shenlan_projects/carla_shenlan_a_star_planner/src/Astar_searcher.cpp:[m[K In member function ‘[01m[Kdouble AstarPathFinder::getHeu(GridNodePtr, GridNodePtr)[m[K’:
[16.846s] [01m[K/home/zhangwencheng/Documents/autonomous_driving/projects/carla-ros-bridge/src/ros-bridge/carla_shenlan_projects/carla_shenlan_a_star_planner/src/Astar_searcher.cpp:239:21:[m[K [01;35m[Kwarning: [m[Kvariable ‘[01m[Knode1_coordinate[m[K’ set but not used [[01;35m[K-Wunused-but-set-variable[m[K]
[16.846s]   239 |     Eigen::Vector3d [01;35m[Knode1_coordinate[m[K = node1->coord;
[16.847s]       |                     [01;35m[K^~~~~~~~~~~~~~~~[m[K
[16.847s] [01m[K/home/zhangwencheng/Documents/autonomous_driving/projects/carla-ros-bridge/src/ros-bridge/carla_shenlan_projects/carla_shenlan_a_star_planner/src/Astar_searcher.cpp:240:21:[m[K [01;35m[Kwarning: [m[Kvariable ‘[01m[Knode2_coordinate[m[K’ set but not used [[01;35m[K-Wunused-but-set-variable[m[K]
[16.847s]   240 |     Eigen::Vector3d [01;35m[Knode2_coordinate[m[K = node2->coord;
[16.847s]       |                     [01;35m[K^~~~~~~~~~~~~~~~[m[K
[25.359s] [01m[K/home/zhangwencheng/Documents/autonomous_driving/projects/carla-ros-bridge/src/ros-bridge/carla_shenlan_projects/carla_shenlan_a_star_planner/src/a_star_planner.cpp:[m[K In member function ‘[01m[Kvoid AStarPlannerNode::visGridPath(std::vector<Eigen::Matrix<double, 3, 1> >, bool)[m[K’:
[25.360s] [01m[K/home/zhangwencheng/Documents/autonomous_driving/projects/carla-ros-bridge/src/ros-bridge/carla_shenlan_projects/carla_shenlan_a_star_planner/src/a_star_planner.cpp:149:65:[m[K [01;35m[Kwarning: [m[Kunused parameter ‘[01m[Kis_use_jps[m[K’ [[01;35m[K-Wunused-parameter[m[K]
[25.360s]   149 | void AStarPlannerNode::visGridPath(vector<Vector3d> nodes, [01;35m[Kbool is_use_jps[m[K) {
[25.360s]       |                                                            [01;35m[K~~~~~^~~~~~~~~~[m[K
[27.559s] [ 80%] [32m[1mLinking CXX executable random_map_generator[0m
[29.785s] [ 80%] Built target random_map_generator
[33.986s] [100%] [32m[1mLinking CXX executable a_star_planner[0m
[34.886s] [100%] Built target a_star_planner
[34.898s] Invoked command in '/home/zhangwencheng/Documents/autonomous_driving/projects/carla-ros-bridge/build/carla_shenlan_a_star_planner' returned '0': AMENT_PREFIX_PATH=/home/zhangwencheng/Documents/autonomous_driving/projects/carla-ros-bridge/install/carla_msgs:${AMENT_PREFIX_PATH} CMAKE_PREFIX_PATH=/home/zhangwencheng/Documents/autonomous_driving/projects/carla-ros-bridge/install/carla_msgs:/opt/ros/foxy CONDA_PROMPT_MODIFIER=(base) LD_LIBRARY_PATH=/home/zhangwencheng/Documents/autonomous_driving/projects/carla-ros-bridge/install/carla_msgs/lib:${LD_LIBRARY_PATH} PYTHONPATH=/home/zhangwencheng/Documents/autonomous_driving/projects/carla-ros-bridge/install/carla_msgs/lib/python3.8/site-packages:${PYTHONPATH} /usr/bin/cmake --build /home/zhangwencheng/Documents/autonomous_driving/projects/carla-ros-bridge/build/carla_shenlan_a_star_planner -- -j12 -l12
[34.933s] Invoking command in '/home/zhangwencheng/Documents/autonomous_driving/projects/carla-ros-bridge/build/carla_shenlan_a_star_planner': AMENT_PREFIX_PATH=/home/zhangwencheng/Documents/autonomous_driving/projects/carla-ros-bridge/install/carla_msgs:${AMENT_PREFIX_PATH} CMAKE_PREFIX_PATH=/home/zhangwencheng/Documents/autonomous_driving/projects/carla-ros-bridge/install/carla_msgs:/opt/ros/foxy CONDA_PROMPT_MODIFIER=(base) LD_LIBRARY_PATH=/home/zhangwencheng/Documents/autonomous_driving/projects/carla-ros-bridge/install/carla_msgs/lib:${LD_LIBRARY_PATH} PYTHONPATH=/home/zhangwencheng/Documents/autonomous_driving/projects/carla-ros-bridge/install/carla_msgs/lib/python3.8/site-packages:${PYTHONPATH} /usr/bin/cmake --install /home/zhangwencheng/Documents/autonomous_driving/projects/carla-ros-bridge/build/carla_shenlan_a_star_planner
[34.941s] -- Install configuration: ""
[34.941s] -- Installing: /home/zhangwencheng/Documents/autonomous_driving/projects/carla-ros-bridge/install/carla_shenlan_a_star_planner/lib/carla_shenlan_a_star_planner/a_star_planner
[34.944s] -- Set runtime path of "/home/zhangwencheng/Documents/autonomous_driving/projects/carla-ros-bridge/install/carla_shenlan_a_star_planner/lib/carla_shenlan_a_star_planner/a_star_planner" to ""
[34.944s] -- Installing: /home/zhangwencheng/Documents/autonomous_driving/projects/carla-ros-bridge/install/carla_shenlan_a_star_planner/lib/carla_shenlan_a_star_planner/random_map_generator
[34.945s] -- Set runtime path of "/home/zhangwencheng/Documents/autonomous_driving/projects/carla-ros-bridge/install/carla_shenlan_a_star_planner/lib/carla_shenlan_a_star_planner/random_map_generator" to ""
[34.945s] -- Installing: /home/zhangwencheng/Documents/autonomous_driving/projects/carla-ros-bridge/install/carla_shenlan_a_star_planner/share/carla_shenlan_a_star_planner//launch
[34.945s] -- Installing: /home/zhangwencheng/Documents/autonomous_driving/projects/carla-ros-bridge/install/carla_shenlan_a_star_planner/share/carla_shenlan_a_star_planner//launch/a_star_planner.launch.py
[34.945s] -- Installing: /home/zhangwencheng/Documents/autonomous_driving/projects/carla-ros-bridge/install/carla_shenlan_a_star_planner/share/carla_shenlan_a_star_planner//rviz
[34.945s] -- Installing: /home/zhangwencheng/Documents/autonomous_driving/projects/carla-ros-bridge/install/carla_shenlan_a_star_planner/share/carla_shenlan_a_star_planner//rviz/a_star_vis.rviz
[34.945s] -- Installing: /home/zhangwencheng/Documents/autonomous_driving/projects/carla-ros-bridge/install/carla_shenlan_a_star_planner/share/ament_index/resource_index/package_run_dependencies/carla_shenlan_a_star_planner
[34.946s] -- Installing: /home/zhangwencheng/Documents/autonomous_driving/projects/carla-ros-bridge/install/carla_shenlan_a_star_planner/share/ament_index/resource_index/parent_prefix_path/carla_shenlan_a_star_planner
[34.946s] -- Installing: /home/zhangwencheng/Documents/autonomous_driving/projects/carla-ros-bridge/install/carla_shenlan_a_star_planner/share/carla_shenlan_a_star_planner/environment/ament_prefix_path.sh
[34.946s] -- Installing: /home/zhangwencheng/Documents/autonomous_driving/projects/carla-ros-bridge/install/carla_shenlan_a_star_planner/share/carla_shenlan_a_star_planner/environment/ament_prefix_path.dsv
[34.946s] -- Installing: /home/zhangwencheng/Documents/autonomous_driving/projects/carla-ros-bridge/install/carla_shenlan_a_star_planner/share/carla_shenlan_a_star_planner/environment/path.sh
[34.946s] -- Installing: /home/zhangwencheng/Documents/autonomous_driving/projects/carla-ros-bridge/install/carla_shenlan_a_star_planner/share/carla_shenlan_a_star_planner/environment/path.dsv
[34.946s] -- Installing: /home/zhangwencheng/Documents/autonomous_driving/projects/carla-ros-bridge/install/carla_shenlan_a_star_planner/share/carla_shenlan_a_star_planner/local_setup.bash
[34.947s] -- Installing: /home/zhangwencheng/Documents/autonomous_driving/projects/carla-ros-bridge/install/carla_shenlan_a_star_planner/share/carla_shenlan_a_star_planner/local_setup.sh
[34.947s] -- Installing: /home/zhangwencheng/Documents/autonomous_driving/projects/carla-ros-bridge/install/carla_shenlan_a_star_planner/share/carla_shenlan_a_star_planner/local_setup.zsh
[34.947s] -- Installing: /home/zhangwencheng/Documents/autonomous_driving/projects/carla-ros-bridge/install/carla_shenlan_a_star_planner/share/carla_shenlan_a_star_planner/local_setup.dsv
[34.947s] -- Installing: /home/zhangwencheng/Documents/autonomous_driving/projects/carla-ros-bridge/install/carla_shenlan_a_star_planner/share/carla_shenlan_a_star_planner/package.dsv
[34.947s] -- Installing: /home/zhangwencheng/Documents/autonomous_driving/projects/carla-ros-bridge/install/carla_shenlan_a_star_planner/share/ament_index/resource_index/packages/carla_shenlan_a_star_planner
[34.947s] -- Installing: /home/zhangwencheng/Documents/autonomous_driving/projects/carla-ros-bridge/install/carla_shenlan_a_star_planner/share/carla_shenlan_a_star_planner/cmake/carla_shenlan_a_star_plannerConfig.cmake
[34.947s] -- Installing: /home/zhangwencheng/Documents/autonomous_driving/projects/carla-ros-bridge/install/carla_shenlan_a_star_planner/share/carla_shenlan_a_star_planner/cmake/carla_shenlan_a_star_plannerConfig-version.cmake
[34.948s] -- Installing: /home/zhangwencheng/Documents/autonomous_driving/projects/carla-ros-bridge/install/carla_shenlan_a_star_planner/share/carla_shenlan_a_star_planner/package.xml
[34.952s] Invoked command in '/home/zhangwencheng/Documents/autonomous_driving/projects/carla-ros-bridge/build/carla_shenlan_a_star_planner' returned '0': AMENT_PREFIX_PATH=/home/zhangwencheng/Documents/autonomous_driving/projects/carla-ros-bridge/install/carla_msgs:${AMENT_PREFIX_PATH} CMAKE_PREFIX_PATH=/home/zhangwencheng/Documents/autonomous_driving/projects/carla-ros-bridge/install/carla_msgs:/opt/ros/foxy CONDA_PROMPT_MODIFIER=(base) LD_LIBRARY_PATH=/home/zhangwencheng/Documents/autonomous_driving/projects/carla-ros-bridge/install/carla_msgs/lib:${LD_LIBRARY_PATH} PYTHONPATH=/home/zhangwencheng/Documents/autonomous_driving/projects/carla-ros-bridge/install/carla_msgs/lib/python3.8/site-packages:${PYTHONPATH} /usr/bin/cmake --install /home/zhangwencheng/Documents/autonomous_driving/projects/carla-ros-bridge/build/carla_shenlan_a_star_planner
