[1.763s] Invoking command in '/home/zhangwencheng/Documents/autonomous_driving/projects/carla-ros-bridge/src/ros-bridge/carla_twist_to_control': CONDA_PROMPT_MODIFIER=(base) PYTHONPATH=/home/zhangwencheng/Documents/autonomous_driving/projects/carla-ros-bridge/build/carla_twist_to_control/prefix_override:/home/zhangwencheng/Documents/autonomous_driving/projects/carla-ros-bridge/install/carla_twist_to_control/lib/python3.8/site-packages:${PYTHONPATH} /usr/bin/python3 setup.py egg_info --egg-base ../../../build/carla_twist_to_control build --build-base /home/zhangwencheng/Documents/autonomous_driving/projects/carla-ros-bridge/build/carla_twist_to_control/build install --record /home/zhangwencheng/Documents/autonomous_driving/projects/carla-ros-bridge/build/carla_twist_to_control/install.log --single-version-externally-managed
[2.002s] running egg_info
[2.003s] creating ../../../build/carla_twist_to_control/carla_twist_to_control.egg-info
[2.003s] writing ../../../build/carla_twist_to_control/carla_twist_to_control.egg-info/PKG-INFO
[2.005s] writing dependency_links to ../../../build/carla_twist_to_control/carla_twist_to_control.egg-info/dependency_links.txt
[2.006s] writing entry points to ../../../build/carla_twist_to_control/carla_twist_to_control.egg-info/entry_points.txt
[2.007s] writing requirements to ../../../build/carla_twist_to_control/carla_twist_to_control.egg-info/requires.txt
[2.007s] writing top-level names to ../../../build/carla_twist_to_control/carla_twist_to_control.egg-info/top_level.txt
[2.011s] writing manifest file '../../../build/carla_twist_to_control/carla_twist_to_control.egg-info/SOURCES.txt'
[2.059s] reading manifest file '../../../build/carla_twist_to_control/carla_twist_to_control.egg-info/SOURCES.txt'
[2.060s] writing manifest file '../../../build/carla_twist_to_control/carla_twist_to_control.egg-info/SOURCES.txt'
[2.060s] running build
[2.060s] running build_py
[2.060s] creating /home/zhangwencheng/Documents/autonomous_driving/projects/carla-ros-bridge/build/carla_twist_to_control/build
[2.060s] creating /home/zhangwencheng/Documents/autonomous_driving/projects/carla-ros-bridge/build/carla_twist_to_control/build/lib
[2.060s] creating /home/zhangwencheng/Documents/autonomous_driving/projects/carla-ros-bridge/build/carla_twist_to_control/build/lib/carla_twist_to_control
[2.061s] copying src/carla_twist_to_control/carla_twist_to_control.py -> /home/zhangwencheng/Documents/autonomous_driving/projects/carla-ros-bridge/build/carla_twist_to_control/build/lib/carla_twist_to_control
[2.061s] copying src/carla_twist_to_control/__init__.py -> /home/zhangwencheng/Documents/autonomous_driving/projects/carla-ros-bridge/build/carla_twist_to_control/build/lib/carla_twist_to_control
[2.061s] running install
[2.062s] running install_lib
[2.063s] creating /home/zhangwencheng/Documents/autonomous_driving/projects/carla-ros-bridge/install/carla_twist_to_control/lib/python3.8/site-packages/carla_twist_to_control
[2.063s] copying /home/zhangwencheng/Documents/autonomous_driving/projects/carla-ros-bridge/build/carla_twist_to_control/build/lib/carla_twist_to_control/carla_twist_to_control.py -> /home/zhangwencheng/Documents/autonomous_driving/projects/carla-ros-bridge/install/carla_twist_to_control/lib/python3.8/site-packages/carla_twist_to_control
[2.063s] copying /home/zhangwencheng/Documents/autonomous_driving/projects/carla-ros-bridge/build/carla_twist_to_control/build/lib/carla_twist_to_control/__init__.py -> /home/zhangwencheng/Documents/autonomous_driving/projects/carla-ros-bridge/install/carla_twist_to_control/lib/python3.8/site-packages/carla_twist_to_control
[2.064s] byte-compiling /home/zhangwencheng/Documents/autonomous_driving/projects/carla-ros-bridge/install/carla_twist_to_control/lib/python3.8/site-packages/carla_twist_to_control/carla_twist_to_control.py to carla_twist_to_control.cpython-38.pyc
[2.066s] byte-compiling /home/zhangwencheng/Documents/autonomous_driving/projects/carla-ros-bridge/install/carla_twist_to_control/lib/python3.8/site-packages/carla_twist_to_control/__init__.py to __init__.cpython-38.pyc
[2.066s] running install_data
[2.067s] creating /home/zhangwencheng/Documents/autonomous_driving/projects/carla-ros-bridge/install/carla_twist_to_control/share/ament_index
[2.067s] creating /home/zhangwencheng/Documents/autonomous_driving/projects/carla-ros-bridge/install/carla_twist_to_control/share/ament_index/resource_index
[2.067s] creating /home/zhangwencheng/Documents/autonomous_driving/projects/carla-ros-bridge/install/carla_twist_to_control/share/ament_index/resource_index/packages
[2.067s] copying resource/carla_twist_to_control -> /home/zhangwencheng/Documents/autonomous_driving/projects/carla-ros-bridge/install/carla_twist_to_control/share/ament_index/resource_index/packages
[2.067s] copying package.xml -> /home/zhangwencheng/Documents/autonomous_driving/projects/carla-ros-bridge/install/carla_twist_to_control/share/carla_twist_to_control
[2.067s] copying launch/carla_twist_to_control.launch.py -> /home/zhangwencheng/Documents/autonomous_driving/projects/carla-ros-bridge/install/carla_twist_to_control/share/carla_twist_to_control
[2.067s] running install_egg_info
[2.070s] Copying ../../../build/carla_twist_to_control/carla_twist_to_control.egg-info to /home/zhangwencheng/Documents/autonomous_driving/projects/carla-ros-bridge/install/carla_twist_to_control/lib/python3.8/site-packages/carla_twist_to_control-0.0.0-py3.8.egg-info
[2.070s] running install_scripts
[2.087s] Installing carla_twist_to_control script to /home/zhangwencheng/Documents/autonomous_driving/projects/carla-ros-bridge/install/carla_twist_to_control/lib/carla_twist_to_control
[2.087s] writing list of installed files to '/home/zhangwencheng/Documents/autonomous_driving/projects/carla-ros-bridge/build/carla_twist_to_control/install.log'
[2.144s] Invoked command in '/home/zhangwencheng/Documents/autonomous_driving/projects/carla-ros-bridge/src/ros-bridge/carla_twist_to_control' returned '0': CONDA_PROMPT_MODIFIER=(base) PYTHONPATH=/home/zhangwencheng/Documents/autonomous_driving/projects/carla-ros-bridge/build/carla_twist_to_control/prefix_override:/home/zhangwencheng/Documents/autonomous_driving/projects/carla-ros-bridge/install/carla_twist_to_control/lib/python3.8/site-packages:${PYTHONPATH} /usr/bin/python3 setup.py egg_info --egg-base ../../../build/carla_twist_to_control build --build-base /home/zhangwencheng/Documents/autonomous_driving/projects/carla-ros-bridge/build/carla_twist_to_control/build install --record /home/zhangwencheng/Documents/autonomous_driving/projects/carla-ros-bridge/build/carla_twist_to_control/install.log --single-version-externally-managed
