[35m[1mScanning dependencies of target a_star_planner[0m
[ 40%] Built target random_map_generator
[ 60%] [32mBuilding CXX object CMakeFiles/a_star_planner.dir/src/Astar_searcher.cpp.o[0m
[ 80%] [32m[1mLinking CXX executable a_star_planner[0m
[100%] Built target a_star_planner
-- Install configuration: ""
-- Installing: /home/zhangwencheng/Documents/autonomous_driving/projects/carla-ros-bridge/install/carla_shenlan_a_star_planner/lib/carla_shenlan_a_star_planner/a_star_planner
-- Set runtime path of "/home/zhangwencheng/Documents/autonomous_driving/projects/carla-ros-bridge/install/carla_shenlan_a_star_planner/lib/carla_shenlan_a_star_planner/a_star_planner" to ""
-- Up-to-date: /home/zhangwencheng/Documents/autonomous_driving/projects/carla-ros-bridge/install/carla_shenlan_a_star_planner/lib/carla_shenlan_a_star_planner/random_map_generator
-- Up-to-date: /home/zhangwencheng/Documents/autonomous_driving/projects/carla-ros-bridge/install/carla_shenlan_a_star_planner/share/carla_shenlan_a_star_planner//launch
-- Up-to-date: /home/zhangwencheng/Documents/autonomous_driving/projects/carla-ros-bridge/install/carla_shenlan_a_star_planner/share/carla_shenlan_a_star_planner//launch/a_star_planner.launch.py
-- Up-to-date: /home/zhangwencheng/Documents/autonomous_driving/projects/carla-ros-bridge/install/carla_shenlan_a_star_planner/share/carla_shenlan_a_star_planner//rviz
-- Up-to-date: /home/zhangwencheng/Documents/autonomous_driving/projects/carla-ros-bridge/install/carla_shenlan_a_star_planner/share/carla_shenlan_a_star_planner//rviz/a_star_vis.rviz
-- Up-to-date: /home/zhangwencheng/Documents/autonomous_driving/projects/carla-ros-bridge/install/carla_shenlan_a_star_planner/share/ament_index/resource_index/package_run_dependencies/carla_shenlan_a_star_planner
-- Up-to-date: /home/zhangwencheng/Documents/autonomous_driving/projects/carla-ros-bridge/install/carla_shenlan_a_star_planner/share/ament_index/resource_index/parent_prefix_path/carla_shenlan_a_star_planner
-- Up-to-date: /home/zhangwencheng/Documents/autonomous_driving/projects/carla-ros-bridge/install/carla_shenlan_a_star_planner/share/carla_shenlan_a_star_planner/environment/ament_prefix_path.sh
-- Up-to-date: /home/zhangwencheng/Documents/autonomous_driving/projects/carla-ros-bridge/install/carla_shenlan_a_star_planner/share/carla_shenlan_a_star_planner/environment/ament_prefix_path.dsv
-- Up-to-date: /home/zhangwencheng/Documents/autonomous_driving/projects/carla-ros-bridge/install/carla_shenlan_a_star_planner/share/carla_shenlan_a_star_planner/environment/path.sh
-- Up-to-date: /home/zhangwencheng/Documents/autonomous_driving/projects/carla-ros-bridge/install/carla_shenlan_a_star_planner/share/carla_shenlan_a_star_planner/environment/path.dsv
-- Up-to-date: /home/zhangwencheng/Documents/autonomous_driving/projects/carla-ros-bridge/install/carla_shenlan_a_star_planner/share/carla_shenlan_a_star_planner/local_setup.bash
-- Up-to-date: /home/zhangwencheng/Documents/autonomous_driving/projects/carla-ros-bridge/install/carla_shenlan_a_star_planner/share/carla_shenlan_a_star_planner/local_setup.sh
-- Up-to-date: /home/zhangwencheng/Documents/autonomous_driving/projects/carla-ros-bridge/install/carla_shenlan_a_star_planner/share/carla_shenlan_a_star_planner/local_setup.zsh
-- Up-to-date: /home/zhangwencheng/Documents/autonomous_driving/projects/carla-ros-bridge/install/carla_shenlan_a_star_planner/share/carla_shenlan_a_star_planner/local_setup.dsv
-- Installing: /home/zhangwencheng/Documents/autonomous_driving/projects/carla-ros-bridge/install/carla_shenlan_a_star_planner/share/carla_shenlan_a_star_planner/package.dsv
-- Up-to-date: /home/zhangwencheng/Documents/autonomous_driving/projects/carla-ros-bridge/install/carla_shenlan_a_star_planner/share/ament_index/resource_index/packages/carla_shenlan_a_star_planner
-- Up-to-date: /home/zhangwencheng/Documents/autonomous_driving/projects/carla-ros-bridge/install/carla_shenlan_a_star_planner/share/carla_shenlan_a_star_planner/cmake/carla_shenlan_a_star_plannerConfig.cmake
-- Up-to-date: /home/zhangwencheng/Documents/autonomous_driving/projects/carla-ros-bridge/install/carla_shenlan_a_star_planner/share/carla_shenlan_a_star_planner/cmake/carla_shenlan_a_star_plannerConfig-version.cmake
-- Up-to-date: /home/zhangwencheng/Documents/autonomous_driving/projects/carla-ros-bridge/install/carla_shenlan_a_star_planner/share/carla_shenlan_a_star_planner/package.xml
