[1.872s] Invoking command in '/home/zhangwencheng/Documents/autonomous_driving/projects/carla-ros-bridge/src/ros-bridge/carla_spawn_objects': AMENT_PREFIX_PATH=/home/zhangwencheng/Documents/autonomous_driving/projects/carla-ros-bridge/install/ros_compatibility:/home/zhangwencheng/Documents/autonomous_driving/projects/carla-ros-bridge/install/carla_msgs:${AMENT_PREFIX_PATH} CMAKE_PREFIX_PATH=/home/zhangwencheng/Documents/autonomous_driving/projects/carla-ros-bridge/install/carla_msgs CONDA_PROMPT_MODIFIER=(base) LD_LIBRARY_PATH=/home/zhangwencheng/Documents/autonomous_driving/projects/carla-ros-bridge/install/carla_msgs/lib:${LD_LIBRARY_PATH} PYTHONPATH=/home/zhangwencheng/Documents/autonomous_driving/projects/carla-ros-bridge/build/carla_spawn_objects/prefix_override:/home/zhangwencheng/Documents/autonomous_driving/projects/carla-ros-bridge/install/carla_spawn_objects/lib/python3.8/site-packages:/home/zhangwencheng/Documents/autonomous_driving/projects/carla-ros-bridge/install/ros_compatibility/lib/python3.8/site-packages:/home/zhangwencheng/Documents/autonomous_driving/projects/carla-ros-bridge/install/carla_msgs/lib/python3.8/site-packages:${PYTHONPATH} /usr/bin/python3 setup.py egg_info --egg-base ../../../build/carla_spawn_objects build --build-base /home/zhangwencheng/Documents/autonomous_driving/projects/carla-ros-bridge/build/carla_spawn_objects/build install --record /home/zhangwencheng/Documents/autonomous_driving/projects/carla-ros-bridge/build/carla_spawn_objects/install.log --single-version-externally-managed
[2.382s] running egg_info
[2.382s] creating ../../../build/carla_spawn_objects/carla_spawn_objects.egg-info
[2.382s] writing ../../../build/carla_spawn_objects/carla_spawn_objects.egg-info/PKG-INFO
[2.382s] writing dependency_links to ../../../build/carla_spawn_objects/carla_spawn_objects.egg-info/dependency_links.txt
[2.382s] writing entry points to ../../../build/carla_spawn_objects/carla_spawn_objects.egg-info/entry_points.txt
[2.382s] writing requirements to ../../../build/carla_spawn_objects/carla_spawn_objects.egg-info/requires.txt
[2.382s] writing top-level names to ../../../build/carla_spawn_objects/carla_spawn_objects.egg-info/top_level.txt
[2.382s] writing manifest file '../../../build/carla_spawn_objects/carla_spawn_objects.egg-info/SOURCES.txt'
[2.382s] reading manifest file '../../../build/carla_spawn_objects/carla_spawn_objects.egg-info/SOURCES.txt'
[2.382s] writing manifest file '../../../build/carla_spawn_objects/carla_spawn_objects.egg-info/SOURCES.txt'
[2.382s] running build
[2.383s] running build_py
[2.383s] creating /home/zhangwencheng/Documents/autonomous_driving/projects/carla-ros-bridge/build/carla_spawn_objects/build
[2.383s] creating /home/zhangwencheng/Documents/autonomous_driving/projects/carla-ros-bridge/build/carla_spawn_objects/build/lib
[2.383s] creating /home/zhangwencheng/Documents/autonomous_driving/projects/carla-ros-bridge/build/carla_spawn_objects/build/lib/src
[2.383s] creating /home/zhangwencheng/Documents/autonomous_driving/projects/carla-ros-bridge/build/carla_spawn_objects/build/lib/src/carla_spawn_objects
[2.383s] copying src/carla_spawn_objects/set_initial_pose.py -> /home/zhangwencheng/Documents/autonomous_driving/projects/carla-ros-bridge/build/carla_spawn_objects/build/lib/src/carla_spawn_objects
[2.383s] copying src/carla_spawn_objects/carla_spawn_objects.py -> /home/zhangwencheng/Documents/autonomous_driving/projects/carla-ros-bridge/build/carla_spawn_objects/build/lib/src/carla_spawn_objects
[2.383s] copying src/carla_spawn_objects/__init__.py -> /home/zhangwencheng/Documents/autonomous_driving/projects/carla-ros-bridge/build/carla_spawn_objects/build/lib/src/carla_spawn_objects
[2.383s] running install
[2.383s] running install_lib
[2.384s] creating /home/zhangwencheng/Documents/autonomous_driving/projects/carla-ros-bridge/install/carla_spawn_objects/lib/python3.8/site-packages/src
[2.384s] creating /home/zhangwencheng/Documents/autonomous_driving/projects/carla-ros-bridge/install/carla_spawn_objects/lib/python3.8/site-packages/src/carla_spawn_objects
[2.384s] copying /home/zhangwencheng/Documents/autonomous_driving/projects/carla-ros-bridge/build/carla_spawn_objects/build/lib/src/carla_spawn_objects/set_initial_pose.py -> /home/zhangwencheng/Documents/autonomous_driving/projects/carla-ros-bridge/install/carla_spawn_objects/lib/python3.8/site-packages/src/carla_spawn_objects
[2.384s] copying /home/zhangwencheng/Documents/autonomous_driving/projects/carla-ros-bridge/build/carla_spawn_objects/build/lib/src/carla_spawn_objects/carla_spawn_objects.py -> /home/zhangwencheng/Documents/autonomous_driving/projects/carla-ros-bridge/install/carla_spawn_objects/lib/python3.8/site-packages/src/carla_spawn_objects
[2.384s] copying /home/zhangwencheng/Documents/autonomous_driving/projects/carla-ros-bridge/build/carla_spawn_objects/build/lib/src/carla_spawn_objects/__init__.py -> /home/zhangwencheng/Documents/autonomous_driving/projects/carla-ros-bridge/install/carla_spawn_objects/lib/python3.8/site-packages/src/carla_spawn_objects
[2.384s] byte-compiling /home/zhangwencheng/Documents/autonomous_driving/projects/carla-ros-bridge/install/carla_spawn_objects/lib/python3.8/site-packages/src/carla_spawn_objects/set_initial_pose.py to set_initial_pose.cpython-38.pyc
[2.384s] byte-compiling /home/zhangwencheng/Documents/autonomous_driving/projects/carla-ros-bridge/install/carla_spawn_objects/lib/python3.8/site-packages/src/carla_spawn_objects/carla_spawn_objects.py to carla_spawn_objects.cpython-38.pyc
[2.384s] byte-compiling /home/zhangwencheng/Documents/autonomous_driving/projects/carla-ros-bridge/install/carla_spawn_objects/lib/python3.8/site-packages/src/carla_spawn_objects/__init__.py to __init__.cpython-38.pyc
[2.384s] running install_data
[2.384s] creating /home/zhangwencheng/Documents/autonomous_driving/projects/carla-ros-bridge/install/carla_spawn_objects/share/ament_index
[2.385s] creating /home/zhangwencheng/Documents/autonomous_driving/projects/carla-ros-bridge/install/carla_spawn_objects/share/ament_index/resource_index
[2.385s] creating /home/zhangwencheng/Documents/autonomous_driving/projects/carla-ros-bridge/install/carla_spawn_objects/share/ament_index/resource_index/packages
[2.385s] copying resource/carla_spawn_objects -> /home/zhangwencheng/Documents/autonomous_driving/projects/carla-ros-bridge/install/carla_spawn_objects/share/ament_index/resource_index/packages
[2.385s] copying package.xml -> /home/zhangwencheng/Documents/autonomous_driving/projects/carla-ros-bridge/install/carla_spawn_objects/share/carla_spawn_objects
[2.385s] creating /home/zhangwencheng/Documents/autonomous_driving/projects/carla-ros-bridge/install/carla_spawn_objects/share/carla_spawn_objects/config
[2.385s] copying config/objects.json -> /home/zhangwencheng/Documents/autonomous_driving/projects/carla-ros-bridge/install/carla_spawn_objects/share/carla_spawn_objects/config
[2.385s] copying launch/carla_spawn_objects.launch.py -> /home/zhangwencheng/Documents/autonomous_driving/projects/carla-ros-bridge/install/carla_spawn_objects/share/carla_spawn_objects
[2.385s] copying launch/carla_example_ego_vehicle.launch.py -> /home/zhangwencheng/Documents/autonomous_driving/projects/carla-ros-bridge/install/carla_spawn_objects/share/carla_spawn_objects
[2.386s] copying launch/set_initial_pose.launch.py -> /home/zhangwencheng/Documents/autonomous_driving/projects/carla-ros-bridge/install/carla_spawn_objects/share/carla_spawn_objects
[2.386s] running install_egg_info
[2.386s] Copying ../../../build/carla_spawn_objects/carla_spawn_objects.egg-info to /home/zhangwencheng/Documents/autonomous_driving/projects/carla-ros-bridge/install/carla_spawn_objects/lib/python3.8/site-packages/carla_spawn_objects-0.0.0-py3.8.egg-info
[2.386s] running install_scripts
[2.386s] Installing carla_spawn_objects script to /home/zhangwencheng/Documents/autonomous_driving/projects/carla-ros-bridge/install/carla_spawn_objects/lib/carla_spawn_objects
[2.386s] Installing set_initial_pose script to /home/zhangwencheng/Documents/autonomous_driving/projects/carla-ros-bridge/install/carla_spawn_objects/lib/carla_spawn_objects
[2.386s] writing list of installed files to '/home/zhangwencheng/Documents/autonomous_driving/projects/carla-ros-bridge/build/carla_spawn_objects/install.log'
[2.420s] Invoked command in '/home/zhangwencheng/Documents/autonomous_driving/projects/carla-ros-bridge/src/ros-bridge/carla_spawn_objects' returned '0': AMENT_PREFIX_PATH=/home/zhangwencheng/Documents/autonomous_driving/projects/carla-ros-bridge/install/ros_compatibility:/home/zhangwencheng/Documents/autonomous_driving/projects/carla-ros-bridge/install/carla_msgs:${AMENT_PREFIX_PATH} CMAKE_PREFIX_PATH=/home/zhangwencheng/Documents/autonomous_driving/projects/carla-ros-bridge/install/carla_msgs CONDA_PROMPT_MODIFIER=(base) LD_LIBRARY_PATH=/home/zhangwencheng/Documents/autonomous_driving/projects/carla-ros-bridge/install/carla_msgs/lib:${LD_LIBRARY_PATH} PYTHONPATH=/home/zhangwencheng/Documents/autonomous_driving/projects/carla-ros-bridge/build/carla_spawn_objects/prefix_override:/home/zhangwencheng/Documents/autonomous_driving/projects/carla-ros-bridge/install/carla_spawn_objects/lib/python3.8/site-packages:/home/zhangwencheng/Documents/autonomous_driving/projects/carla-ros-bridge/install/ros_compatibility/lib/python3.8/site-packages:/home/zhangwencheng/Documents/autonomous_driving/projects/carla-ros-bridge/install/carla_msgs/lib/python3.8/site-packages:${PYTHONPATH} /usr/bin/python3 setup.py egg_info --egg-base ../../../build/carla_spawn_objects build --build-base /home/zhangwencheng/Documents/autonomous_driving/projects/carla-ros-bridge/build/carla_spawn_objects/build install --record /home/zhangwencheng/Documents/autonomous_driving/projects/carla-ros-bridge/build/carla_spawn_objects/install.log --single-version-externally-managed
