[1.854s] Invoking command in '/home/zhangwencheng/Documents/autonomous_driving/projects/carla-ros-bridge/src/ros-bridge/carla_manual_control': AMENT_PREFIX_PATH=/home/zhangwencheng/Documents/autonomous_driving/projects/carla-ros-bridge/install/ros_compatibility:/home/zhangwencheng/Documents/autonomous_driving/projects/carla-ros-bridge/install/carla_msgs:${AMENT_PREFIX_PATH} CMAKE_PREFIX_PATH=/home/zhangwencheng/Documents/autonomous_driving/projects/carla-ros-bridge/install/carla_msgs CONDA_PROMPT_MODIFIER=(base) LD_LIBRARY_PATH=/home/zhangwencheng/Documents/autonomous_driving/projects/carla-ros-bridge/install/carla_msgs/lib:${LD_LIBRARY_PATH} PYTHONPATH=/home/zhangwencheng/Documents/autonomous_driving/projects/carla-ros-bridge/build/carla_manual_control/prefix_override:/home/zhangwencheng/Documents/autonomous_driving/projects/carla-ros-bridge/install/carla_manual_control/lib/python3.8/site-packages:/home/zhangwencheng/Documents/autonomous_driving/projects/carla-ros-bridge/install/ros_compatibility/lib/python3.8/site-packages:/home/zhangwencheng/Documents/autonomous_driving/projects/carla-ros-bridge/install/carla_msgs/lib/python3.8/site-packages:${PYTHONPATH} /usr/bin/python3 setup.py egg_info --egg-base ../../../build/carla_manual_control build --build-base /home/zhangwencheng/Documents/autonomous_driving/projects/carla-ros-bridge/build/carla_manual_control/build install --record /home/zhangwencheng/Documents/autonomous_driving/projects/carla-ros-bridge/build/carla_manual_control/install.log --single-version-externally-managed
[2.379s] running egg_info
[2.380s] creating ../../../build/carla_manual_control/carla_manual_control.egg-info
[2.380s] writing ../../../build/carla_manual_control/carla_manual_control.egg-info/PKG-INFO
[2.380s] writing dependency_links to ../../../build/carla_manual_control/carla_manual_control.egg-info/dependency_links.txt
[2.380s] writing entry points to ../../../build/carla_manual_control/carla_manual_control.egg-info/entry_points.txt
[2.380s] writing requirements to ../../../build/carla_manual_control/carla_manual_control.egg-info/requires.txt
[2.380s] writing top-level names to ../../../build/carla_manual_control/carla_manual_control.egg-info/top_level.txt
[2.380s] writing manifest file '../../../build/carla_manual_control/carla_manual_control.egg-info/SOURCES.txt'
[2.380s] reading manifest file '../../../build/carla_manual_control/carla_manual_control.egg-info/SOURCES.txt'
[2.380s] writing manifest file '../../../build/carla_manual_control/carla_manual_control.egg-info/SOURCES.txt'
[2.381s] running build
[2.381s] running build_py
[2.381s] creating /home/zhangwencheng/Documents/autonomous_driving/projects/carla-ros-bridge/build/carla_manual_control/build
[2.381s] creating /home/zhangwencheng/Documents/autonomous_driving/projects/carla-ros-bridge/build/carla_manual_control/build/lib
[2.381s] creating /home/zhangwencheng/Documents/autonomous_driving/projects/carla-ros-bridge/build/carla_manual_control/build/lib/carla_manual_control
[2.381s] copying src/carla_manual_control/carla_manual_control.py -> /home/zhangwencheng/Documents/autonomous_driving/projects/carla-ros-bridge/build/carla_manual_control/build/lib/carla_manual_control
[2.381s] copying src/carla_manual_control/__init__.py -> /home/zhangwencheng/Documents/autonomous_driving/projects/carla-ros-bridge/build/carla_manual_control/build/lib/carla_manual_control
[2.381s] running install
[2.381s] running install_lib
[2.381s] creating /home/zhangwencheng/Documents/autonomous_driving/projects/carla-ros-bridge/install/carla_manual_control/lib/python3.8/site-packages/carla_manual_control
[2.382s] copying /home/zhangwencheng/Documents/autonomous_driving/projects/carla-ros-bridge/build/carla_manual_control/build/lib/carla_manual_control/carla_manual_control.py -> /home/zhangwencheng/Documents/autonomous_driving/projects/carla-ros-bridge/install/carla_manual_control/lib/python3.8/site-packages/carla_manual_control
[2.382s] copying /home/zhangwencheng/Documents/autonomous_driving/projects/carla-ros-bridge/build/carla_manual_control/build/lib/carla_manual_control/__init__.py -> /home/zhangwencheng/Documents/autonomous_driving/projects/carla-ros-bridge/install/carla_manual_control/lib/python3.8/site-packages/carla_manual_control
[2.382s] byte-compiling /home/zhangwencheng/Documents/autonomous_driving/projects/carla-ros-bridge/install/carla_manual_control/lib/python3.8/site-packages/carla_manual_control/carla_manual_control.py to carla_manual_control.cpython-38.pyc
[2.382s] byte-compiling /home/zhangwencheng/Documents/autonomous_driving/projects/carla-ros-bridge/install/carla_manual_control/lib/python3.8/site-packages/carla_manual_control/__init__.py to __init__.cpython-38.pyc
[2.382s] running install_data
[2.382s] creating /home/zhangwencheng/Documents/autonomous_driving/projects/carla-ros-bridge/install/carla_manual_control/share/ament_index
[2.382s] creating /home/zhangwencheng/Documents/autonomous_driving/projects/carla-ros-bridge/install/carla_manual_control/share/ament_index/resource_index
[2.382s] creating /home/zhangwencheng/Documents/autonomous_driving/projects/carla-ros-bridge/install/carla_manual_control/share/ament_index/resource_index/packages
[2.382s] copying resource/carla_manual_control -> /home/zhangwencheng/Documents/autonomous_driving/projects/carla-ros-bridge/install/carla_manual_control/share/ament_index/resource_index/packages
[2.382s] copying package.xml -> /home/zhangwencheng/Documents/autonomous_driving/projects/carla-ros-bridge/install/carla_manual_control/share/carla_manual_control
[2.382s] copying launch/carla_manual_control.launch.py -> /home/zhangwencheng/Documents/autonomous_driving/projects/carla-ros-bridge/install/carla_manual_control/share/carla_manual_control
[2.383s] running install_egg_info
[2.383s] Copying ../../../build/carla_manual_control/carla_manual_control.egg-info to /home/zhangwencheng/Documents/autonomous_driving/projects/carla-ros-bridge/install/carla_manual_control/lib/python3.8/site-packages/carla_manual_control-0.0.0-py3.8.egg-info
[2.383s] running install_scripts
[2.383s] Installing carla_manual_control script to /home/zhangwencheng/Documents/autonomous_driving/projects/carla-ros-bridge/install/carla_manual_control/lib/carla_manual_control
[2.383s] writing list of installed files to '/home/zhangwencheng/Documents/autonomous_driving/projects/carla-ros-bridge/build/carla_manual_control/install.log'
[2.412s] Invoked command in '/home/zhangwencheng/Documents/autonomous_driving/projects/carla-ros-bridge/src/ros-bridge/carla_manual_control' returned '0': AMENT_PREFIX_PATH=/home/zhangwencheng/Documents/autonomous_driving/projects/carla-ros-bridge/install/ros_compatibility:/home/zhangwencheng/Documents/autonomous_driving/projects/carla-ros-bridge/install/carla_msgs:${AMENT_PREFIX_PATH} CMAKE_PREFIX_PATH=/home/zhangwencheng/Documents/autonomous_driving/projects/carla-ros-bridge/install/carla_msgs CONDA_PROMPT_MODIFIER=(base) LD_LIBRARY_PATH=/home/zhangwencheng/Documents/autonomous_driving/projects/carla-ros-bridge/install/carla_msgs/lib:${LD_LIBRARY_PATH} PYTHONPATH=/home/zhangwencheng/Documents/autonomous_driving/projects/carla-ros-bridge/build/carla_manual_control/prefix_override:/home/zhangwencheng/Documents/autonomous_driving/projects/carla-ros-bridge/install/carla_manual_control/lib/python3.8/site-packages:/home/zhangwencheng/Documents/autonomous_driving/projects/carla-ros-bridge/install/ros_compatibility/lib/python3.8/site-packages:/home/zhangwencheng/Documents/autonomous_driving/projects/carla-ros-bridge/install/carla_msgs/lib/python3.8/site-packages:${PYTHONPATH} /usr/bin/python3 setup.py egg_info --egg-base ../../../build/carla_manual_control build --build-base /home/zhangwencheng/Documents/autonomous_driving/projects/carla-ros-bridge/build/carla_manual_control/build install --record /home/zhangwencheng/Documents/autonomous_driving/projects/carla-ros-bridge/build/carla_manual_control/install.log --single-version-externally-managed
