In file included from [01m[K/home/zhangwencheng/Documents/autonomous_driving/projects/carla-ros-bridge/src/ros-bridge/carla_shenlan_projects/carla_shenlan_lattice_planner/include/carla_shenlan_lattice_planner/lattice_planner.h:17[m[K,
                 from [01m[K/home/zhangwencheng/Documents/autonomous_driving/projects/carla-ros-bridge/src/ros-bridge/carla_shenlan_projects/carla_shenlan_lattice_planner/src/lattice_planner.cpp:10[m[K:
[01m[K/home/zhangwencheng/Documents/autonomous_driving/projects/carla-ros-bridge/src/ros-bridge/carla_shenlan_projects/carla_shenlan_lattice_planner/include/carla_shenlan_lattice_planner/cubic_spline.hpp:23:2:[m[K [01;35m[Kwarning: [m[Kextra ‘[01m[K;[m[K’ [[01;35m[K-Wpedantic[m[K]
   23 | }[01;35m[K;[m[K
      |  [01;35m[K^[m[K
[01m[K/home/zhangwencheng/Documents/autonomous_driving/projects/carla-ros-bridge/src/ros-bridge/carla_shenlan_projects/carla_shenlan_lattice_planner/include/carla_shenlan_lattice_planner/cubic_spline.hpp:33:2:[m[K [01;35m[Kwarning: [m[Kextra ‘[01m[K;[m[K’ [[01;35m[K-Wpedantic[m[K]
   33 | }[01;35m[K;[m[K
      |  [01;35m[K^[m[K
[01m[K/home/zhangwencheng/Documents/autonomous_driving/projects/carla-ros-bridge/src/ros-bridge/carla_shenlan_projects/carla_shenlan_lattice_planner/src/lattice_planner.cpp:46:2:[m[K [01;35m[Kwarning: [m[Kextra ‘[01m[K;[m[K’ [[01;35m[K-Wpedantic[m[K]
   46 | }[01;35m[K;[m[K
      |  [01;35m[K^[m[K
[01m[K/home/zhangwencheng/Documents/autonomous_driving/projects/carla-ros-bridge/src/ros-bridge/carla_shenlan_projects/carla_shenlan_lattice_planner/src/lattice_planner.cpp:95:2:[m[K [01;35m[Kwarning: [m[Kextra ‘[01m[K;[m[K’ [[01;35m[K-Wpedantic[m[K]
   95 | }[01;35m[K;[m[K
      |  [01;35m[K^[m[K
[01m[K/home/zhangwencheng/Documents/autonomous_driving/projects/carla-ros-bridge/src/ros-bridge/carla_shenlan_projects/carla_shenlan_lattice_planner/src/lattice_planner.cpp:[m[K In member function ‘[01m[Kvoid FrenetOptimalTrajectory::calc_global_paths(Vec_Path&, Spline2D)[m[K’:
[01m[K/home/zhangwencheng/Documents/autonomous_driving/projects/carla-ros-bridge/src/ros-bridge/carla_shenlan_projects/carla_shenlan_lattice_planner/src/lattice_planner.cpp:106:27:[m[K [01;35m[Kwarning: [m[Kcomparison of integer expressions of different signedness: ‘[01m[Kint[m[K’ and ‘[01m[Kstd::vector<float>::size_type[m[K’ {aka ‘[01m[Klong unsigned int[m[K’} [[01;35m[K-Wsign-compare[m[K]
  106 |         for (int i = 0; [01;35m[Ki < _fpp->s.size()[m[K; i++) {
      |                         [01;35m[K~~^~~~~~~~~~~~~~~~[m[K
[01m[K/home/zhangwencheng/Documents/autonomous_driving/projects/carla-ros-bridge/src/ros-bridge/carla_shenlan_projects/carla_shenlan_lattice_planner/src/lattice_planner.cpp:121:27:[m[K [01;35m[Kwarning: [m[Kcomparison of integer expressions of different signedness: ‘[01m[Kint[m[K’ and ‘[01m[Kstd::vector<float>::size_type[m[K’ {aka ‘[01m[Klong unsigned int[m[K’} [[01;35m[K-Wsign-compare[m[K]
  121 |         for (int i = 0; [01;35m[Ki < _fpp->s.size() - 1[m[K; i++) {
      |                         [01;35m[K~~^~~~~~~~~~~~~~~~~~~~[m[K
[01m[K/home/zhangwencheng/Documents/autonomous_driving/projects/carla-ros-bridge/src/ros-bridge/carla_shenlan_projects/carla_shenlan_lattice_planner/src/lattice_planner.cpp:135:27:[m[K [01;35m[Kwarning: [m[Kcomparison of integer expressions of different signedness: ‘[01m[Kint[m[K’ and ‘[01m[Kstd::vector<float>::size_type[m[K’ {aka ‘[01m[Klong unsigned int[m[K’} [[01;35m[K-Wsign-compare[m[K]
  135 |         for (int i = 0; [01;35m[Ki < _fpp->s.size() - 1[m[K; i++) {
      |                         [01;35m[K~~^~~~~~~~~~~~~~~~~~~~[m[K
[01m[K/home/zhangwencheng/Documents/autonomous_driving/projects/carla-ros-bridge/src/ros-bridge/carla_shenlan_projects/carla_shenlan_lattice_planner/src/lattice_planner.cpp:[m[K At global scope:
[01m[K/home/zhangwencheng/Documents/autonomous_driving/projects/carla-ros-bridge/src/ros-bridge/carla_shenlan_projects/carla_shenlan_lattice_planner/src/lattice_planner.cpp:145:2:[m[K [01;35m[Kwarning: [m[Kextra ‘[01m[K;[m[K’ [[01;35m[K-Wpedantic[m[K]
  145 | }[01;35m[K;[m[K
      |  [01;35m[K^[m[K
[01m[K/home/zhangwencheng/Documents/autonomous_driving/projects/carla-ros-bridge/src/ros-bridge/carla_shenlan_projects/carla_shenlan_lattice_planner/src/lattice_planner.cpp:157:2:[m[K [01;35m[Kwarning: [m[Kextra ‘[01m[K;[m[K’ [[01;35m[K-Wpedantic[m[K]
  157 | }[01;35m[K;[m[K
      |  [01;35m[K^[m[K
[01m[K/home/zhangwencheng/Documents/autonomous_driving/projects/carla-ros-bridge/src/ros-bridge/carla_shenlan_projects/carla_shenlan_lattice_planner/src/lattice_planner.cpp:172:2:[m[K [01;35m[Kwarning: [m[Kextra ‘[01m[K;[m[K’ [[01;35m[K-Wpedantic[m[K]
  172 | }[01;35m[K;[m[K
      |  [01;35m[K^[m[K
[01m[K/home/zhangwencheng/Documents/autonomous_driving/projects/carla-ros-bridge/src/ros-bridge/carla_shenlan_projects/carla_shenlan_lattice_planner/src/lattice_planner.cpp:198:2:[m[K [01;35m[Kwarning: [m[Kextra ‘[01m[K;[m[K’ [[01;35m[K-Wpedantic[m[K]
  198 | }[01;35m[K;[m[K
      |  [01;35m[K^[m[K
In file included from [01m[K/home/zhangwencheng/Documents/autonomous_driving/projects/carla-ros-bridge/src/ros-bridge/carla_shenlan_projects/carla_shenlan_lattice_planner/include/carla_shenlan_lattice_planner/lattice_planner.h:17[m[K,
                 from [01m[K/home/zhangwencheng/Documents/autonomous_driving/projects/carla-ros-bridge/src/ros-bridge/carla_shenlan_projects/carla_shenlan_lattice_planner/include/carla_shenlan_lattice_planner/lattice_mpc_lateral_longitudinal.h:17[m[K,
                 from [01m[K/home/zhangwencheng/Documents/autonomous_driving/projects/carla-ros-bridge/src/ros-bridge/carla_shenlan_projects/carla_shenlan_lattice_planner/src/lattice_mpc_lateral_longitudinal.cpp:1[m[K:
[01m[K/home/zhangwencheng/Documents/autonomous_driving/projects/carla-ros-bridge/src/ros-bridge/carla_shenlan_projects/carla_shenlan_lattice_planner/include/carla_shenlan_lattice_planner/cubic_spline.hpp:23:2:[m[K [01;35m[Kwarning: [m[Kextra ‘[01m[K;[m[K’ [[01;35m[K-Wpedantic[m[K]
   23 | }[01;35m[K;[m[K
      |  [01;35m[K^[m[K
[01m[K/home/zhangwencheng/Documents/autonomous_driving/projects/carla-ros-bridge/src/ros-bridge/carla_shenlan_projects/carla_shenlan_lattice_planner/include/carla_shenlan_lattice_planner/cubic_spline.hpp:33:2:[m[K [01;35m[Kwarning: [m[Kextra ‘[01m[K;[m[K’ [[01;35m[K-Wpedantic[m[K]
   33 | }[01;35m[K;[m[K
      |  [01;35m[K^[m[K
In file included from [01m[K/home/zhangwencheng/Documents/autonomous_driving/projects/carla-ros-bridge/src/ros-bridge/carla_shenlan_projects/carla_shenlan_lattice_planner/include/carla_shenlan_lattice_planner/lattice_mpc_lateral_longitudinal.h:15[m[K,
                 from [01m[K/home/zhangwencheng/Documents/autonomous_driving/projects/carla-ros-bridge/src/ros-bridge/carla_shenlan_projects/carla_shenlan_lattice_planner/src/lattice_mpc_lateral_longitudinal.cpp:1[m[K:
[01m[K/home/zhangwencheng/Documents/autonomous_driving/projects/carla-ros-bridge/src/ros-bridge/carla_shenlan_projects/carla_shenlan_lattice_planner/include/carla_shenlan_lattice_planner/spline.h:399:8:[m[K [01;35m[Kwarning: [m[K‘[01m[Kdouble {anonymous}::tk::spline::deriv(int, double) const[m[K’ defined but not used [[01;35m[K-Wunused-function[m[K]
  399 | double [01;35m[Kspline[m[K::deriv(int order, double x) const
      |        [01;35m[K^~~~~~[m[K
[01m[K/home/zhangwencheng/Documents/autonomous_driving/projects/carla-ros-bridge/src/ros-bridge/carla_shenlan_projects/carla_shenlan_lattice_planner/include/carla_shenlan_lattice_planner/spline.h:376:8:[m[K [01;35m[Kwarning: [m[K‘[01m[Kdouble {anonymous}::tk::spline::operator()(double) const[m[K’ defined but not used [[01;35m[K-Wunused-function[m[K]
  376 | double [01;35m[Kspline[m[K::operator() (double x) const
      |        [01;35m[K^~~~~~[m[K
[01m[K/home/zhangwencheng/Documents/autonomous_driving/projects/carla-ros-bridge/src/ros-bridge/carla_shenlan_projects/carla_shenlan_lattice_planner/include/carla_shenlan_lattice_planner/spline.h:285:6:[m[K [01;35m[Kwarning: [m[K‘[01m[Kvoid {anonymous}::tk::spline::set_points(const std::vector<double, std::allocator<double> >&, const std::vector<double, std::allocator<double> >&, bool)[m[K’ defined but not used [[01;35m[K-Wunused-function[m[K]
  285 | void [01;35m[Kspline[m[K::set_points(const std::vector<double>& x,
      |      [01;35m[K^~~~~~[m[K
[01m[K/home/zhangwencheng/Documents/autonomous_driving/projects/carla-ros-bridge/src/ros-bridge/carla_shenlan_projects/carla_shenlan_lattice_planner/include/carla_shenlan_lattice_planner/spline.h:272:6:[m[K [01;35m[Kwarning: [m[K‘[01m[Kvoid {anonymous}::tk::spline::set_boundary({anonymous}::tk::spline::bd_type, double, {anonymous}::tk::spline::bd_type, double, bool)[m[K’ defined but not used [[01;35m[K-Wunused-function[m[K]
  272 | void [01;35m[Kspline[m[K::set_boundary(spline::bd_type left, double left_value,
      |      [01;35m[K^~~~~~[m[K
