-- The C compiler identification is GNU 9.4.0
-- The CXX compiler identification is GNU 9.4.0
-- Check for working C compiler: /usr/bin/cc
-- Check for working C compiler: /usr/bin/cc -- works
-- Detecting C compiler ABI info
-- Detecting C compiler ABI info - done
-- Detecting C compile features
-- Detecting C compile features - done
-- Check for working CXX compiler: /usr/bin/c++
-- Check for working CXX compiler: /usr/bin/c++ -- works
-- Detecting CXX compiler ABI info
-- Detecting CXX compiler ABI info - done
-- Detecting CXX compile features
-- Detecting CXX compile features - done
-- Found ament_cmake: 0.9.12 (/opt/ros/foxy/share/ament_cmake/cmake)
-- Found PythonInterp: /home/zhangwencheng/miniconda3/bin/python3 (found suitable version "3.8.17", minimum required is "3") 
-- Using PYTHON_EXECUTABLE: /home/zhangwencheng/miniconda3/bin/python3
-- Found std_msgs: 2.0.5 (/opt/ros/foxy/share/std_msgs/cmake)
-- Using all available rosidl_typesupport_c: rosidl_typesupport_fastrtps_c;rosidl_typesupport_introspection_c
-- Found rosidl_adapter: 1.3.1 (/opt/ros/foxy/share/rosidl_adapter/cmake)
-- Found OpenSSL: /usr/lib/x86_64-linux-gnu/libcrypto.so (found version "1.1.1f")  
-- Found FastRTPS: /opt/ros/foxy/include  
-- Using all available rosidl_typesupport_cpp: rosidl_typesupport_fastrtps_cpp;rosidl_typesupport_introspection_cpp
-- Found nav_msgs: 2.0.5 (/opt/ros/foxy/share/nav_msgs/cmake)
-- Found sensor_msgs: 2.0.5 (/opt/ros/foxy/share/sensor_msgs/cmake)
-- Found visualization_msgs: 2.0.5 (/opt/ros/foxy/share/visualization_msgs/cmake)
-- Found rclcpp: 2.4.3 (/opt/ros/foxy/share/rclcpp/cmake)
-- Found rmw_implementation_cmake: 1.0.4 (/opt/ros/foxy/share/rmw_implementation_cmake/cmake)
-- Using RMW implementation 'rmw_fastrtps_cpp' as default
-- Looking for pthread.h
-- Looking for pthread.h - found
-- Performing Test CMAKE_HAVE_LIBC_PTHREAD
-- Performing Test CMAKE_HAVE_LIBC_PTHREAD - Failed
-- Looking for pthread_create in pthreads
-- Looking for pthread_create in pthreads - not found
-- Looking for pthread_create in pthread
-- Looking for pthread_create in pthread - found
-- Found Threads: TRUE  
-- Found tf2: 0.13.14 (/opt/ros/foxy/share/tf2/cmake)
-- Found tf2_ros: 0.13.14 (/opt/ros/foxy/share/tf2_ros/cmake)
-- Found tf2_geometry_msgs: 0.13.14 (/opt/ros/foxy/share/tf2_geometry_msgs/cmake)
-- Found eigen3_cmake_module: 0.1.1 (/opt/ros/foxy/share/eigen3_cmake_module/cmake)
-- Found Eigen3: TRUE (found version "3.3.7") 
-- Found carla_msgs: 1.3.0 (/home/zhangwencheng/Documents/autonomous_driving/projects/carla-ros-bridge/install/carla_msgs/share/carla_msgs/cmake)
-- Found ament_lint_auto: 0.9.8 (/opt/ros/foxy/share/ament_lint_auto/cmake)
-- Added test 'copyright' to check source files copyright and LICENSE
-- Added test 'cppcheck' to perform static code analysis on C / C++ code
-- Configured cppcheck include dirs: $<BUILD_INTERFACE:/home/zhangwencheng/Documents/autonomous_driving/projects/carla-ros-bridge/src/ros-bridge/carla_shenlan_projects/carla_shenlan_lattice_planner/include>
-- Configured cppcheck exclude dirs and/or files: 
-- Added test 'cpplint' to check C / C++ code against the Google style
-- Configured cpplint exclude dirs and/or files: 
-- Added test 'flake8' to check Python code syntax and style conventions
-- Added test 'lint_cmake' to check CMake code style
-- Added test 'pep257' to check Python code against some of the style conventions in PEP 257
-- Added test 'uncrustify' to check C / C++ code style
-- Configured uncrustify additional arguments: 
-- Added test 'xmllint' to check XML markup files
-- Configuring done
-- Generating done
-- Build files have been written to: /home/zhangwencheng/Documents/autonomous_driving/projects/carla-ros-bridge/build/carla_shenlan_lattice_planner
[35m[1mScanning dependencies of target lattice_mpc_lateral_longitudinal[0m
[ 16%] [32mBuilding CXX object CMakeFiles/lattice_mpc_lateral_longitudinal.dir/src/lattice_mpc_lateral_longitudinal.cpp.o[0m
[ 33%] [32mBuilding CXX object CMakeFiles/lattice_mpc_lateral_longitudinal.dir/src/mpc_planner.cpp.o[0m
[ 50%] [32mBuilding CXX object CMakeFiles/lattice_mpc_lateral_longitudinal.dir/src/lattice_planner.cpp.o[0m
[ 66%] [32mBuilding CXX object CMakeFiles/lattice_mpc_lateral_longitudinal.dir/src/pid_controller.cpp.o[0m
[ 83%] [32mBuilding CXX object CMakeFiles/lattice_mpc_lateral_longitudinal.dir/src/reference_line.cpp.o[0m
In file included from [01m[K/home/zhangwencheng/Documents/autonomous_driving/projects/carla-ros-bridge/src/ros-bridge/carla_shenlan_projects/carla_shenlan_lattice_planner/include/carla_shenlan_lattice_planner/lattice_planner.h:17[m[K,
                 from [01m[K/home/zhangwencheng/Documents/autonomous_driving/projects/carla-ros-bridge/src/ros-bridge/carla_shenlan_projects/carla_shenlan_lattice_planner/src/lattice_planner.cpp:10[m[K:
[01m[K/home/zhangwencheng/Documents/autonomous_driving/projects/carla-ros-bridge/src/ros-bridge/carla_shenlan_projects/carla_shenlan_lattice_planner/include/carla_shenlan_lattice_planner/cubic_spline.hpp:23:2:[m[K [01;35m[Kwarning: [m[Kextra ‘[01m[K;[m[K’ [[01;35m[K-Wpedantic[m[K]
   23 | }[01;35m[K;[m[K
      |  [01;35m[K^[m[K
[01m[K/home/zhangwencheng/Documents/autonomous_driving/projects/carla-ros-bridge/src/ros-bridge/carla_shenlan_projects/carla_shenlan_lattice_planner/include/carla_shenlan_lattice_planner/cubic_spline.hpp:33:2:[m[K [01;35m[Kwarning: [m[Kextra ‘[01m[K;[m[K’ [[01;35m[K-Wpedantic[m[K]
   33 | }[01;35m[K;[m[K
      |  [01;35m[K^[m[K
[01m[K/home/zhangwencheng/Documents/autonomous_driving/projects/carla-ros-bridge/src/ros-bridge/carla_shenlan_projects/carla_shenlan_lattice_planner/src/lattice_planner.cpp:46:2:[m[K [01;35m[Kwarning: [m[Kextra ‘[01m[K;[m[K’ [[01;35m[K-Wpedantic[m[K]
   46 | }[01;35m[K;[m[K
      |  [01;35m[K^[m[K
[01m[K/home/zhangwencheng/Documents/autonomous_driving/projects/carla-ros-bridge/src/ros-bridge/carla_shenlan_projects/carla_shenlan_lattice_planner/src/lattice_planner.cpp:95:2:[m[K [01;35m[Kwarning: [m[Kextra ‘[01m[K;[m[K’ [[01;35m[K-Wpedantic[m[K]
   95 | }[01;35m[K;[m[K
      |  [01;35m[K^[m[K
[01m[K/home/zhangwencheng/Documents/autonomous_driving/projects/carla-ros-bridge/src/ros-bridge/carla_shenlan_projects/carla_shenlan_lattice_planner/src/lattice_planner.cpp:[m[K In member function ‘[01m[Kvoid FrenetOptimalTrajectory::calc_global_paths(Vec_Path&, Spline2D)[m[K’:
[01m[K/home/zhangwencheng/Documents/autonomous_driving/projects/carla-ros-bridge/src/ros-bridge/carla_shenlan_projects/carla_shenlan_lattice_planner/src/lattice_planner.cpp:106:27:[m[K [01;35m[Kwarning: [m[Kcomparison of integer expressions of different signedness: ‘[01m[Kint[m[K’ and ‘[01m[Kstd::vector<float>::size_type[m[K’ {aka ‘[01m[Klong unsigned int[m[K’} [[01;35m[K-Wsign-compare[m[K]
  106 |         for (int i = 0; [01;35m[Ki < _fpp->s.size()[m[K; i++) {
      |                         [01;35m[K~~^~~~~~~~~~~~~~~~[m[K
[01m[K/home/zhangwencheng/Documents/autonomous_driving/projects/carla-ros-bridge/src/ros-bridge/carla_shenlan_projects/carla_shenlan_lattice_planner/src/lattice_planner.cpp:121:27:[m[K [01;35m[Kwarning: [m[Kcomparison of integer expressions of different signedness: ‘[01m[Kint[m[K’ and ‘[01m[Kstd::vector<float>::size_type[m[K’ {aka ‘[01m[Klong unsigned int[m[K’} [[01;35m[K-Wsign-compare[m[K]
  121 |         for (int i = 0; [01;35m[Ki < _fpp->s.size() - 1[m[K; i++) {
      |                         [01;35m[K~~^~~~~~~~~~~~~~~~~~~~[m[K
[01m[K/home/zhangwencheng/Documents/autonomous_driving/projects/carla-ros-bridge/src/ros-bridge/carla_shenlan_projects/carla_shenlan_lattice_planner/src/lattice_planner.cpp:135:27:[m[K [01;35m[Kwarning: [m[Kcomparison of integer expressions of different signedness: ‘[01m[Kint[m[K’ and ‘[01m[Kstd::vector<float>::size_type[m[K’ {aka ‘[01m[Klong unsigned int[m[K’} [[01;35m[K-Wsign-compare[m[K]
  135 |         for (int i = 0; [01;35m[Ki < _fpp->s.size() - 1[m[K; i++) {
      |                         [01;35m[K~~^~~~~~~~~~~~~~~~~~~~[m[K
[01m[K/home/zhangwencheng/Documents/autonomous_driving/projects/carla-ros-bridge/src/ros-bridge/carla_shenlan_projects/carla_shenlan_lattice_planner/src/lattice_planner.cpp:[m[K At global scope:
[01m[K/home/zhangwencheng/Documents/autonomous_driving/projects/carla-ros-bridge/src/ros-bridge/carla_shenlan_projects/carla_shenlan_lattice_planner/src/lattice_planner.cpp:145:2:[m[K [01;35m[Kwarning: [m[Kextra ‘[01m[K;[m[K’ [[01;35m[K-Wpedantic[m[K]
  145 | }[01;35m[K;[m[K
      |  [01;35m[K^[m[K
[01m[K/home/zhangwencheng/Documents/autonomous_driving/projects/carla-ros-bridge/src/ros-bridge/carla_shenlan_projects/carla_shenlan_lattice_planner/src/lattice_planner.cpp:157:2:[m[K [01;35m[Kwarning: [m[Kextra ‘[01m[K;[m[K’ [[01;35m[K-Wpedantic[m[K]
  157 | }[01;35m[K;[m[K
      |  [01;35m[K^[m[K
[01m[K/home/zhangwencheng/Documents/autonomous_driving/projects/carla-ros-bridge/src/ros-bridge/carla_shenlan_projects/carla_shenlan_lattice_planner/src/lattice_planner.cpp:172:2:[m[K [01;35m[Kwarning: [m[Kextra ‘[01m[K;[m[K’ [[01;35m[K-Wpedantic[m[K]
  172 | }[01;35m[K;[m[K
      |  [01;35m[K^[m[K
[01m[K/home/zhangwencheng/Documents/autonomous_driving/projects/carla-ros-bridge/src/ros-bridge/carla_shenlan_projects/carla_shenlan_lattice_planner/src/lattice_planner.cpp:198:2:[m[K [01;35m[Kwarning: [m[Kextra ‘[01m[K;[m[K’ [[01;35m[K-Wpedantic[m[K]
  198 | }[01;35m[K;[m[K
      |  [01;35m[K^[m[K
In file included from [01m[K/home/zhangwencheng/Documents/autonomous_driving/projects/carla-ros-bridge/src/ros-bridge/carla_shenlan_projects/carla_shenlan_lattice_planner/include/carla_shenlan_lattice_planner/lattice_planner.h:17[m[K,
                 from [01m[K/home/zhangwencheng/Documents/autonomous_driving/projects/carla-ros-bridge/src/ros-bridge/carla_shenlan_projects/carla_shenlan_lattice_planner/include/carla_shenlan_lattice_planner/lattice_mpc_lateral_longitudinal.h:17[m[K,
                 from [01m[K/home/zhangwencheng/Documents/autonomous_driving/projects/carla-ros-bridge/src/ros-bridge/carla_shenlan_projects/carla_shenlan_lattice_planner/src/lattice_mpc_lateral_longitudinal.cpp:1[m[K:
[01m[K/home/zhangwencheng/Documents/autonomous_driving/projects/carla-ros-bridge/src/ros-bridge/carla_shenlan_projects/carla_shenlan_lattice_planner/include/carla_shenlan_lattice_planner/cubic_spline.hpp:23:2:[m[K [01;35m[Kwarning: [m[Kextra ‘[01m[K;[m[K’ [[01;35m[K-Wpedantic[m[K]
   23 | }[01;35m[K;[m[K
      |  [01;35m[K^[m[K
[01m[K/home/zhangwencheng/Documents/autonomous_driving/projects/carla-ros-bridge/src/ros-bridge/carla_shenlan_projects/carla_shenlan_lattice_planner/include/carla_shenlan_lattice_planner/cubic_spline.hpp:33:2:[m[K [01;35m[Kwarning: [m[Kextra ‘[01m[K;[m[K’ [[01;35m[K-Wpedantic[m[K]
   33 | }[01;35m[K;[m[K
      |  [01;35m[K^[m[K
In file included from [01m[K/home/zhangwencheng/Documents/autonomous_driving/projects/carla-ros-bridge/src/ros-bridge/carla_shenlan_projects/carla_shenlan_lattice_planner/include/carla_shenlan_lattice_planner/lattice_mpc_lateral_longitudinal.h:15[m[K,
                 from [01m[K/home/zhangwencheng/Documents/autonomous_driving/projects/carla-ros-bridge/src/ros-bridge/carla_shenlan_projects/carla_shenlan_lattice_planner/src/lattice_mpc_lateral_longitudinal.cpp:1[m[K:
[01m[K/home/zhangwencheng/Documents/autonomous_driving/projects/carla-ros-bridge/src/ros-bridge/carla_shenlan_projects/carla_shenlan_lattice_planner/include/carla_shenlan_lattice_planner/spline.h:399:8:[m[K [01;35m[Kwarning: [m[K‘[01m[Kdouble {anonymous}::tk::spline::deriv(int, double) const[m[K’ defined but not used [[01;35m[K-Wunused-function[m[K]
  399 | double [01;35m[Kspline[m[K::deriv(int order, double x) const
      |        [01;35m[K^~~~~~[m[K
[01m[K/home/zhangwencheng/Documents/autonomous_driving/projects/carla-ros-bridge/src/ros-bridge/carla_shenlan_projects/carla_shenlan_lattice_planner/include/carla_shenlan_lattice_planner/spline.h:376:8:[m[K [01;35m[Kwarning: [m[K‘[01m[Kdouble {anonymous}::tk::spline::operator()(double) const[m[K’ defined but not used [[01;35m[K-Wunused-function[m[K]
  376 | double [01;35m[Kspline[m[K::operator() (double x) const
      |        [01;35m[K^~~~~~[m[K
[01m[K/home/zhangwencheng/Documents/autonomous_driving/projects/carla-ros-bridge/src/ros-bridge/carla_shenlan_projects/carla_shenlan_lattice_planner/include/carla_shenlan_lattice_planner/spline.h:285:6:[m[K [01;35m[Kwarning: [m[K‘[01m[Kvoid {anonymous}::tk::spline::set_points(const std::vector<double, std::allocator<double> >&, const std::vector<double, std::allocator<double> >&, bool)[m[K’ defined but not used [[01;35m[K-Wunused-function[m[K]
  285 | void [01;35m[Kspline[m[K::set_points(const std::vector<double>& x,
      |      [01;35m[K^~~~~~[m[K
[01m[K/home/zhangwencheng/Documents/autonomous_driving/projects/carla-ros-bridge/src/ros-bridge/carla_shenlan_projects/carla_shenlan_lattice_planner/include/carla_shenlan_lattice_planner/spline.h:272:6:[m[K [01;35m[Kwarning: [m[K‘[01m[Kvoid {anonymous}::tk::spline::set_boundary({anonymous}::tk::spline::bd_type, double, {anonymous}::tk::spline::bd_type, double, bool)[m[K’ defined but not used [[01;35m[K-Wunused-function[m[K]
  272 | void [01;35m[Kspline[m[K::set_boundary(spline::bd_type left, double left_value,
      |      [01;35m[K^~~~~~[m[K
[100%] [32m[1mLinking CXX executable lattice_mpc_lateral_longitudinal[0m
[100%] Built target lattice_mpc_lateral_longitudinal
-- Install configuration: ""
-- Installing: /home/zhangwencheng/Documents/autonomous_driving/projects/carla-ros-bridge/install/carla_shenlan_lattice_planner/lib/carla_shenlan_lattice_planner/lattice_mpc_lateral_longitudinal
-- Set runtime path of "/home/zhangwencheng/Documents/autonomous_driving/projects/carla-ros-bridge/install/carla_shenlan_lattice_planner/lib/carla_shenlan_lattice_planner/lattice_mpc_lateral_longitudinal" to ""
-- Installing: /home/zhangwencheng/Documents/autonomous_driving/projects/carla-ros-bridge/install/carla_shenlan_lattice_planner/share/carla_shenlan_lattice_planner//launch
-- Installing: /home/zhangwencheng/Documents/autonomous_driving/projects/carla-ros-bridge/install/carla_shenlan_lattice_planner/share/carla_shenlan_lattice_planner//launch/lattice_launch.py
-- Installing: /home/zhangwencheng/Documents/autonomous_driving/projects/carla-ros-bridge/install/carla_shenlan_lattice_planner/share/carla_shenlan_lattice_planner//config
-- Installing: /home/zhangwencheng/Documents/autonomous_driving/projects/carla-ros-bridge/install/carla_shenlan_lattice_planner/share/carla_shenlan_lattice_planner//config/lattice_parameters_configuration.yaml
-- Installing: /home/zhangwencheng/Documents/autonomous_driving/projects/carla-ros-bridge/install/carla_shenlan_lattice_planner/share/carla_shenlan_lattice_planner//rviz
-- Installing: /home/zhangwencheng/Documents/autonomous_driving/projects/carla-ros-bridge/install/carla_shenlan_lattice_planner/share/carla_shenlan_lattice_planner//rviz/lattice_vis.rviz
-- Installing: /home/zhangwencheng/Documents/autonomous_driving/projects/carla-ros-bridge/install/carla_shenlan_lattice_planner/share/ament_index/resource_index/package_run_dependencies/carla_shenlan_lattice_planner
-- Installing: /home/zhangwencheng/Documents/autonomous_driving/projects/carla-ros-bridge/install/carla_shenlan_lattice_planner/share/ament_index/resource_index/parent_prefix_path/carla_shenlan_lattice_planner
-- Installing: /home/zhangwencheng/Documents/autonomous_driving/projects/carla-ros-bridge/install/carla_shenlan_lattice_planner/share/carla_shenlan_lattice_planner/environment/ament_prefix_path.sh
-- Installing: /home/zhangwencheng/Documents/autonomous_driving/projects/carla-ros-bridge/install/carla_shenlan_lattice_planner/share/carla_shenlan_lattice_planner/environment/ament_prefix_path.dsv
-- Installing: /home/zhangwencheng/Documents/autonomous_driving/projects/carla-ros-bridge/install/carla_shenlan_lattice_planner/share/carla_shenlan_lattice_planner/environment/path.sh
-- Installing: /home/zhangwencheng/Documents/autonomous_driving/projects/carla-ros-bridge/install/carla_shenlan_lattice_planner/share/carla_shenlan_lattice_planner/environment/path.dsv
-- Installing: /home/zhangwencheng/Documents/autonomous_driving/projects/carla-ros-bridge/install/carla_shenlan_lattice_planner/share/carla_shenlan_lattice_planner/local_setup.bash
-- Installing: /home/zhangwencheng/Documents/autonomous_driving/projects/carla-ros-bridge/install/carla_shenlan_lattice_planner/share/carla_shenlan_lattice_planner/local_setup.sh
-- Installing: /home/zhangwencheng/Documents/autonomous_driving/projects/carla-ros-bridge/install/carla_shenlan_lattice_planner/share/carla_shenlan_lattice_planner/local_setup.zsh
-- Installing: /home/zhangwencheng/Documents/autonomous_driving/projects/carla-ros-bridge/install/carla_shenlan_lattice_planner/share/carla_shenlan_lattice_planner/local_setup.dsv
-- Installing: /home/zhangwencheng/Documents/autonomous_driving/projects/carla-ros-bridge/install/carla_shenlan_lattice_planner/share/carla_shenlan_lattice_planner/package.dsv
-- Installing: /home/zhangwencheng/Documents/autonomous_driving/projects/carla-ros-bridge/install/carla_shenlan_lattice_planner/share/ament_index/resource_index/packages/carla_shenlan_lattice_planner
-- Installing: /home/zhangwencheng/Documents/autonomous_driving/projects/carla-ros-bridge/install/carla_shenlan_lattice_planner/share/carla_shenlan_lattice_planner/cmake/carla_shenlan_lattice_plannerConfig.cmake
-- Installing: /home/zhangwencheng/Documents/autonomous_driving/projects/carla-ros-bridge/install/carla_shenlan_lattice_planner/share/carla_shenlan_lattice_planner/cmake/carla_shenlan_lattice_plannerConfig-version.cmake
-- Installing: /home/zhangwencheng/Documents/autonomous_driving/projects/carla-ros-bridge/install/carla_shenlan_lattice_planner/share/carla_shenlan_lattice_planner/package.xml
