[1.053s] Invoking command in '/home/zhangwencheng/Documents/autonomous_driving/projects/carla-ros-bridge/build/carla_shenlan_lattice_planner': AMENT_PREFIX_PATH=/home/zhangwencheng/Documents/autonomous_driving/projects/carla-ros-bridge/install/carla_msgs:${AMENT_PREFIX_PATH} CMAKE_PREFIX_PATH=/home/zhangwencheng/Documents/autonomous_driving/projects/carla-ros-bridge/install/carla_msgs:/opt/ros/foxy CONDA_PROMPT_MODIFIER=(base) LD_LIBRARY_PATH=/home/zhangwencheng/Documents/autonomous_driving/projects/carla-ros-bridge/install/carla_msgs/lib:${LD_LIBRARY_PATH} PYTHONPATH=/home/zhangwencheng/Documents/autonomous_driving/projects/carla-ros-bridge/install/carla_msgs/lib/python3.8/site-packages:${PYTHONPATH} /usr/bin/cmake /home/zhangwencheng/Documents/autonomous_driving/projects/carla-ros-bridge/src/ros-bridge/carla_shenlan_projects/carla_shenlan_lattice_planner -DCMAKE_INSTALL_PREFIX=/home/zhangwencheng/Documents/autonomous_driving/projects/carla-ros-bridge/install/carla_shenlan_lattice_planner
[1.116s] -- The C compiler identification is GNU 9.4.0
[1.202s] -- The CXX compiler identification is GNU 9.4.0
[1.208s] -- Check for working C compiler: /usr/bin/cc
[1.336s] -- Check for working C compiler: /usr/bin/cc -- works
[1.337s] -- Detecting C compiler ABI info
[1.537s] -- Detecting C compiler ABI info - done
[1.576s] -- Detecting C compile features
[1.576s] -- Detecting C compile features - done
[1.579s] -- Check for working CXX compiler: /usr/bin/c++
[1.784s] -- Check for working CXX compiler: /usr/bin/c++ -- works
[1.788s] -- Detecting CXX compiler ABI info
[1.969s] -- Detecting CXX compiler ABI info - done
[1.983s] -- Detecting CXX compile features
[1.986s] -- Detecting CXX compile features - done
[1.989s] -- Found ament_cmake: 0.9.12 (/opt/ros/foxy/share/ament_cmake/cmake)
[2.035s] -- Found PythonInterp: /home/zhangwencheng/miniconda3/bin/python3 (found suitable version "3.8.17", minimum required is "3") 
[2.035s] -- Using PYTHON_EXECUTABLE: /home/zhangwencheng/miniconda3/bin/python3
[2.297s] -- Found std_msgs: 2.0.5 (/opt/ros/foxy/share/std_msgs/cmake)
[2.336s] -- Using all available rosidl_typesupport_c: rosidl_typesupport_fastrtps_c;rosidl_typesupport_introspection_c
[2.346s] -- Found rosidl_adapter: 1.3.1 (/opt/ros/foxy/share/rosidl_adapter/cmake)
[2.467s] -- Found OpenSSL: /usr/lib/x86_64-linux-gnu/libcrypto.so (found version "1.1.1f")  
[2.518s] -- Found FastRTPS: /opt/ros/foxy/include  
[2.606s] -- Using all available rosidl_typesupport_cpp: rosidl_typesupport_fastrtps_cpp;rosidl_typesupport_introspection_cpp
[2.660s] -- Found nav_msgs: 2.0.5 (/opt/ros/foxy/share/nav_msgs/cmake)
[2.844s] -- Found sensor_msgs: 2.0.5 (/opt/ros/foxy/share/sensor_msgs/cmake)
[2.971s] -- Found visualization_msgs: 2.0.5 (/opt/ros/foxy/share/visualization_msgs/cmake)
[3.100s] -- Found rclcpp: 2.4.3 (/opt/ros/foxy/share/rclcpp/cmake)
[3.159s] -- Found rmw_implementation_cmake: 1.0.4 (/opt/ros/foxy/share/rmw_implementation_cmake/cmake)
[3.160s] -- Using RMW implementation 'rmw_fastrtps_cpp' as default
[3.162s] -- Looking for pthread.h
[3.315s] -- Looking for pthread.h - found
[3.315s] -- Performing Test CMAKE_HAVE_LIBC_PTHREAD
[3.451s] -- Performing Test CMAKE_HAVE_LIBC_PTHREAD - Failed
[3.451s] -- Looking for pthread_create in pthreads
[3.697s] -- Looking for pthread_create in pthreads - not found
[3.697s] -- Looking for pthread_create in pthread
[3.937s] -- Looking for pthread_create in pthread - found
[3.937s] -- Found Threads: TRUE  
[4.177s] -- Found tf2: 0.13.14 (/opt/ros/foxy/share/tf2/cmake)
[4.195s] -- Found tf2_ros: 0.13.14 (/opt/ros/foxy/share/tf2_ros/cmake)
[5.160s] -- Found tf2_geometry_msgs: 0.13.14 (/opt/ros/foxy/share/tf2_geometry_msgs/cmake)
[5.184s] -- Found eigen3_cmake_module: 0.1.1 (/opt/ros/foxy/share/eigen3_cmake_module/cmake)
[5.188s] -- Found Eigen3: TRUE (found version "3.3.7") 
[5.233s] -- Found carla_msgs: 1.3.0 (/home/zhangwencheng/Documents/autonomous_driving/projects/carla-ros-bridge/install/carla_msgs/share/carla_msgs/cmake)
[5.517s] -- Found ament_lint_auto: 0.9.8 (/opt/ros/foxy/share/ament_lint_auto/cmake)
[5.641s] -- Added test 'copyright' to check source files copyright and LICENSE
[5.643s] -- Added test 'cppcheck' to perform static code analysis on C / C++ code
[5.644s] -- Configured cppcheck include dirs: $<BUILD_INTERFACE:/home/zhangwencheng/Documents/autonomous_driving/projects/carla-ros-bridge/src/ros-bridge/carla_shenlan_projects/carla_shenlan_lattice_planner/include>
[5.644s] -- Configured cppcheck exclude dirs and/or files: 
[5.650s] -- Added test 'cpplint' to check C / C++ code against the Google style
[5.650s] -- Configured cpplint exclude dirs and/or files: 
[5.650s] -- Added test 'flake8' to check Python code syntax and style conventions
[5.651s] -- Added test 'lint_cmake' to check CMake code style
[5.652s] -- Added test 'pep257' to check Python code against some of the style conventions in PEP 257
[5.658s] -- Added test 'uncrustify' to check C / C++ code style
[5.658s] -- Configured uncrustify additional arguments: 
[5.659s] -- Added test 'xmllint' to check XML markup files
[5.665s] -- Configuring done
[5.714s] -- Generating done
[5.716s] -- Build files have been written to: /home/zhangwencheng/Documents/autonomous_driving/projects/carla-ros-bridge/build/carla_shenlan_lattice_planner
[5.738s] Invoked command in '/home/zhangwencheng/Documents/autonomous_driving/projects/carla-ros-bridge/build/carla_shenlan_lattice_planner' returned '0': AMENT_PREFIX_PATH=/home/zhangwencheng/Documents/autonomous_driving/projects/carla-ros-bridge/install/carla_msgs:${AMENT_PREFIX_PATH} CMAKE_PREFIX_PATH=/home/zhangwencheng/Documents/autonomous_driving/projects/carla-ros-bridge/install/carla_msgs:/opt/ros/foxy CONDA_PROMPT_MODIFIER=(base) LD_LIBRARY_PATH=/home/zhangwencheng/Documents/autonomous_driving/projects/carla-ros-bridge/install/carla_msgs/lib:${LD_LIBRARY_PATH} PYTHONPATH=/home/zhangwencheng/Documents/autonomous_driving/projects/carla-ros-bridge/install/carla_msgs/lib/python3.8/site-packages:${PYTHONPATH} /usr/bin/cmake /home/zhangwencheng/Documents/autonomous_driving/projects/carla-ros-bridge/src/ros-bridge/carla_shenlan_projects/carla_shenlan_lattice_planner -DCMAKE_INSTALL_PREFIX=/home/zhangwencheng/Documents/autonomous_driving/projects/carla-ros-bridge/install/carla_shenlan_lattice_planner
[5.742s] Invoking command in '/home/zhangwencheng/Documents/autonomous_driving/projects/carla-ros-bridge/build/carla_shenlan_lattice_planner': AMENT_PREFIX_PATH=/home/zhangwencheng/Documents/autonomous_driving/projects/carla-ros-bridge/install/carla_msgs:${AMENT_PREFIX_PATH} CMAKE_PREFIX_PATH=/home/zhangwencheng/Documents/autonomous_driving/projects/carla-ros-bridge/install/carla_msgs:/opt/ros/foxy CONDA_PROMPT_MODIFIER=(base) LD_LIBRARY_PATH=/home/zhangwencheng/Documents/autonomous_driving/projects/carla-ros-bridge/install/carla_msgs/lib:${LD_LIBRARY_PATH} PYTHONPATH=/home/zhangwencheng/Documents/autonomous_driving/projects/carla-ros-bridge/install/carla_msgs/lib/python3.8/site-packages:${PYTHONPATH} /usr/bin/cmake --build /home/zhangwencheng/Documents/autonomous_driving/projects/carla-ros-bridge/build/carla_shenlan_lattice_planner -- -j12 -l12
[6.850s] [35m[1mScanning dependencies of target lattice_mpc_lateral_longitudinal[0m
[6.850s] [ 16%] [32mBuilding CXX object CMakeFiles/lattice_mpc_lateral_longitudinal.dir/src/lattice_mpc_lateral_longitudinal.cpp.o[0m
[6.850s] [ 33%] [32mBuilding CXX object CMakeFiles/lattice_mpc_lateral_longitudinal.dir/src/mpc_planner.cpp.o[0m
[6.850s] [ 50%] [32mBuilding CXX object CMakeFiles/lattice_mpc_lateral_longitudinal.dir/src/lattice_planner.cpp.o[0m
[6.850s] [ 66%] [32mBuilding CXX object CMakeFiles/lattice_mpc_lateral_longitudinal.dir/src/pid_controller.cpp.o[0m
[6.850s] [ 83%] [32mBuilding CXX object CMakeFiles/lattice_mpc_lateral_longitudinal.dir/src/reference_line.cpp.o[0m
[11.167s] In file included from [01m[K/home/zhangwencheng/Documents/autonomous_driving/projects/carla-ros-bridge/src/ros-bridge/carla_shenlan_projects/carla_shenlan_lattice_planner/include/carla_shenlan_lattice_planner/lattice_planner.h:17[m[K,
[11.167s]                  from [01m[K/home/zhangwencheng/Documents/autonomous_driving/projects/carla-ros-bridge/src/ros-bridge/carla_shenlan_projects/carla_shenlan_lattice_planner/src/lattice_planner.cpp:10[m[K:
[11.167s] [01m[K/home/zhangwencheng/Documents/autonomous_driving/projects/carla-ros-bridge/src/ros-bridge/carla_shenlan_projects/carla_shenlan_lattice_planner/include/carla_shenlan_lattice_planner/cubic_spline.hpp:23:2:[m[K [01;35m[Kwarning: [m[Kextra ‘[01m[K;[m[K’ [[01;35m[K-Wpedantic[m[K]
[11.167s]    23 | }[01;35m[K;[m[K
[11.167s]       |  [01;35m[K^[m[K
[11.168s] [01m[K/home/zhangwencheng/Documents/autonomous_driving/projects/carla-ros-bridge/src/ros-bridge/carla_shenlan_projects/carla_shenlan_lattice_planner/include/carla_shenlan_lattice_planner/cubic_spline.hpp:33:2:[m[K [01;35m[Kwarning: [m[Kextra ‘[01m[K;[m[K’ [[01;35m[K-Wpedantic[m[K]
[11.168s]    33 | }[01;35m[K;[m[K
[11.168s]       |  [01;35m[K^[m[K
[11.911s] [01m[K/home/zhangwencheng/Documents/autonomous_driving/projects/carla-ros-bridge/src/ros-bridge/carla_shenlan_projects/carla_shenlan_lattice_planner/src/lattice_planner.cpp:46:2:[m[K [01;35m[Kwarning: [m[Kextra ‘[01m[K;[m[K’ [[01;35m[K-Wpedantic[m[K]
[11.911s]    46 | }[01;35m[K;[m[K
[11.911s]       |  [01;35m[K^[m[K
[11.917s] [01m[K/home/zhangwencheng/Documents/autonomous_driving/projects/carla-ros-bridge/src/ros-bridge/carla_shenlan_projects/carla_shenlan_lattice_planner/src/lattice_planner.cpp:95:2:[m[K [01;35m[Kwarning: [m[Kextra ‘[01m[K;[m[K’ [[01;35m[K-Wpedantic[m[K]
[11.917s]    95 | }[01;35m[K;[m[K
[11.917s]       |  [01;35m[K^[m[K
[11.917s] [01m[K/home/zhangwencheng/Documents/autonomous_driving/projects/carla-ros-bridge/src/ros-bridge/carla_shenlan_projects/carla_shenlan_lattice_planner/src/lattice_planner.cpp:[m[K In member function ‘[01m[Kvoid FrenetOptimalTrajectory::calc_global_paths(Vec_Path&, Spline2D)[m[K’:
[11.917s] [01m[K/home/zhangwencheng/Documents/autonomous_driving/projects/carla-ros-bridge/src/ros-bridge/carla_shenlan_projects/carla_shenlan_lattice_planner/src/lattice_planner.cpp:106:27:[m[K [01;35m[Kwarning: [m[Kcomparison of integer expressions of different signedness: ‘[01m[Kint[m[K’ and ‘[01m[Kstd::vector<float>::size_type[m[K’ {aka ‘[01m[Klong unsigned int[m[K’} [[01;35m[K-Wsign-compare[m[K]
[11.917s]   106 |         for (int i = 0; [01;35m[Ki < _fpp->s.size()[m[K; i++) {
[11.918s]       |                         [01;35m[K~~^~~~~~~~~~~~~~~~[m[K
[11.918s] [01m[K/home/zhangwencheng/Documents/autonomous_driving/projects/carla-ros-bridge/src/ros-bridge/carla_shenlan_projects/carla_shenlan_lattice_planner/src/lattice_planner.cpp:121:27:[m[K [01;35m[Kwarning: [m[Kcomparison of integer expressions of different signedness: ‘[01m[Kint[m[K’ and ‘[01m[Kstd::vector<float>::size_type[m[K’ {aka ‘[01m[Klong unsigned int[m[K’} [[01;35m[K-Wsign-compare[m[K]
[11.918s]   121 |         for (int i = 0; [01;35m[Ki < _fpp->s.size() - 1[m[K; i++) {
[11.918s]       |                         [01;35m[K~~^~~~~~~~~~~~~~~~~~~~[m[K
[11.918s] [01m[K/home/zhangwencheng/Documents/autonomous_driving/projects/carla-ros-bridge/src/ros-bridge/carla_shenlan_projects/carla_shenlan_lattice_planner/src/lattice_planner.cpp:135:27:[m[K [01;35m[Kwarning: [m[Kcomparison of integer expressions of different signedness: ‘[01m[Kint[m[K’ and ‘[01m[Kstd::vector<float>::size_type[m[K’ {aka ‘[01m[Klong unsigned int[m[K’} [[01;35m[K-Wsign-compare[m[K]
[11.918s]   135 |         for (int i = 0; [01;35m[Ki < _fpp->s.size() - 1[m[K; i++) {
[11.919s]       |                         [01;35m[K~~^~~~~~~~~~~~~~~~~~~~[m[K
[11.919s] [01m[K/home/zhangwencheng/Documents/autonomous_driving/projects/carla-ros-bridge/src/ros-bridge/carla_shenlan_projects/carla_shenlan_lattice_planner/src/lattice_planner.cpp:[m[K At global scope:
[11.919s] [01m[K/home/zhangwencheng/Documents/autonomous_driving/projects/carla-ros-bridge/src/ros-bridge/carla_shenlan_projects/carla_shenlan_lattice_planner/src/lattice_planner.cpp:145:2:[m[K [01;35m[Kwarning: [m[Kextra ‘[01m[K;[m[K’ [[01;35m[K-Wpedantic[m[K]
[11.920s]   145 | }[01;35m[K;[m[K
[11.920s]       |  [01;35m[K^[m[K
[11.923s] [01m[K/home/zhangwencheng/Documents/autonomous_driving/projects/carla-ros-bridge/src/ros-bridge/carla_shenlan_projects/carla_shenlan_lattice_planner/src/lattice_planner.cpp:157:2:[m[K [01;35m[Kwarning: [m[Kextra ‘[01m[K;[m[K’ [[01;35m[K-Wpedantic[m[K]
[11.924s]   157 | }[01;35m[K;[m[K
[11.924s]       |  [01;35m[K^[m[K
[11.924s] [01m[K/home/zhangwencheng/Documents/autonomous_driving/projects/carla-ros-bridge/src/ros-bridge/carla_shenlan_projects/carla_shenlan_lattice_planner/src/lattice_planner.cpp:172:2:[m[K [01;35m[Kwarning: [m[Kextra ‘[01m[K;[m[K’ [[01;35m[K-Wpedantic[m[K]
[11.924s]   172 | }[01;35m[K;[m[K
[11.924s]       |  [01;35m[K^[m[K
[11.926s] [01m[K/home/zhangwencheng/Documents/autonomous_driving/projects/carla-ros-bridge/src/ros-bridge/carla_shenlan_projects/carla_shenlan_lattice_planner/src/lattice_planner.cpp:198:2:[m[K [01;35m[Kwarning: [m[Kextra ‘[01m[K;[m[K’ [[01;35m[K-Wpedantic[m[K]
[11.927s]   198 | }[01;35m[K;[m[K
[11.927s]       |  [01;35m[K^[m[K
[16.681s] In file included from [01m[K/home/zhangwencheng/Documents/autonomous_driving/projects/carla-ros-bridge/src/ros-bridge/carla_shenlan_projects/carla_shenlan_lattice_planner/include/carla_shenlan_lattice_planner/lattice_planner.h:17[m[K,
[16.681s]                  from [01m[K/home/zhangwencheng/Documents/autonomous_driving/projects/carla-ros-bridge/src/ros-bridge/carla_shenlan_projects/carla_shenlan_lattice_planner/include/carla_shenlan_lattice_planner/lattice_mpc_lateral_longitudinal.h:17[m[K,
[16.681s]                  from [01m[K/home/zhangwencheng/Documents/autonomous_driving/projects/carla-ros-bridge/src/ros-bridge/carla_shenlan_projects/carla_shenlan_lattice_planner/src/lattice_mpc_lateral_longitudinal.cpp:1[m[K:
[16.681s] [01m[K/home/zhangwencheng/Documents/autonomous_driving/projects/carla-ros-bridge/src/ros-bridge/carla_shenlan_projects/carla_shenlan_lattice_planner/include/carla_shenlan_lattice_planner/cubic_spline.hpp:23:2:[m[K [01;35m[Kwarning: [m[Kextra ‘[01m[K;[m[K’ [[01;35m[K-Wpedantic[m[K]
[16.682s]    23 | }[01;35m[K;[m[K
[16.682s]       |  [01;35m[K^[m[K
[16.682s] [01m[K/home/zhangwencheng/Documents/autonomous_driving/projects/carla-ros-bridge/src/ros-bridge/carla_shenlan_projects/carla_shenlan_lattice_planner/include/carla_shenlan_lattice_planner/cubic_spline.hpp:33:2:[m[K [01;35m[Kwarning: [m[Kextra ‘[01m[K;[m[K’ [[01;35m[K-Wpedantic[m[K]
[16.682s]    33 | }[01;35m[K;[m[K
[16.682s]       |  [01;35m[K^[m[K
[41.058s] In file included from [01m[K/home/zhangwencheng/Documents/autonomous_driving/projects/carla-ros-bridge/src/ros-bridge/carla_shenlan_projects/carla_shenlan_lattice_planner/include/carla_shenlan_lattice_planner/lattice_mpc_lateral_longitudinal.h:15[m[K,
[41.059s]                  from [01m[K/home/zhangwencheng/Documents/autonomous_driving/projects/carla-ros-bridge/src/ros-bridge/carla_shenlan_projects/carla_shenlan_lattice_planner/src/lattice_mpc_lateral_longitudinal.cpp:1[m[K:
[41.059s] [01m[K/home/zhangwencheng/Documents/autonomous_driving/projects/carla-ros-bridge/src/ros-bridge/carla_shenlan_projects/carla_shenlan_lattice_planner/include/carla_shenlan_lattice_planner/spline.h:399:8:[m[K [01;35m[Kwarning: [m[K‘[01m[Kdouble {anonymous}::tk::spline::deriv(int, double) const[m[K’ defined but not used [[01;35m[K-Wunused-function[m[K]
[41.059s]   399 | double [01;35m[Kspline[m[K::deriv(int order, double x) const
[41.059s]       |        [01;35m[K^~~~~~[m[K
[41.059s] [01m[K/home/zhangwencheng/Documents/autonomous_driving/projects/carla-ros-bridge/src/ros-bridge/carla_shenlan_projects/carla_shenlan_lattice_planner/include/carla_shenlan_lattice_planner/spline.h:376:8:[m[K [01;35m[Kwarning: [m[K‘[01m[Kdouble {anonymous}::tk::spline::operator()(double) const[m[K’ defined but not used [[01;35m[K-Wunused-function[m[K]
[41.059s]   376 | double [01;35m[Kspline[m[K::operator() (double x) const
[41.059s]       |        [01;35m[K^~~~~~[m[K
[41.059s] [01m[K/home/zhangwencheng/Documents/autonomous_driving/projects/carla-ros-bridge/src/ros-bridge/carla_shenlan_projects/carla_shenlan_lattice_planner/include/carla_shenlan_lattice_planner/spline.h:285:6:[m[K [01;35m[Kwarning: [m[K‘[01m[Kvoid {anonymous}::tk::spline::set_points(const std::vector<double, std::allocator<double> >&, const std::vector<double, std::allocator<double> >&, bool)[m[K’ defined but not used [[01;35m[K-Wunused-function[m[K]
[41.059s]   285 | void [01;35m[Kspline[m[K::set_points(const std::vector<double>& x,
[41.059s]       |      [01;35m[K^~~~~~[m[K
[41.059s] [01m[K/home/zhangwencheng/Documents/autonomous_driving/projects/carla-ros-bridge/src/ros-bridge/carla_shenlan_projects/carla_shenlan_lattice_planner/include/carla_shenlan_lattice_planner/spline.h:272:6:[m[K [01;35m[Kwarning: [m[K‘[01m[Kvoid {anonymous}::tk::spline::set_boundary({anonymous}::tk::spline::bd_type, double, {anonymous}::tk::spline::bd_type, double, bool)[m[K’ defined but not used [[01;35m[K-Wunused-function[m[K]
[41.059s]   272 | void [01;35m[Kspline[m[K::set_boundary(spline::bd_type left, double left_value,
[41.059s]       |      [01;35m[K^~~~~~[m[K
[49.892s] [100%] [32m[1mLinking CXX executable lattice_mpc_lateral_longitudinal[0m
[51.177s] [100%] Built target lattice_mpc_lateral_longitudinal
[51.186s] Invoked command in '/home/zhangwencheng/Documents/autonomous_driving/projects/carla-ros-bridge/build/carla_shenlan_lattice_planner' returned '0': AMENT_PREFIX_PATH=/home/zhangwencheng/Documents/autonomous_driving/projects/carla-ros-bridge/install/carla_msgs:${AMENT_PREFIX_PATH} CMAKE_PREFIX_PATH=/home/zhangwencheng/Documents/autonomous_driving/projects/carla-ros-bridge/install/carla_msgs:/opt/ros/foxy CONDA_PROMPT_MODIFIER=(base) LD_LIBRARY_PATH=/home/zhangwencheng/Documents/autonomous_driving/projects/carla-ros-bridge/install/carla_msgs/lib:${LD_LIBRARY_PATH} PYTHONPATH=/home/zhangwencheng/Documents/autonomous_driving/projects/carla-ros-bridge/install/carla_msgs/lib/python3.8/site-packages:${PYTHONPATH} /usr/bin/cmake --build /home/zhangwencheng/Documents/autonomous_driving/projects/carla-ros-bridge/build/carla_shenlan_lattice_planner -- -j12 -l12
[51.211s] Invoking command in '/home/zhangwencheng/Documents/autonomous_driving/projects/carla-ros-bridge/build/carla_shenlan_lattice_planner': AMENT_PREFIX_PATH=/home/zhangwencheng/Documents/autonomous_driving/projects/carla-ros-bridge/install/carla_msgs:${AMENT_PREFIX_PATH} CMAKE_PREFIX_PATH=/home/zhangwencheng/Documents/autonomous_driving/projects/carla-ros-bridge/install/carla_msgs:/opt/ros/foxy CONDA_PROMPT_MODIFIER=(base) LD_LIBRARY_PATH=/home/zhangwencheng/Documents/autonomous_driving/projects/carla-ros-bridge/install/carla_msgs/lib:${LD_LIBRARY_PATH} PYTHONPATH=/home/zhangwencheng/Documents/autonomous_driving/projects/carla-ros-bridge/install/carla_msgs/lib/python3.8/site-packages:${PYTHONPATH} /usr/bin/cmake --install /home/zhangwencheng/Documents/autonomous_driving/projects/carla-ros-bridge/build/carla_shenlan_lattice_planner
[51.218s] -- Install configuration: ""
[51.218s] -- Installing: /home/zhangwencheng/Documents/autonomous_driving/projects/carla-ros-bridge/install/carla_shenlan_lattice_planner/lib/carla_shenlan_lattice_planner/lattice_mpc_lateral_longitudinal
[51.225s] -- Set runtime path of "/home/zhangwencheng/Documents/autonomous_driving/projects/carla-ros-bridge/install/carla_shenlan_lattice_planner/lib/carla_shenlan_lattice_planner/lattice_mpc_lateral_longitudinal" to ""
[51.225s] -- Installing: /home/zhangwencheng/Documents/autonomous_driving/projects/carla-ros-bridge/install/carla_shenlan_lattice_planner/share/carla_shenlan_lattice_planner//launch
[51.225s] -- Installing: /home/zhangwencheng/Documents/autonomous_driving/projects/carla-ros-bridge/install/carla_shenlan_lattice_planner/share/carla_shenlan_lattice_planner//launch/lattice_launch.py
[51.225s] -- Installing: /home/zhangwencheng/Documents/autonomous_driving/projects/carla-ros-bridge/install/carla_shenlan_lattice_planner/share/carla_shenlan_lattice_planner//config
[51.225s] -- Installing: /home/zhangwencheng/Documents/autonomous_driving/projects/carla-ros-bridge/install/carla_shenlan_lattice_planner/share/carla_shenlan_lattice_planner//config/lattice_parameters_configuration.yaml
[51.225s] -- Installing: /home/zhangwencheng/Documents/autonomous_driving/projects/carla-ros-bridge/install/carla_shenlan_lattice_planner/share/carla_shenlan_lattice_planner//rviz
[51.225s] -- Installing: /home/zhangwencheng/Documents/autonomous_driving/projects/carla-ros-bridge/install/carla_shenlan_lattice_planner/share/carla_shenlan_lattice_planner//rviz/lattice_vis.rviz
[51.225s] -- Installing: /home/zhangwencheng/Documents/autonomous_driving/projects/carla-ros-bridge/install/carla_shenlan_lattice_planner/share/ament_index/resource_index/package_run_dependencies/carla_shenlan_lattice_planner
[51.225s] -- Installing: /home/zhangwencheng/Documents/autonomous_driving/projects/carla-ros-bridge/install/carla_shenlan_lattice_planner/share/ament_index/resource_index/parent_prefix_path/carla_shenlan_lattice_planner
[51.226s] -- Installing: /home/zhangwencheng/Documents/autonomous_driving/projects/carla-ros-bridge/install/carla_shenlan_lattice_planner/share/carla_shenlan_lattice_planner/environment/ament_prefix_path.sh
[51.226s] -- Installing: /home/zhangwencheng/Documents/autonomous_driving/projects/carla-ros-bridge/install/carla_shenlan_lattice_planner/share/carla_shenlan_lattice_planner/environment/ament_prefix_path.dsv
[51.226s] -- Installing: /home/zhangwencheng/Documents/autonomous_driving/projects/carla-ros-bridge/install/carla_shenlan_lattice_planner/share/carla_shenlan_lattice_planner/environment/path.sh
[51.226s] -- Installing: /home/zhangwencheng/Documents/autonomous_driving/projects/carla-ros-bridge/install/carla_shenlan_lattice_planner/share/carla_shenlan_lattice_planner/environment/path.dsv
[51.226s] -- Installing: /home/zhangwencheng/Documents/autonomous_driving/projects/carla-ros-bridge/install/carla_shenlan_lattice_planner/share/carla_shenlan_lattice_planner/local_setup.bash
[51.226s] -- Installing: /home/zhangwencheng/Documents/autonomous_driving/projects/carla-ros-bridge/install/carla_shenlan_lattice_planner/share/carla_shenlan_lattice_planner/local_setup.sh
[51.227s] -- Installing: /home/zhangwencheng/Documents/autonomous_driving/projects/carla-ros-bridge/install/carla_shenlan_lattice_planner/share/carla_shenlan_lattice_planner/local_setup.zsh
[51.227s] -- Installing: /home/zhangwencheng/Documents/autonomous_driving/projects/carla-ros-bridge/install/carla_shenlan_lattice_planner/share/carla_shenlan_lattice_planner/local_setup.dsv
[51.227s] -- Installing: /home/zhangwencheng/Documents/autonomous_driving/projects/carla-ros-bridge/install/carla_shenlan_lattice_planner/share/carla_shenlan_lattice_planner/package.dsv
[51.227s] -- Installing: /home/zhangwencheng/Documents/autonomous_driving/projects/carla-ros-bridge/install/carla_shenlan_lattice_planner/share/ament_index/resource_index/packages/carla_shenlan_lattice_planner
[51.227s] -- Installing: /home/zhangwencheng/Documents/autonomous_driving/projects/carla-ros-bridge/install/carla_shenlan_lattice_planner/share/carla_shenlan_lattice_planner/cmake/carla_shenlan_lattice_plannerConfig.cmake
[51.227s] -- Installing: /home/zhangwencheng/Documents/autonomous_driving/projects/carla-ros-bridge/install/carla_shenlan_lattice_planner/share/carla_shenlan_lattice_planner/cmake/carla_shenlan_lattice_plannerConfig-version.cmake
[51.228s] -- Installing: /home/zhangwencheng/Documents/autonomous_driving/projects/carla-ros-bridge/install/carla_shenlan_lattice_planner/share/carla_shenlan_lattice_planner/package.xml
[51.232s] Invoked command in '/home/zhangwencheng/Documents/autonomous_driving/projects/carla-ros-bridge/build/carla_shenlan_lattice_planner' returned '0': AMENT_PREFIX_PATH=/home/zhangwencheng/Documents/autonomous_driving/projects/carla-ros-bridge/install/carla_msgs:${AMENT_PREFIX_PATH} CMAKE_PREFIX_PATH=/home/zhangwencheng/Documents/autonomous_driving/projects/carla-ros-bridge/install/carla_msgs:/opt/ros/foxy CONDA_PROMPT_MODIFIER=(base) LD_LIBRARY_PATH=/home/zhangwencheng/Documents/autonomous_driving/projects/carla-ros-bridge/install/carla_msgs/lib:${LD_LIBRARY_PATH} PYTHONPATH=/home/zhangwencheng/Documents/autonomous_driving/projects/carla-ros-bridge/install/carla_msgs/lib/python3.8/site-packages:${PYTHONPATH} /usr/bin/cmake --install /home/zhangwencheng/Documents/autonomous_driving/projects/carla-ros-bridge/build/carla_shenlan_lattice_planner
