[1.796s] Invoking command in '/home/zhangwencheng/Documents/autonomous_driving/projects/carla-ros-bridge/src/ros-bridge/ros_compatibility': CONDA_PROMPT_MODIFIER=(base) PYTHONPATH=/home/zhangwencheng/Documents/autonomous_driving/projects/carla-ros-bridge/build/ros_compatibility/prefix_override:/home/zhangwencheng/Documents/autonomous_driving/projects/carla-ros-bridge/install/ros_compatibility/lib/python3.8/site-packages:${PYTHONPATH} /usr/bin/python3 setup.py egg_info --egg-base ../../../build/ros_compatibility build --build-base /home/zhangwencheng/Documents/autonomous_driving/projects/carla-ros-bridge/build/ros_compatibility/build install --record /home/zhangwencheng/Documents/autonomous_driving/projects/carla-ros-bridge/build/ros_compatibility/install.log --single-version-externally-managed
[2.065s] running egg_info
[2.066s] creating ../../../build/ros_compatibility/ros_compatibility.egg-info
[2.066s] writing ../../../build/ros_compatibility/ros_compatibility.egg-info/PKG-INFO
[2.066s] writing dependency_links to ../../../build/ros_compatibility/ros_compatibility.egg-info/dependency_links.txt
[2.066s] writing requirements to ../../../build/ros_compatibility/ros_compatibility.egg-info/requires.txt
[2.066s] writing top-level names to ../../../build/ros_compatibility/ros_compatibility.egg-info/top_level.txt
[2.068s] writing manifest file '../../../build/ros_compatibility/ros_compatibility.egg-info/SOURCES.txt'
[2.098s] reading manifest file '../../../build/ros_compatibility/ros_compatibility.egg-info/SOURCES.txt'
[2.100s] writing manifest file '../../../build/ros_compatibility/ros_compatibility.egg-info/SOURCES.txt'
[2.100s] running build
[2.100s] running build_py
[2.100s] creating /home/zhangwencheng/Documents/autonomous_driving/projects/carla-ros-bridge/build/ros_compatibility/build
[2.100s] creating /home/zhangwencheng/Documents/autonomous_driving/projects/carla-ros-bridge/build/ros_compatibility/build/lib
[2.100s] creating /home/zhangwencheng/Documents/autonomous_driving/projects/carla-ros-bridge/build/ros_compatibility/build/lib/ros_compatibility
[2.100s] copying src/ros_compatibility/callback_groups.py -> /home/zhangwencheng/Documents/autonomous_driving/projects/carla-ros-bridge/build/ros_compatibility/build/lib/ros_compatibility
[2.101s] copying src/ros_compatibility/core.py -> /home/zhangwencheng/Documents/autonomous_driving/projects/carla-ros-bridge/build/ros_compatibility/build/lib/ros_compatibility
[2.101s] copying src/ros_compatibility/exceptions.py -> /home/zhangwencheng/Documents/autonomous_driving/projects/carla-ros-bridge/build/ros_compatibility/build/lib/ros_compatibility
[2.101s] copying src/ros_compatibility/executors.py -> /home/zhangwencheng/Documents/autonomous_driving/projects/carla-ros-bridge/build/ros_compatibility/build/lib/ros_compatibility
[2.101s] copying src/ros_compatibility/logging.py -> /home/zhangwencheng/Documents/autonomous_driving/projects/carla-ros-bridge/build/ros_compatibility/build/lib/ros_compatibility
[2.101s] copying src/ros_compatibility/__init__.py -> /home/zhangwencheng/Documents/autonomous_driving/projects/carla-ros-bridge/build/ros_compatibility/build/lib/ros_compatibility
[2.101s] copying src/ros_compatibility/node.py -> /home/zhangwencheng/Documents/autonomous_driving/projects/carla-ros-bridge/build/ros_compatibility/build/lib/ros_compatibility
[2.101s] copying src/ros_compatibility/qos.py -> /home/zhangwencheng/Documents/autonomous_driving/projects/carla-ros-bridge/build/ros_compatibility/build/lib/ros_compatibility
[2.101s] running install
[2.102s] running install_lib
[2.103s] creating /home/zhangwencheng/Documents/autonomous_driving/projects/carla-ros-bridge/install/ros_compatibility/lib/python3.8/site-packages/ros_compatibility
[2.103s] copying /home/zhangwencheng/Documents/autonomous_driving/projects/carla-ros-bridge/build/ros_compatibility/build/lib/ros_compatibility/callback_groups.py -> /home/zhangwencheng/Documents/autonomous_driving/projects/carla-ros-bridge/install/ros_compatibility/lib/python3.8/site-packages/ros_compatibility
[2.103s] copying /home/zhangwencheng/Documents/autonomous_driving/projects/carla-ros-bridge/build/ros_compatibility/build/lib/ros_compatibility/core.py -> /home/zhangwencheng/Documents/autonomous_driving/projects/carla-ros-bridge/install/ros_compatibility/lib/python3.8/site-packages/ros_compatibility
[2.105s] copying /home/zhangwencheng/Documents/autonomous_driving/projects/carla-ros-bridge/build/ros_compatibility/build/lib/ros_compatibility/exceptions.py -> /home/zhangwencheng/Documents/autonomous_driving/projects/carla-ros-bridge/install/ros_compatibility/lib/python3.8/site-packages/ros_compatibility
[2.105s] copying /home/zhangwencheng/Documents/autonomous_driving/projects/carla-ros-bridge/build/ros_compatibility/build/lib/ros_compatibility/executors.py -> /home/zhangwencheng/Documents/autonomous_driving/projects/carla-ros-bridge/install/ros_compatibility/lib/python3.8/site-packages/ros_compatibility
[2.105s] copying /home/zhangwencheng/Documents/autonomous_driving/projects/carla-ros-bridge/build/ros_compatibility/build/lib/ros_compatibility/logging.py -> /home/zhangwencheng/Documents/autonomous_driving/projects/carla-ros-bridge/install/ros_compatibility/lib/python3.8/site-packages/ros_compatibility
[2.105s] copying /home/zhangwencheng/Documents/autonomous_driving/projects/carla-ros-bridge/build/ros_compatibility/build/lib/ros_compatibility/__init__.py -> /home/zhangwencheng/Documents/autonomous_driving/projects/carla-ros-bridge/install/ros_compatibility/lib/python3.8/site-packages/ros_compatibility
[2.105s] copying /home/zhangwencheng/Documents/autonomous_driving/projects/carla-ros-bridge/build/ros_compatibility/build/lib/ros_compatibility/node.py -> /home/zhangwencheng/Documents/autonomous_driving/projects/carla-ros-bridge/install/ros_compatibility/lib/python3.8/site-packages/ros_compatibility
[2.105s] copying /home/zhangwencheng/Documents/autonomous_driving/projects/carla-ros-bridge/build/ros_compatibility/build/lib/ros_compatibility/qos.py -> /home/zhangwencheng/Documents/autonomous_driving/projects/carla-ros-bridge/install/ros_compatibility/lib/python3.8/site-packages/ros_compatibility
[2.105s] byte-compiling /home/zhangwencheng/Documents/autonomous_driving/projects/carla-ros-bridge/install/ros_compatibility/lib/python3.8/site-packages/ros_compatibility/callback_groups.py to callback_groups.cpython-38.pyc
[2.105s] byte-compiling /home/zhangwencheng/Documents/autonomous_driving/projects/carla-ros-bridge/install/ros_compatibility/lib/python3.8/site-packages/ros_compatibility/core.py to core.cpython-38.pyc
[2.105s] byte-compiling /home/zhangwencheng/Documents/autonomous_driving/projects/carla-ros-bridge/install/ros_compatibility/lib/python3.8/site-packages/ros_compatibility/exceptions.py to exceptions.cpython-38.pyc
[2.106s] byte-compiling /home/zhangwencheng/Documents/autonomous_driving/projects/carla-ros-bridge/install/ros_compatibility/lib/python3.8/site-packages/ros_compatibility/executors.py to executors.cpython-38.pyc
[2.106s] byte-compiling /home/zhangwencheng/Documents/autonomous_driving/projects/carla-ros-bridge/install/ros_compatibility/lib/python3.8/site-packages/ros_compatibility/logging.py to logging.cpython-38.pyc
[2.106s] byte-compiling /home/zhangwencheng/Documents/autonomous_driving/projects/carla-ros-bridge/install/ros_compatibility/lib/python3.8/site-packages/ros_compatibility/__init__.py to __init__.cpython-38.pyc
[2.108s] byte-compiling /home/zhangwencheng/Documents/autonomous_driving/projects/carla-ros-bridge/install/ros_compatibility/lib/python3.8/site-packages/ros_compatibility/node.py to node.cpython-38.pyc
[2.109s] byte-compiling /home/zhangwencheng/Documents/autonomous_driving/projects/carla-ros-bridge/install/ros_compatibility/lib/python3.8/site-packages/ros_compatibility/qos.py to qos.cpython-38.pyc
[2.109s] running install_data
[2.109s] creating /home/zhangwencheng/Documents/autonomous_driving/projects/carla-ros-bridge/install/ros_compatibility/share/ament_index
[2.110s] creating /home/zhangwencheng/Documents/autonomous_driving/projects/carla-ros-bridge/install/ros_compatibility/share/ament_index/resource_index
[2.110s] creating /home/zhangwencheng/Documents/autonomous_driving/projects/carla-ros-bridge/install/ros_compatibility/share/ament_index/resource_index/packages
[2.110s] copying resource/ros_compatibility -> /home/zhangwencheng/Documents/autonomous_driving/projects/carla-ros-bridge/install/ros_compatibility/share/ament_index/resource_index/packages
[2.110s] copying package.xml -> /home/zhangwencheng/Documents/autonomous_driving/projects/carla-ros-bridge/install/ros_compatibility/share/ros_compatibility
[2.110s] running install_egg_info
[2.114s] Copying ../../../build/ros_compatibility/ros_compatibility.egg-info to /home/zhangwencheng/Documents/autonomous_driving/projects/carla-ros-bridge/install/ros_compatibility/lib/python3.8/site-packages/ros_compatibility-0.0.0-py3.8.egg-info
[2.114s] running install_scripts
[2.135s] writing list of installed files to '/home/zhangwencheng/Documents/autonomous_driving/projects/carla-ros-bridge/build/ros_compatibility/install.log'
[2.163s] Invoked command in '/home/zhangwencheng/Documents/autonomous_driving/projects/carla-ros-bridge/src/ros-bridge/ros_compatibility' returned '0': CONDA_PROMPT_MODIFIER=(base) PYTHONPATH=/home/zhangwencheng/Documents/autonomous_driving/projects/carla-ros-bridge/build/ros_compatibility/prefix_override:/home/zhangwencheng/Documents/autonomous_driving/projects/carla-ros-bridge/install/ros_compatibility/lib/python3.8/site-packages:${PYTHONPATH} /usr/bin/python3 setup.py egg_info --egg-base ../../../build/ros_compatibility build --build-base /home/zhangwencheng/Documents/autonomous_driving/projects/carla-ros-bridge/build/ros_compatibility/build install --record /home/zhangwencheng/Documents/autonomous_driving/projects/carla-ros-bridge/build/ros_compatibility/install.log --single-version-externally-managed
