[1.760s] Invoking command in '/home/zhangwencheng/Documents/autonomous_driving/projects/carla-ros-bridge/src/ros-bridge/rqt_carla_control': CONDA_PROMPT_MODIFIER=(base) PYTHONPATH=/home/zhangwencheng/Documents/autonomous_driving/projects/carla-ros-bridge/build/rqt_carla_control/prefix_override:/home/zhangwencheng/Documents/autonomous_driving/projects/carla-ros-bridge/install/rqt_carla_control/lib/python3.8/site-packages:${PYTHONPATH} /usr/bin/python3 setup.py egg_info --egg-base ../../../build/rqt_carla_control build --build-base /home/zhangwencheng/Documents/autonomous_driving/projects/carla-ros-bridge/build/rqt_carla_control/build install --record /home/zhangwencheng/Documents/autonomous_driving/projects/carla-ros-bridge/build/rqt_carla_control/install.log --single-version-externally-managed
[2.041s] running egg_info
[2.041s] creating ../../../build/rqt_carla_control/rqt_carla_control.egg-info
[2.042s] writing ../../../build/rqt_carla_control/rqt_carla_control.egg-info/PKG-INFO
[2.042s] writing dependency_links to ../../../build/rqt_carla_control/rqt_carla_control.egg-info/dependency_links.txt
[2.042s] writing requirements to ../../../build/rqt_carla_control/rqt_carla_control.egg-info/requires.txt
[2.042s] writing top-level names to ../../../build/rqt_carla_control/rqt_carla_control.egg-info/top_level.txt
[2.044s] writing manifest file '../../../build/rqt_carla_control/rqt_carla_control.egg-info/SOURCES.txt'
[2.090s] reading manifest file '../../../build/rqt_carla_control/rqt_carla_control.egg-info/SOURCES.txt'
[2.091s] writing manifest file '../../../build/rqt_carla_control/rqt_carla_control.egg-info/SOURCES.txt'
[2.092s] running build
[2.092s] running build_py
[2.092s] creating /home/zhangwencheng/Documents/autonomous_driving/projects/carla-ros-bridge/build/rqt_carla_control/build
[2.092s] creating /home/zhangwencheng/Documents/autonomous_driving/projects/carla-ros-bridge/build/rqt_carla_control/build/lib
[2.093s] creating /home/zhangwencheng/Documents/autonomous_driving/projects/carla-ros-bridge/build/rqt_carla_control/build/lib/rqt_carla_control
[2.093s] copying src/rqt_carla_control/__init__.py -> /home/zhangwencheng/Documents/autonomous_driving/projects/carla-ros-bridge/build/rqt_carla_control/build/lib/rqt_carla_control
[2.093s] copying src/rqt_carla_control/rqt_carla_control.py -> /home/zhangwencheng/Documents/autonomous_driving/projects/carla-ros-bridge/build/rqt_carla_control/build/lib/rqt_carla_control
[2.093s] running build_scripts
[2.093s] creating /home/zhangwencheng/Documents/autonomous_driving/projects/carla-ros-bridge/build/rqt_carla_control/build/scripts-3.8
[2.093s] copying and adjusting scripts/rqt_carla_control -> /home/zhangwencheng/Documents/autonomous_driving/projects/carla-ros-bridge/build/rqt_carla_control/build/scripts-3.8
[2.093s] changing mode of /home/zhangwencheng/Documents/autonomous_driving/projects/carla-ros-bridge/build/rqt_carla_control/build/scripts-3.8/rqt_carla_control from 664 to 775
[2.093s] running install
[2.094s] running install_lib
[2.095s] creating /home/zhangwencheng/Documents/autonomous_driving/projects/carla-ros-bridge/install/rqt_carla_control/lib/python3.8/site-packages/rqt_carla_control
[2.095s] copying /home/zhangwencheng/Documents/autonomous_driving/projects/carla-ros-bridge/build/rqt_carla_control/build/lib/rqt_carla_control/__init__.py -> /home/zhangwencheng/Documents/autonomous_driving/projects/carla-ros-bridge/install/rqt_carla_control/lib/python3.8/site-packages/rqt_carla_control
[2.095s] copying /home/zhangwencheng/Documents/autonomous_driving/projects/carla-ros-bridge/build/rqt_carla_control/build/lib/rqt_carla_control/rqt_carla_control.py -> /home/zhangwencheng/Documents/autonomous_driving/projects/carla-ros-bridge/install/rqt_carla_control/lib/python3.8/site-packages/rqt_carla_control
[2.096s] byte-compiling /home/zhangwencheng/Documents/autonomous_driving/projects/carla-ros-bridge/install/rqt_carla_control/lib/python3.8/site-packages/rqt_carla_control/__init__.py to __init__.cpython-38.pyc
[2.097s] byte-compiling /home/zhangwencheng/Documents/autonomous_driving/projects/carla-ros-bridge/install/rqt_carla_control/lib/python3.8/site-packages/rqt_carla_control/rqt_carla_control.py to rqt_carla_control.cpython-38.pyc
[2.098s] running install_data
[2.099s] creating /home/zhangwencheng/Documents/autonomous_driving/projects/carla-ros-bridge/install/rqt_carla_control/share/ament_index
[2.099s] creating /home/zhangwencheng/Documents/autonomous_driving/projects/carla-ros-bridge/install/rqt_carla_control/share/ament_index/resource_index
[2.099s] creating /home/zhangwencheng/Documents/autonomous_driving/projects/carla-ros-bridge/install/rqt_carla_control/share/ament_index/resource_index/packages
[2.099s] copying resource/rqt_carla_control -> /home/zhangwencheng/Documents/autonomous_driving/projects/carla-ros-bridge/install/rqt_carla_control/share/ament_index/resource_index/packages
[2.099s] copying package.xml -> /home/zhangwencheng/Documents/autonomous_driving/projects/carla-ros-bridge/install/rqt_carla_control/share/rqt_carla_control
[2.099s] copying plugin.xml -> /home/zhangwencheng/Documents/autonomous_driving/projects/carla-ros-bridge/install/rqt_carla_control/share/rqt_carla_control
[2.099s] creating /home/zhangwencheng/Documents/autonomous_driving/projects/carla-ros-bridge/install/rqt_carla_control/share/rqt_carla_control/resource
[2.099s] copying resource/CarlaControl.ui -> /home/zhangwencheng/Documents/autonomous_driving/projects/carla-ros-bridge/install/rqt_carla_control/share/rqt_carla_control/resource
[2.099s] copying resource/pause.png -> /home/zhangwencheng/Documents/autonomous_driving/projects/carla-ros-bridge/install/rqt_carla_control/share/rqt_carla_control/resource
[2.099s] copying resource/play.png -> /home/zhangwencheng/Documents/autonomous_driving/projects/carla-ros-bridge/install/rqt_carla_control/share/rqt_carla_control/resource
[2.100s] copying resource/step_once.png -> /home/zhangwencheng/Documents/autonomous_driving/projects/carla-ros-bridge/install/rqt_carla_control/share/rqt_carla_control/resource
[2.100s] creating /home/zhangwencheng/Documents/autonomous_driving/projects/carla-ros-bridge/install/rqt_carla_control/lib/rqt_carla_control
[2.100s] copying scripts/rqt_carla_control -> /home/zhangwencheng/Documents/autonomous_driving/projects/carla-ros-bridge/install/rqt_carla_control/lib/rqt_carla_control
[2.100s] running install_egg_info
[2.102s] Copying ../../../build/rqt_carla_control/rqt_carla_control.egg-info to /home/zhangwencheng/Documents/autonomous_driving/projects/carla-ros-bridge/install/rqt_carla_control/lib/python3.8/site-packages/rqt_carla_control-0.0.0-py3.8.egg-info
[2.103s] running install_scripts
[2.123s] copying /home/zhangwencheng/Documents/autonomous_driving/projects/carla-ros-bridge/build/rqt_carla_control/build/scripts-3.8/rqt_carla_control -> /home/zhangwencheng/Documents/autonomous_driving/projects/carla-ros-bridge/install/rqt_carla_control/lib/rqt_carla_control
[2.123s] changing mode of /home/zhangwencheng/Documents/autonomous_driving/projects/carla-ros-bridge/install/rqt_carla_control/lib/rqt_carla_control/rqt_carla_control to 775
[2.125s] writing list of installed files to '/home/zhangwencheng/Documents/autonomous_driving/projects/carla-ros-bridge/build/rqt_carla_control/install.log'
[2.170s] Invoked command in '/home/zhangwencheng/Documents/autonomous_driving/projects/carla-ros-bridge/src/ros-bridge/rqt_carla_control' returned '0': CONDA_PROMPT_MODIFIER=(base) PYTHONPATH=/home/zhangwencheng/Documents/autonomous_driving/projects/carla-ros-bridge/build/rqt_carla_control/prefix_override:/home/zhangwencheng/Documents/autonomous_driving/projects/carla-ros-bridge/install/rqt_carla_control/lib/python3.8/site-packages:${PYTHONPATH} /usr/bin/python3 setup.py egg_info --egg-base ../../../build/rqt_carla_control build --build-base /home/zhangwencheng/Documents/autonomous_driving/projects/carla-ros-bridge/build/rqt_carla_control/build install --record /home/zhangwencheng/Documents/autonomous_driving/projects/carla-ros-bridge/build/rqt_carla_control/install.log --single-version-externally-managed
