running egg_info
creating ../../../build/carla_common/carla_common.egg-info
writing ../../../build/carla_common/carla_common.egg-info/PKG-INFO
writing dependency_links to ../../../build/carla_common/carla_common.egg-info/dependency_links.txt
writing requirements to ../../../build/carla_common/carla_common.egg-info/requires.txt
writing top-level names to ../../../build/carla_common/carla_common.egg-info/top_level.txt
writing manifest file '../../../build/carla_common/carla_common.egg-info/SOURCES.txt'
reading manifest file '../../../build/carla_common/carla_common.egg-info/SOURCES.txt'
writing manifest file '../../../build/carla_common/carla_common.egg-info/SOURCES.txt'
running build
running build_py
creating /home/zhangwencheng/Documents/autonomous_driving/projects/carla-ros-bridge/build/carla_common/build
creating /home/zhangwencheng/Documents/autonomous_driving/projects/carla-ros-bridge/build/carla_common/build/lib
creating /home/zhangwencheng/Documents/autonomous_driving/projects/carla-ros-bridge/build/carla_common/build/lib/carla_common
copying src/carla_common/transforms.py -> /home/zhangwencheng/Documents/autonomous_driving/projects/carla-ros-bridge/build/carla_common/build/lib/carla_common
copying src/carla_common/__init__.py -> /home/zhangwencheng/Documents/autonomous_driving/projects/carla-ros-bridge/build/carla_common/build/lib/carla_common
running install
running install_lib
creating /home/zhangwencheng/Documents/autonomous_driving/projects/carla-ros-bridge/install/carla_common/lib/python3.8/site-packages/carla_common
copying /home/zhangwencheng/Documents/autonomous_driving/projects/carla-ros-bridge/build/carla_common/build/lib/carla_common/transforms.py -> /home/zhangwencheng/Documents/autonomous_driving/projects/carla-ros-bridge/install/carla_common/lib/python3.8/site-packages/carla_common
copying /home/zhangwencheng/Documents/autonomous_driving/projects/carla-ros-bridge/build/carla_common/build/lib/carla_common/__init__.py -> /home/zhangwencheng/Documents/autonomous_driving/projects/carla-ros-bridge/install/carla_common/lib/python3.8/site-packages/carla_common
byte-compiling /home/zhangwencheng/Documents/autonomous_driving/projects/carla-ros-bridge/install/carla_common/lib/python3.8/site-packages/carla_common/transforms.py to transforms.cpython-38.pyc
byte-compiling /home/zhangwencheng/Documents/autonomous_driving/projects/carla-ros-bridge/install/carla_common/lib/python3.8/site-packages/carla_common/__init__.py to __init__.cpython-38.pyc
running install_data
creating /home/zhangwencheng/Documents/autonomous_driving/projects/carla-ros-bridge/install/carla_common/share/ament_index
creating /home/zhangwencheng/Documents/autonomous_driving/projects/carla-ros-bridge/install/carla_common/share/ament_index/resource_index
creating /home/zhangwencheng/Documents/autonomous_driving/projects/carla-ros-bridge/install/carla_common/share/ament_index/resource_index/packages
copying resource/carla_common -> /home/zhangwencheng/Documents/autonomous_driving/projects/carla-ros-bridge/install/carla_common/share/ament_index/resource_index/packages
copying package.xml -> /home/zhangwencheng/Documents/autonomous_driving/projects/carla-ros-bridge/install/carla_common/share/carla_common
running install_egg_info
Copying ../../../build/carla_common/carla_common.egg-info to /home/zhangwencheng/Documents/autonomous_driving/projects/carla-ros-bridge/install/carla_common/lib/python3.8/site-packages/carla_common-0.0.0-py3.8.egg-info
running install_scripts
writing list of installed files to '/home/zhangwencheng/Documents/autonomous_driving/projects/carla-ros-bridge/build/carla_common/install.log'
