[1.807s] Invoking command in '/home/zhangwencheng/Documents/autonomous_driving/projects/carla-ros-bridge/src/ros-bridge/carla_common': CONDA_PROMPT_MODIFIER=(base) PYTHONPATH=/home/zhangwencheng/Documents/autonomous_driving/projects/carla-ros-bridge/build/carla_common/prefix_override:/home/zhangwencheng/Documents/autonomous_driving/projects/carla-ros-bridge/install/carla_common/lib/python3.8/site-packages:${PYTHONPATH} /usr/bin/python3 setup.py egg_info --egg-base ../../../build/carla_common build --build-base /home/zhangwencheng/Documents/autonomous_driving/projects/carla-ros-bridge/build/carla_common/build install --record /home/zhangwencheng/Documents/autonomous_driving/projects/carla-ros-bridge/build/carla_common/install.log --single-version-externally-managed
[2.075s] running egg_info
[2.075s] creating ../../../build/carla_common/carla_common.egg-info
[2.075s] writing ../../../build/carla_common/carla_common.egg-info/PKG-INFO
[2.075s] writing dependency_links to ../../../build/carla_common/carla_common.egg-info/dependency_links.txt
[2.076s] writing requirements to ../../../build/carla_common/carla_common.egg-info/requires.txt
[2.076s] writing top-level names to ../../../build/carla_common/carla_common.egg-info/top_level.txt
[2.078s] writing manifest file '../../../build/carla_common/carla_common.egg-info/SOURCES.txt'
[2.124s] reading manifest file '../../../build/carla_common/carla_common.egg-info/SOURCES.txt'
[2.126s] writing manifest file '../../../build/carla_common/carla_common.egg-info/SOURCES.txt'
[2.127s] running build
[2.127s] running build_py
[2.127s] creating /home/zhangwencheng/Documents/autonomous_driving/projects/carla-ros-bridge/build/carla_common/build
[2.127s] creating /home/zhangwencheng/Documents/autonomous_driving/projects/carla-ros-bridge/build/carla_common/build/lib
[2.127s] creating /home/zhangwencheng/Documents/autonomous_driving/projects/carla-ros-bridge/build/carla_common/build/lib/carla_common
[2.127s] copying src/carla_common/transforms.py -> /home/zhangwencheng/Documents/autonomous_driving/projects/carla-ros-bridge/build/carla_common/build/lib/carla_common
[2.127s] copying src/carla_common/__init__.py -> /home/zhangwencheng/Documents/autonomous_driving/projects/carla-ros-bridge/build/carla_common/build/lib/carla_common
[2.127s] running install
[2.128s] running install_lib
[2.130s] creating /home/zhangwencheng/Documents/autonomous_driving/projects/carla-ros-bridge/install/carla_common/lib/python3.8/site-packages/carla_common
[2.130s] copying /home/zhangwencheng/Documents/autonomous_driving/projects/carla-ros-bridge/build/carla_common/build/lib/carla_common/transforms.py -> /home/zhangwencheng/Documents/autonomous_driving/projects/carla-ros-bridge/install/carla_common/lib/python3.8/site-packages/carla_common
[2.130s] copying /home/zhangwencheng/Documents/autonomous_driving/projects/carla-ros-bridge/build/carla_common/build/lib/carla_common/__init__.py -> /home/zhangwencheng/Documents/autonomous_driving/projects/carla-ros-bridge/install/carla_common/lib/python3.8/site-packages/carla_common
[2.131s] byte-compiling /home/zhangwencheng/Documents/autonomous_driving/projects/carla-ros-bridge/install/carla_common/lib/python3.8/site-packages/carla_common/transforms.py to transforms.cpython-38.pyc
[2.134s] byte-compiling /home/zhangwencheng/Documents/autonomous_driving/projects/carla-ros-bridge/install/carla_common/lib/python3.8/site-packages/carla_common/__init__.py to __init__.cpython-38.pyc
[2.134s] running install_data
[2.135s] creating /home/zhangwencheng/Documents/autonomous_driving/projects/carla-ros-bridge/install/carla_common/share/ament_index
[2.135s] creating /home/zhangwencheng/Documents/autonomous_driving/projects/carla-ros-bridge/install/carla_common/share/ament_index/resource_index
[2.135s] creating /home/zhangwencheng/Documents/autonomous_driving/projects/carla-ros-bridge/install/carla_common/share/ament_index/resource_index/packages
[2.135s] copying resource/carla_common -> /home/zhangwencheng/Documents/autonomous_driving/projects/carla-ros-bridge/install/carla_common/share/ament_index/resource_index/packages
[2.135s] copying package.xml -> /home/zhangwencheng/Documents/autonomous_driving/projects/carla-ros-bridge/install/carla_common/share/carla_common
[2.135s] running install_egg_info
[2.136s] Copying ../../../build/carla_common/carla_common.egg-info to /home/zhangwencheng/Documents/autonomous_driving/projects/carla-ros-bridge/install/carla_common/lib/python3.8/site-packages/carla_common-0.0.0-py3.8.egg-info
[2.137s] running install_scripts
[2.156s] writing list of installed files to '/home/zhangwencheng/Documents/autonomous_driving/projects/carla-ros-bridge/build/carla_common/install.log'
[2.186s] Invoked command in '/home/zhangwencheng/Documents/autonomous_driving/projects/carla-ros-bridge/src/ros-bridge/carla_common' returned '0': CONDA_PROMPT_MODIFIER=(base) PYTHONPATH=/home/zhangwencheng/Documents/autonomous_driving/projects/carla-ros-bridge/build/carla_common/prefix_override:/home/zhangwencheng/Documents/autonomous_driving/projects/carla-ros-bridge/install/carla_common/lib/python3.8/site-packages:${PYTHONPATH} /usr/bin/python3 setup.py egg_info --egg-base ../../../build/carla_common build --build-base /home/zhangwencheng/Documents/autonomous_driving/projects/carla-ros-bridge/build/carla_common/build install --record /home/zhangwencheng/Documents/autonomous_driving/projects/carla-ros-bridge/build/carla_common/install.log --single-version-externally-managed
